
 Performance counter stats for './mandelbrot_omp 0.175 0.375 -0.1 0.1 16 1' (5 runs):

              3,68 msec task-clock                #    0,800 CPUs utilized            ( +-  1,29% )
                 1      context-switches          #    0,163 K/sec                    ( +- 40,82% )
                 0      cpu-migrations            #    0,000 K/sec                  
                78      page-faults               #    0,021 M/sec                    ( +-  0,26% )
   <not supported>      cycles                                                      
   <not supported>      instructions                                                
   <not supported>      branches                                                    
   <not supported>      branch-misses                                               

         0,0046002 +- 0,0000946 seconds time elapsed  ( +-  2,06% )


 Performance counter stats for './mandelbrot_omp 0.175 0.375 -0.1 0.1 32 1' (5 runs):

              7,64 msec task-clock                #    0,902 CPUs utilized            ( +-  1,63% )
                 0      context-switches          #    0,052 K/sec                    ( +- 61,24% )
                 0      cpu-migrations            #    0,000 K/sec                  
                84      page-faults               #    0,011 M/sec                    ( +-  0,79% )
   <not supported>      cycles                                                      
   <not supported>      instructions                                                
   <not supported>      branches                                                    
   <not supported>      branch-misses                                               

          0,008471 +- 0,000153 seconds time elapsed  ( +-  1,81% )


 Performance counter stats for './mandelbrot_omp 0.175 0.375 -0.1 0.1 64 1' (5 runs):

             21,09 msec task-clock                #    0,960 CPUs utilized            ( +-  1,89% )
                 5      context-switches          #    0,218 K/sec                    ( +- 14,74% )
                 0      cpu-migrations            #    0,000 K/sec                  
               115      page-faults               #    0,005 M/sec                    ( +-  0,80% )
   <not supported>      cycles                                                      
   <not supported>      instructions                                                
   <not supported>      branches                                                    
   <not supported>      branch-misses                                               

          0,021977 +- 0,000403 seconds time elapsed  ( +-  1,84% )


 Performance counter stats for './mandelbrot_omp 0.175 0.375 -0.1 0.1 128 1' (5 runs):

             75,47 msec task-clock                #    0,987 CPUs utilized            ( +-  1,75% )
                 8      context-switches          #    0,103 K/sec                    ( +- 22,72% )
                 0      cpu-migrations            #    0,000 K/sec                  
               233      page-faults               #    0,003 M/sec                    ( +-  0,24% )
   <not supported>      cycles                                                      
   <not supported>      instructions                                                
   <not supported>      branches                                                    
   <not supported>      branch-misses                                               

           0,07649 +- 0,00133 seconds time elapsed  ( +-  1,74% )


 Performance counter stats for './mandelbrot_omp 0.175 0.375 -0.1 0.1 256 1' (5 runs):

            283,55 msec task-clock                #    0,990 CPUs utilized            ( +-  0,58% )
                15      context-switches          #    0,054 K/sec                    ( +- 20,80% )
                 0      cpu-migrations            #    0,001 K/sec                    ( +-100,00% )
               715      page-faults               #    0,003 M/sec                    ( +-  0,11% )
   <not supported>      cycles                                                      
   <not supported>      instructions                                                
   <not supported>      branches                                                    
   <not supported>      branch-misses                                               

           0,28631 +- 0,00210 seconds time elapsed  ( +-  0,73% )


 Performance counter stats for './mandelbrot_omp 0.175 0.375 -0.1 0.1 512 1' (5 runs):

          1.105,35 msec task-clock                #    0,994 CPUs utilized            ( +-  0,77% )
                53      context-switches          #    0,048 K/sec                    ( +- 17,65% )
                 1      cpu-migrations            #    0,001 K/sec                    ( +- 46,77% )
             2.635      page-faults               #    0,002 M/sec                    ( +-  0,02% )
   <not supported>      cycles                                                      
   <not supported>      instructions                                                
   <not supported>      branches                                                    
   <not supported>      branch-misses                                               

           1,11163 +- 0,00834 seconds time elapsed  ( +-  0,75% )


 Performance counter stats for './mandelbrot_omp 0.175 0.375 -0.1 0.1 1024 1' (5 runs):

          4.375,07 msec task-clock                #    0,998 CPUs utilized            ( +-  1,20% )
                83      context-switches          #    0,019 K/sec                    ( +- 38,74% )
                 0      cpu-migrations            #    0,000 K/sec                    ( +- 61,24% )
            10.314      page-faults               #    0,002 M/sec                    ( +-  0,00% )
   <not supported>      cycles                                                      
   <not supported>      instructions                                                
   <not supported>      branches                                                    
   <not supported>      branch-misses                                               

            4,3820 +- 0,0535 seconds time elapsed  ( +-  1,22% )

