
 Performance counter stats for './mandelbrot_omp 0.175 0.375 -0.1 0.1 16 4' (5 runs):

              5,15 msec task-clock                #    0,950 CPUs utilized            ( +-  1,00% )
                 9      context-switches          #    0,002 M/sec                    ( +-  2,17% )
                 2      cpu-migrations            #    0,311 K/sec                    ( +- 25,00% )
                83      page-faults               #    0,016 M/sec                    ( +-  0,81% )
   <not supported>      cycles                                                      
   <not supported>      instructions                                                
   <not supported>      branches                                                    
   <not supported>      branch-misses                                               

          0,005419 +- 0,000103 seconds time elapsed  ( +-  1,90% )


 Performance counter stats for './mandelbrot_omp 0.175 0.375 -0.1 0.1 32 4' (5 runs):

              9,54 msec task-clock                #    1,253 CPUs utilized            ( +-  1,17% )
                12      context-switches          #    0,001 M/sec                    ( +-  5,85% )
                 2      cpu-migrations            #    0,189 K/sec                    ( +- 36,85% )
                90      page-faults               #    0,009 M/sec                    ( +-  0,42% )
   <not supported>      cycles                                                      
   <not supported>      instructions                                                
   <not supported>      branches                                                    
   <not supported>      branch-misses                                               

         0,0076126 +- 0,0000905 seconds time elapsed  ( +-  1,19% )


 Performance counter stats for './mandelbrot_omp 0.175 0.375 -0.1 0.1 64 4' (5 runs):

             27,91 msec task-clock                #    1,462 CPUs utilized            ( +-  4,46% )
                13      context-switches          #    0,466 K/sec                    ( +-  6,88% )
                 2      cpu-migrations            #    0,072 K/sec                    ( +- 15,81% )
               120      page-faults               #    0,004 M/sec                    ( +-  0,26% )
   <not supported>      cycles                                                      
   <not supported>      instructions                                                
   <not supported>      branches                                                    
   <not supported>      branch-misses                                               

          0,019093 +- 0,000804 seconds time elapsed  ( +-  4,21% )


 Performance counter stats for './mandelbrot_omp 0.175 0.375 -0.1 0.1 128 4' (5 runs):

             98,28 msec task-clock                #    1,614 CPUs utilized            ( +-  2,07% )
                23      context-switches          #    0,236 K/sec                    ( +-  3,71% )
                 3      cpu-migrations            #    0,035 K/sec                    ( +- 17,65% )
               240      page-faults               #    0,002 M/sec                    ( +-  0,10% )
   <not supported>      cycles                                                      
   <not supported>      instructions                                                
   <not supported>      branches                                                    
   <not supported>      branch-misses                                               

           0,06091 +- 0,00155 seconds time elapsed  ( +-  2,54% )


 Performance counter stats for './mandelbrot_omp 0.175 0.375 -0.1 0.1 256 4' (5 runs):

            385,75 msec task-clock                #    1,767 CPUs utilized            ( +-  1,02% )
                54      context-switches          #    0,139 K/sec                    ( +-  6,31% )
                 4      cpu-migrations            #    0,009 K/sec                    ( +- 16,67% )
               722      page-faults               #    0,002 M/sec                    ( +-  0,06% )
   <not supported>      cycles                                                      
   <not supported>      instructions                                                
   <not supported>      branches                                                    
   <not supported>      branch-misses                                               

           0,21835 +- 0,00376 seconds time elapsed  ( +-  1,72% )


 Performance counter stats for './mandelbrot_omp 0.175 0.375 -0.1 0.1 512 4' (5 runs):

          1.328,00 msec task-clock                #    1,791 CPUs utilized            ( +-  1,63% )
               181      context-switches          #    0,136 K/sec                    ( +-  2,35% )
                 3      cpu-migrations            #    0,002 K/sec                    ( +- 15,38% )
             2.641      page-faults               #    0,002 M/sec                    ( +-  0,01% )
   <not supported>      cycles                                                      
   <not supported>      instructions                                                
   <not supported>      branches                                                    
   <not supported>      branch-misses                                               

            0,7415 +- 0,0128 seconds time elapsed  ( +-  1,72% )


 Performance counter stats for './mandelbrot_omp 0.175 0.375 -0.1 0.1 1024 4' (5 runs):

          5.212,21 msec task-clock                #    1,822 CPUs utilized            ( +-  0,81% )
               608      context-switches          #    0,117 K/sec                    ( +-  1,26% )
                 3      cpu-migrations            #    0,001 K/sec                    ( +- 23,69% )
            10.323      page-faults               #    0,002 M/sec                    ( +-  0,01% )
   <not supported>      cycles                                                      
   <not supported>      instructions                                                
   <not supported>      branches                                                    
   <not supported>      branch-misses                                               

            2,8606 +- 0,0247 seconds time elapsed  ( +-  0,86% )

