
 Performance counter stats for './mandelbrot_omp -2.5 1.5 -2.0 2.0 16 1' (5 runs):

              3,00 msec task-clock                #    0,784 CPUs utilized            ( +- 10,06% )
                 0      context-switches          #    0,133 K/sec                    ( +- 61,24% )
                 0      cpu-migrations            #    0,000 K/sec                  
                76      page-faults               #    0,025 M/sec                    ( +-  0,42% )
   <not supported>      cycles                                                      
   <not supported>      instructions                                                
   <not supported>      branches                                                    
   <not supported>      branch-misses                                               

          0,003826 +- 0,000311 seconds time elapsed  ( +-  8,13% )


 Performance counter stats for './mandelbrot_omp -2.5 1.5 -2.0 2.0 32 1' (5 runs):

              3,41 msec task-clock                #    0,819 CPUs utilized            ( +-  2,14% )
                 1      context-switches          #    0,176 K/sec                    ( +- 40,82% )
                 0      cpu-migrations            #    0,000 K/sec                  
                83      page-faults               #    0,024 M/sec                    ( +-  0,45% )
   <not supported>      cycles                                                      
   <not supported>      instructions                                                
   <not supported>      branches                                                    
   <not supported>      branch-misses                                               

         0,0041671 +- 0,0000855 seconds time elapsed  ( +-  2,05% )


 Performance counter stats for './mandelbrot_omp -2.5 1.5 -2.0 2.0 64 1' (5 runs):

              6,83 msec task-clock                #    0,879 CPUs utilized            ( +-  0,89% )
                 0      context-switches          #    0,029 K/sec                    ( +-100,00% )
                 0      cpu-migrations            #    0,000 K/sec                  
               115      page-faults               #    0,017 M/sec                    ( +-  0,64% )
   <not supported>      cycles                                                      
   <not supported>      instructions                                                
   <not supported>      branches                                                    
   <not supported>      branch-misses                                               

          0,007767 +- 0,000107 seconds time elapsed  ( +-  1,38% )


 Performance counter stats for './mandelbrot_omp -2.5 1.5 -2.0 2.0 128 1' (5 runs):

             19,97 msec task-clock                #    0,957 CPUs utilized            ( +-  1,13% )
                 2      context-switches          #    0,110 K/sec                    ( +- 33,40% )
                 0      cpu-migrations            #    0,000 K/sec                  
               235      page-faults               #    0,012 M/sec                    ( +-  0,41% )
   <not supported>      cycles                                                      
   <not supported>      instructions                                                
   <not supported>      branches                                                    
   <not supported>      branch-misses                                               

          0,020871 +- 0,000224 seconds time elapsed  ( +-  1,07% )


 Performance counter stats for './mandelbrot_omp -2.5 1.5 -2.0 2.0 256 1' (5 runs):

             66,09 msec task-clock                #    0,986 CPUs utilized            ( +-  1,91% )
                 7      context-switches          #    0,106 K/sec                    ( +- 16,29% )
                 0      cpu-migrations            #    0,000 K/sec                  
               715      page-faults               #    0,011 M/sec                    ( +-  0,07% )
   <not supported>      cycles                                                      
   <not supported>      instructions                                                
   <not supported>      branches                                                    
   <not supported>      branch-misses                                               

           0,06703 +- 0,00128 seconds time elapsed  ( +-  1,91% )


 Performance counter stats for './mandelbrot_omp -2.5 1.5 -2.0 2.0 512 1' (5 runs):

            257,70 msec task-clock                #    0,995 CPUs utilized            ( +-  0,85% )
                15      context-switches          #    0,059 K/sec                    ( +- 17,46% )
                 0      cpu-migrations            #    0,000 K/sec                  
             2.635      page-faults               #    0,010 M/sec                    ( +-  0,02% )
   <not supported>      cycles                                                      
   <not supported>      instructions                                                
   <not supported>      branches                                                    
   <not supported>      branch-misses                                               

           0,25910 +- 0,00212 seconds time elapsed  ( +-  0,82% )


 Performance counter stats for './mandelbrot_omp -2.5 1.5 -2.0 2.0 1024 1' (5 runs):

          1.025,08 msec task-clock                #    0,989 CPUs utilized            ( +-  1,45% )
                27      context-switches          #    0,026 K/sec                    ( +- 18,99% )
                 1      cpu-migrations            #    0,001 K/sec                    ( +- 25,00% )
            10.315      page-faults               #    0,010 M/sec                    ( +-  0,01% )
   <not supported>      cycles                                                      
   <not supported>      instructions                                                
   <not supported>      branches                                                    
   <not supported>      branch-misses                                               

            1,0367 +- 0,0164 seconds time elapsed  ( +-  1,58% )

