
 Performance counter stats for './mandelbrot_omp -2.5 1.5 -2.0 2.0 16 4' (5 runs):

              4,40 msec task-clock                #    0,857 CPUs utilized            ( +- 10,57% )
                 9      context-switches          #    0,002 M/sec                    ( +-  6,38% )
                 2      cpu-migrations            #    0,409 K/sec                    ( +- 20,79% )
                83      page-faults               #    0,019 M/sec                    ( +-  0,30% )
   <not supported>      cycles                                                      
   <not supported>      instructions                                                
   <not supported>      branches                                                    
   <not supported>      branch-misses                                               

          0,005136 +- 0,000477 seconds time elapsed  ( +-  9,29% )


 Performance counter stats for './mandelbrot_omp -2.5 1.5 -2.0 2.0 32 4' (5 runs):

              5,44 msec task-clock                #    0,836 CPUs utilized            ( +-  3,31% )
                12      context-switches          #    0,002 M/sec                    ( +-  9,13% )
                 3      cpu-migrations            #    0,478 K/sec                    ( +- 15,38% )
                93      page-faults               #    0,017 M/sec                    ( +-  0,81% )
   <not supported>      cycles                                                      
   <not supported>      instructions                                                
   <not supported>      branches                                                    
   <not supported>      branch-misses                                               

          0,006509 +- 0,000667 seconds time elapsed  ( +- 10,24% )


 Performance counter stats for './mandelbrot_omp -2.5 1.5 -2.0 2.0 64 4' (5 runs):

             11,55 msec task-clock                #    0,935 CPUs utilized            ( +-  7,60% )
                11      context-switches          #    0,970 K/sec                    ( +-  6,56% )
                 2      cpu-migrations            #    0,156 K/sec                    ( +- 11,11% )
               121      page-faults               #    0,010 M/sec                    ( +-  0,26% )
   <not supported>      cycles                                                      
   <not supported>      instructions                                                
   <not supported>      branches                                                    
   <not supported>      branch-misses                                               

           0,01235 +- 0,00100 seconds time elapsed  ( +-  8,11% )


 Performance counter stats for './mandelbrot_omp -2.5 1.5 -2.0 2.0 128 4' (5 runs):

             25,29 msec task-clock                #    1,268 CPUs utilized            ( +-  3,25% )
                16      context-switches          #    0,633 K/sec                    ( +-  3,42% )
                 4      cpu-migrations            #    0,174 K/sec                    ( +-  9,09% )
               242      page-faults               #    0,010 M/sec                    ( +-  0,43% )
   <not supported>      cycles                                                      
   <not supported>      instructions                                                
   <not supported>      branches                                                    
   <not supported>      branch-misses                                               

          0,019936 +- 0,000681 seconds time elapsed  ( +-  3,41% )


 Performance counter stats for './mandelbrot_omp -2.5 1.5 -2.0 2.0 256 4' (5 runs):

            102,33 msec task-clock                #    1,381 CPUs utilized            ( +-  4,73% )
                22      context-switches          #    0,213 K/sec                    ( +-  5,31% )
                 6      cpu-migrations            #    0,061 K/sec                    ( +-  7,90% )
               722      page-faults               #    0,007 M/sec                    ( +-  0,07% )
   <not supported>      cycles                                                      
   <not supported>      instructions                                                
   <not supported>      branches                                                    
   <not supported>      branch-misses                                               

           0,07409 +- 0,00256 seconds time elapsed  ( +-  3,46% )


 Performance counter stats for './mandelbrot_omp -2.5 1.5 -2.0 2.0 512 4' (5 runs):

            335,06 msec task-clock                #    1,438 CPUs utilized            ( +-  3,34% )
                27      context-switches          #    0,080 K/sec                    ( +-  8,29% )
                 4      cpu-migrations            #    0,013 K/sec                    ( +-  8,91% )
             2.641      page-faults               #    0,008 M/sec                    ( +-  0,02% )
   <not supported>      cycles                                                      
   <not supported>      instructions                                                
   <not supported>      branches                                                    
   <not supported>      branch-misses                                               

           0,23300 +- 0,00708 seconds time elapsed  ( +-  3,04% )


 Performance counter stats for './mandelbrot_omp -2.5 1.5 -2.0 2.0 1024 4' (5 runs):

          1.183,23 msec task-clock                #    1,454 CPUs utilized            ( +-  0,90% )
                64      context-switches          #    0,054 K/sec                    ( +-  4,30% )
                 4      cpu-migrations            #    0,003 K/sec                    ( +- 12,89% )
            10.321      page-faults               #    0,009 M/sec                    ( +-  0,00% )
   <not supported>      cycles                                                      
   <not supported>      instructions                                                
   <not supported>      branches                                                    
   <not supported>      branch-misses                                               

           0,81371 +- 0,00853 seconds time elapsed  ( +-  1,05% )

