
 Performance counter stats for './mandelbrot_omp -2.5 1.5 -2.0 2.0 16 16' (5 runs):

              7,98 msec task-clock                #    1,024 CPUs utilized            ( +- 12,74% )
                57      context-switches          #    0,007 M/sec                    ( +-  0,96% )
                17      cpu-migrations            #    0,002 M/sec                    ( +- 21,26% )
               112      page-faults               #    0,014 M/sec                    ( +-  0,83% )
   <not supported>      cycles                                                      
   <not supported>      instructions                                                
   <not supported>      branches                                                    
   <not supported>      branch-misses                                               

          0,007794 +- 0,000943 seconds time elapsed  ( +- 12,10% )


 Performance counter stats for './mandelbrot_omp -2.5 1.5 -2.0 2.0 32 16' (5 runs):

              8,71 msec task-clock                #    1,041 CPUs utilized            ( +-  2,84% )
                59      context-switches          #    0,007 M/sec                    ( +-  0,99% )
                15      cpu-migrations            #    0,002 M/sec                    ( +- 15,85% )
               115      page-faults               #    0,013 M/sec                    ( +-  0,43% )
   <not supported>      cycles                                                      
   <not supported>      instructions                                                
   <not supported>      branches                                                    
   <not supported>      branch-misses                                               

          0,008372 +- 0,000300 seconds time elapsed  ( +-  3,59% )


 Performance counter stats for './mandelbrot_omp -2.5 1.5 -2.0 2.0 64 16' (5 runs):

             14,04 msec task-clock                #    1,151 CPUs utilized            ( +-  9,32% )
                58      context-switches          #    0,004 M/sec                    ( +-  0,42% )
                19      cpu-migrations            #    0,001 M/sec                    ( +-  3,53% )
               147      page-faults               #    0,010 M/sec                    ( +-  0,46% )
   <not supported>      cycles                                                      
   <not supported>      instructions                                                
   <not supported>      branches                                                    
   <not supported>      branch-misses                                               

           0,01221 +- 0,00115 seconds time elapsed  ( +-  9,46% )


 Performance counter stats for './mandelbrot_omp -2.5 1.5 -2.0 2.0 128 16' (5 runs):

             23,61 msec task-clock                #    1,286 CPUs utilized            ( +-  0,81% )
                62      context-switches          #    0,003 M/sec                    ( +-  1,64% )
                20      cpu-migrations            #    0,855 K/sec                    ( +-  6,34% )
               265      page-faults               #    0,011 M/sec                    ( +-  0,33% )
   <not supported>      cycles                                                      
   <not supported>      instructions                                                
   <not supported>      branches                                                    
   <not supported>      branch-misses                                               

          0,018358 +- 0,000238 seconds time elapsed  ( +-  1,30% )


 Performance counter stats for './mandelbrot_omp -2.5 1.5 -2.0 2.0 256 16' (5 runs):

             85,39 msec task-clock                #    1,367 CPUs utilized            ( +-  3,64% )
                73      context-switches          #    0,850 K/sec                    ( +-  2,12% )
                20      cpu-migrations            #    0,239 K/sec                    ( +-  7,53% )
               747      page-faults               #    0,009 M/sec                    ( +-  0,14% )
   <not supported>      cycles                                                      
   <not supported>      instructions                                                
   <not supported>      branches                                                    
   <not supported>      branch-misses                                               

           0,06247 +- 0,00309 seconds time elapsed  ( +-  4,94% )


 Performance counter stats for './mandelbrot_omp -2.5 1.5 -2.0 2.0 512 16' (5 runs):

            323,95 msec task-clock                #    1,428 CPUs utilized            ( +-  1,95% )
                91      context-switches          #    0,280 K/sec                    ( +-  1,42% )
                21      cpu-migrations            #    0,064 K/sec                    ( +- 16,54% )
             2.667      page-faults               #    0,008 M/sec                    ( +-  0,01% )
   <not supported>      cycles                                                      
   <not supported>      instructions                                                
   <not supported>      branches                                                    
   <not supported>      branch-misses                                               

           0,22692 +- 0,00368 seconds time elapsed  ( +-  1,62% )


 Performance counter stats for './mandelbrot_omp -2.5 1.5 -2.0 2.0 1024 16' (5 runs):

          1.182,29 msec task-clock                #    1,459 CPUs utilized            ( +-  2,08% )
               185      context-switches          #    0,157 K/sec                    ( +-  2,55% )
                20      cpu-migrations            #    0,017 K/sec                    ( +- 12,92% )
            10.346      page-faults               #    0,009 M/sec                    ( +-  0,00% )
   <not supported>      cycles                                                      
   <not supported>      instructions                                                
   <not supported>      branches                                                    
   <not supported>      branch-misses                                               

            0,8102 +- 0,0179 seconds time elapsed  ( +-  2,21% )

