
 Performance counter stats for './mandelbrot_omp -2.5 1.5 -2.0 2.0 16 8' (5 runs):

              5,50 msec task-clock                #    0,905 CPUs utilized            ( +-  9,69% )
                25      context-switches          #    0,005 M/sec                    ( +-  2,67% )
                 4      cpu-migrations            #    0,727 K/sec                    ( +- 27,39% )
                93      page-faults               #    0,017 M/sec                    ( +-  0,73% )
   <not supported>      cycles                                                      
   <not supported>      instructions                                                
   <not supported>      branches                                                    
   <not supported>      branch-misses                                               

          0,006078 +- 0,000475 seconds time elapsed  ( +-  7,81% )


 Performance counter stats for './mandelbrot_omp -2.5 1.5 -2.0 2.0 32 8' (5 runs):

              6,30 msec task-clock                #    0,773 CPUs utilized            ( +-  3,06% )
                26      context-switches          #    0,004 M/sec                    ( +-  4,08% )
                 7      cpu-migrations            #    0,001 M/sec                    ( +- 22,50% )
                99      page-faults               #    0,016 M/sec                    ( +-  0,45% )
   <not supported>      cycles                                                      
   <not supported>      instructions                                                
   <not supported>      branches                                                    
   <not supported>      branch-misses                                               

           0,00815 +- 0,00158 seconds time elapsed  ( +- 19,39% )


 Performance counter stats for './mandelbrot_omp -2.5 1.5 -2.0 2.0 64 8' (5 runs):

             11,75 msec task-clock                #    1,087 CPUs utilized            ( +-  4,90% )
                27      context-switches          #    0,002 M/sec                    ( +-  3,62% )
                 7      cpu-migrations            #    0,561 K/sec                    ( +- 24,71% )
               128      page-faults               #    0,011 M/sec                    ( +-  0,40% )
   <not supported>      cycles                                                      
   <not supported>      instructions                                                
   <not supported>      branches                                                    
   <not supported>      branch-misses                                               

          0,010814 +- 0,000606 seconds time elapsed  ( +-  5,61% )


 Performance counter stats for './mandelbrot_omp -2.5 1.5 -2.0 2.0 128 8' (5 runs):

             26,28 msec task-clock                #    1,317 CPUs utilized            ( +-  5,58% )
                30      context-switches          #    0,001 M/sec                    ( +-  0,67% )
                 9      cpu-migrations            #    0,335 K/sec                    ( +-  5,57% )
               250      page-faults               #    0,010 M/sec                    ( +-  0,29% )
   <not supported>      cycles                                                      
   <not supported>      instructions                                                
   <not supported>      branches                                                    
   <not supported>      branch-misses                                               

          0,019946 +- 0,000822 seconds time elapsed  ( +-  4,12% )


 Performance counter stats for './mandelbrot_omp -2.5 1.5 -2.0 2.0 256 8' (5 runs):

             90,91 msec task-clock                #    1,365 CPUs utilized            ( +-  3,20% )
                37      context-switches          #    0,403 K/sec                    ( +-  5,01% )
                 9      cpu-migrations            #    0,101 K/sec                    ( +-  5,32% )
               730      page-faults               #    0,008 M/sec                    ( +-  0,09% )
   <not supported>      cycles                                                      
   <not supported>      instructions                                                
   <not supported>      branches                                                    
   <not supported>      branch-misses                                               

           0,06659 +- 0,00245 seconds time elapsed  ( +-  3,67% )


 Performance counter stats for './mandelbrot_omp -2.5 1.5 -2.0 2.0 512 8' (5 runs):

            324,66 msec task-clock                #    1,413 CPUs utilized            ( +-  1,49% )
                47      context-switches          #    0,146 K/sec                    ( +-  4,88% )
                 9      cpu-migrations            #    0,028 K/sec                    ( +- 21,08% )
             2.650      page-faults               #    0,008 M/sec                    ( +-  0,02% )
   <not supported>      cycles                                                      
   <not supported>      instructions                                                
   <not supported>      branches                                                    
   <not supported>      branch-misses                                               

           0,22980 +- 0,00493 seconds time elapsed  ( +-  2,14% )


 Performance counter stats for './mandelbrot_omp -2.5 1.5 -2.0 2.0 1024 8' (5 runs):

          1.155,62 msec task-clock                #    1,447 CPUs utilized            ( +-  0,50% )
               105      context-switches          #    0,091 K/sec                    ( +-  3,80% )
                13      cpu-migrations            #    0,011 K/sec                    ( +- 11,34% )
            10.331      page-faults               #    0,009 M/sec                    ( +-  0,00% )
   <not supported>      cycles                                                      
   <not supported>      instructions                                                
   <not supported>      branches                                                    
   <not supported>      branch-misses                                               

           0,79840 +- 0,00495 seconds time elapsed  ( +-  0,62% )

