
 Performance counter stats for './mandelbrot_omp -0.8 -0.7 0.05 0.15 16 8' (5 runs):

              5,58 msec task-clock                #    1,034 CPUs utilized            ( +-  2,18% )
                24      context-switches          #    0,004 M/sec                    ( +-  0,84% )
                 4      cpu-migrations            #    0,646 K/sec                    ( +- 33,56% )
                94      page-faults               #    0,017 M/sec                    ( +-  0,93% )
   <not supported>      cycles                                                      
   <not supported>      instructions                                                
   <not supported>      branches                                                    
   <not supported>      branch-misses                                               

         0,0053929 +- 0,0000705 seconds time elapsed  ( +-  1,31% )


 Performance counter stats for './mandelbrot_omp -0.8 -0.7 0.05 0.15 32 8' (5 runs):

             11,74 msec task-clock                #    1,152 CPUs utilized            ( +-  2,37% )
                26      context-switches          #    0,002 M/sec                    ( +-  1,99% )
                 8      cpu-migrations            #    0,715 K/sec                    ( +- 19,78% )
                99      page-faults               #    0,008 M/sec                    ( +-  0,69% )
   <not supported>      cycles                                                      
   <not supported>      instructions                                                
   <not supported>      branches                                                    
   <not supported>      branch-misses                                               

          0,010191 +- 0,000896 seconds time elapsed  ( +-  8,79% )


 Performance counter stats for './mandelbrot_omp -0.8 -0.7 0.05 0.15 64 8' (5 runs):

             29,65 msec task-clock                #    1,518 CPUs utilized            ( +-  4,19% )
                29      context-switches          #    0,985 K/sec                    ( +-  1,68% )
                 9      cpu-migrations            #    0,310 K/sec                    ( +- 12,58% )
               130      page-faults               #    0,004 M/sec                    ( +-  0,52% )
   <not supported>      cycles                                                      
   <not supported>      instructions                                                
   <not supported>      branches                                                    
   <not supported>      branch-misses                                               

          0,019529 +- 0,000761 seconds time elapsed  ( +-  3,90% )


 Performance counter stats for './mandelbrot_omp -0.8 -0.7 0.05 0.15 128 8' (5 runs):

             98,44 msec task-clock                #    1,708 CPUs utilized            ( +-  3,36% )
                44      context-switches          #    0,449 K/sec                    ( +-  2,07% )
                11      cpu-migrations            #    0,108 K/sec                    ( +-  9,71% )
               249      page-faults               #    0,003 M/sec                    ( +-  0,15% )
   <not supported>      cycles                                                      
   <not supported>      instructions                                                
   <not supported>      branches                                                    
   <not supported>      branch-misses                                               

           0,05764 +- 0,00213 seconds time elapsed  ( +-  3,70% )


 Performance counter stats for './mandelbrot_omp -0.8 -0.7 0.05 0.15 256 8' (5 runs):

            413,01 msec task-clock                #    1,798 CPUs utilized            ( +-  2,19% )
               106      context-switches          #    0,257 K/sec                    ( +-  6,32% )
                11      cpu-migrations            #    0,026 K/sec                    ( +- 13,86% )
               730      page-faults               #    0,002 M/sec                    ( +-  0,09% )
   <not supported>      cycles                                                      
   <not supported>      instructions                                                
   <not supported>      branches                                                    
   <not supported>      branch-misses                                               

           0,22971 +- 0,00465 seconds time elapsed  ( +-  2,02% )


 Performance counter stats for './mandelbrot_omp -0.8 -0.7 0.05 0.15 512 8' (5 runs):

          1.505,62 msec task-clock                #    1,837 CPUs utilized            ( +-  2,34% )
               349      context-switches          #    0,232 K/sec                    ( +-  2,79% )
                 8      cpu-migrations            #    0,005 K/sec                    ( +- 12,43% )
             2.651      page-faults               #    0,002 M/sec                    ( +-  0,02% )
   <not supported>      cycles                                                      
   <not supported>      instructions                                                
   <not supported>      branches                                                    
   <not supported>      branch-misses                                               

            0,8198 +- 0,0184 seconds time elapsed  ( +-  2,24% )


 Performance counter stats for './mandelbrot_omp -0.8 -0.7 0.05 0.15 1024 8' (5 runs):

          5.525,26 msec task-clock                #    1,457 CPUs utilized            ( +-  0,38% )
             1.244      context-switches          #    0,225 K/sec                    ( +-  2,01% )
                14      cpu-migrations            #    0,003 K/sec                    ( +- 23,29% )
            10.332      page-faults               #    0,002 M/sec                    ( +-  0,00% )
   <not supported>      cycles                                                      
   <not supported>      instructions                                                
   <not supported>      branches                                                    
   <not supported>      branch-misses                                               

             3,792 +- 0,495 seconds time elapsed  ( +- 13,04% )

