
 Performance counter stats for './mandelbrot_omp -0.8 -0.7 0.05 0.15 16 32' (5 runs):

              6,47 msec task-clock                #    1,132 CPUs utilized            ( +-  7,76% )
               119      context-switches          #    0,018 M/sec                    ( +-  3,05% )
                19      cpu-migrations            #    0,003 M/sec                    ( +- 26,27% )
               143      page-faults               #    0,022 M/sec                    ( +-  0,49% )
   <not supported>      cycles                                                      
   <not supported>      instructions                                                
   <not supported>      branches                                                    
   <not supported>      branch-misses                                               

          0,005718 +- 0,000459 seconds time elapsed  ( +-  8,02% )


 Performance counter stats for './mandelbrot_omp -0.8 -0.7 0.05 0.15 32 32' (5 runs):

             19,13 msec task-clock                #    1,207 CPUs utilized            ( +-  4,51% )
               125      context-switches          #    0,007 M/sec                    ( +-  0,48% )
                31      cpu-migrations            #    0,002 M/sec                    ( +- 13,84% )
               151      page-faults               #    0,008 M/sec                    ( +-  0,50% )
   <not supported>      cycles                                                      
   <not supported>      instructions                                                
   <not supported>      branches                                                    
   <not supported>      branch-misses                                               

           0,01585 +- 0,00132 seconds time elapsed  ( +-  8,33% )


 Performance counter stats for './mandelbrot_omp -0.8 -0.7 0.05 0.15 64 32' (5 runs):

             31,26 msec task-clock                #    1,511 CPUs utilized            ( +-  1,37% )
               124      context-switches          #    0,004 M/sec                    ( +-  0,36% )
                33      cpu-migrations            #    0,001 M/sec                    ( +- 13,41% )
               181      page-faults               #    0,006 M/sec                    ( +-  0,32% )
   <not supported>      cycles                                                      
   <not supported>      instructions                                                
   <not supported>      branches                                                    
   <not supported>      branch-misses                                               

          0,020682 +- 0,000296 seconds time elapsed  ( +-  1,43% )


 Performance counter stats for './mandelbrot_omp -0.8 -0.7 0.05 0.15 128 32' (5 runs):

            121,50 msec task-clock                #    1,620 CPUs utilized            ( +-  9,03% )
               137      context-switches          #    0,001 M/sec                    ( +-  0,61% )
                26      cpu-migrations            #    0,211 K/sec                    ( +- 18,68% )
               299      page-faults               #    0,002 M/sec                    ( +-  0,08% )
   <not supported>      cycles                                                      
   <not supported>      instructions                                                
   <not supported>      branches                                                    
   <not supported>      branch-misses                                               

           0,07501 +- 0,00918 seconds time elapsed  ( +- 12,24% )


 Performance counter stats for './mandelbrot_omp -0.8 -0.7 0.05 0.15 256 32' (5 runs):

            382,31 msec task-clock                #    1,781 CPUs utilized            ( +-  2,25% )
               204      context-switches          #    0,534 K/sec                    ( +-  1,21% )
                37      cpu-migrations            #    0,098 K/sec                    ( +- 15,04% )
               781      page-faults               #    0,002 M/sec                    ( +-  0,09% )
   <not supported>      cycles                                                      
   <not supported>      instructions                                                
   <not supported>      branches                                                    
   <not supported>      branch-misses                                               

           0,21465 +- 0,00410 seconds time elapsed  ( +-  1,91% )


 Performance counter stats for './mandelbrot_omp -0.8 -0.7 0.05 0.15 512 32' (5 runs):

          1.437,27 msec task-clock                #    1,836 CPUs utilized            ( +-  2,07% )
               452      context-switches          #    0,314 K/sec                    ( +-  1,95% )
                31      cpu-migrations            #    0,022 K/sec                    ( +- 12,26% )
             2.702      page-faults               #    0,002 M/sec                    ( +-  0,04% )
   <not supported>      cycles                                                      
   <not supported>      instructions                                                
   <not supported>      branches                                                    
   <not supported>      branch-misses                                               

            0,7827 +- 0,0169 seconds time elapsed  ( +-  2,16% )


 Performance counter stats for './mandelbrot_omp -0.8 -0.7 0.05 0.15 1024 32' (5 runs):

          5.596,74 msec task-clock                #    1,857 CPUs utilized            ( +-  0,67% )
             1.456      context-switches          #    0,260 K/sec                    ( +-  0,84% )
                48      cpu-migrations            #    0,009 K/sec                    ( +- 11,69% )
            10.382      page-faults               #    0,002 M/sec                    ( +-  0,01% )
   <not supported>      cycles                                                      
   <not supported>      instructions                                                
   <not supported>      branches                                                    
   <not supported>      branch-misses                                               

            3,0145 +- 0,0160 seconds time elapsed  ( +-  0,53% )

