
 Performance counter stats for './mandelbrot_omp -0.8 -0.7 0.05 0.15 16 2' (5 runs):

              5,07 msec task-clock                #    1,133 CPUs utilized            ( +-  1,30% )
                 0      context-switches          #    0,039 K/sec                    ( +-100,00% )
                 0      cpu-migrations            #    0,000 K/sec                  
                80      page-faults               #    0,016 M/sec                    ( +-  1,15% )
   <not supported>      cycles                                                      
   <not supported>      instructions                                                
   <not supported>      branches                                                    
   <not supported>      branch-misses                                               

         0,0044806 +- 0,0000785 seconds time elapsed  ( +-  1,75% )


 Performance counter stats for './mandelbrot_omp -0.8 -0.7 0.05 0.15 32 2' (5 runs):

              9,43 msec task-clock                #    1,389 CPUs utilized            ( +-  1,98% )
                 2      context-switches          #    0,191 K/sec                    ( +- 20,79% )
                 0      cpu-migrations            #    0,000 K/sec                  
                86      page-faults               #    0,009 M/sec                    ( +-  1,07% )
   <not supported>      cycles                                                      
   <not supported>      instructions                                                
   <not supported>      branches                                                    
   <not supported>      branch-misses                                               

          0,006787 +- 0,000103 seconds time elapsed  ( +-  1,52% )


 Performance counter stats for './mandelbrot_omp -0.8 -0.7 0.05 0.15 64 2' (5 runs):

             27,73 msec task-clock                #    1,683 CPUs utilized            ( +-  2,41% )
                 3      context-switches          #    0,108 K/sec                    ( +- 10,54% )
                 0      cpu-migrations            #    0,000 K/sec                  
               115      page-faults               #    0,004 M/sec                    ( +-  0,27% )
   <not supported>      cycles                                                      
   <not supported>      instructions                                                
   <not supported>      branches                                                    
   <not supported>      branch-misses                                               

          0,016474 +- 0,000244 seconds time elapsed  ( +-  1,48% )


 Performance counter stats for './mandelbrot_omp -0.8 -0.7 0.05 0.15 128 2' (5 runs):

            102,51 msec task-clock                #    1,845 CPUs utilized            ( +-  3,28% )
                10      context-switches          #    0,096 K/sec                    ( +-  8,16% )
                 0      cpu-migrations            #    0,000 K/sec                  
               237      page-faults               #    0,002 M/sec                    ( +-  0,27% )
   <not supported>      cycles                                                      
   <not supported>      instructions                                                
   <not supported>      branches                                                    
   <not supported>      branch-misses                                               

           0,05555 +- 0,00233 seconds time elapsed  ( +-  4,20% )


 Performance counter stats for './mandelbrot_omp -0.8 -0.7 0.05 0.15 256 2' (5 runs):

            392,48 msec task-clock                #    1,905 CPUs utilized            ( +-  1,26% )
                19      context-switches          #    0,048 K/sec                    ( +- 11,04% )
                 0      cpu-migrations            #    0,000 K/sec                  
               716      page-faults               #    0,002 M/sec                    ( +-  0,05% )
   <not supported>      cycles                                                      
   <not supported>      instructions                                                
   <not supported>      branches                                                    
   <not supported>      branch-misses                                               

           0,20604 +- 0,00239 seconds time elapsed  ( +-  1,16% )


 Performance counter stats for './mandelbrot_omp -0.8 -0.7 0.05 0.15 512 2' (5 runs):

          1.515,96 msec task-clock                #    1,796 CPUs utilized            ( +-  1,58% )
                55      context-switches          #    0,036 K/sec                    ( +-  3,40% )
                 0      cpu-migrations            #    0,000 K/sec                  
             2.638      page-faults               #    0,002 M/sec                    ( +-  0,03% )
   <not supported>      cycles                                                      
   <not supported>      instructions                                                
   <not supported>      branches                                                    
   <not supported>      branch-misses                                               

            0,8440 +- 0,0142 seconds time elapsed  ( +-  1,68% )


 Performance counter stats for './mandelbrot_omp -0.8 -0.7 0.05 0.15 1024 2' (5 runs):

          5.493,67 msec task-clock                #    1,711 CPUs utilized            ( +-  0,35% )
               175      context-switches          #    0,032 K/sec                    ( +-  7,05% )
                 1      cpu-migrations            #    0,000 K/sec                    ( +- 63,25% )
            10.317      page-faults               #    0,002 M/sec                    ( +-  0,00% )
   <not supported>      cycles                                                      
   <not supported>      instructions                                                
   <not supported>      branches                                                    
   <not supported>      branch-misses                                               

            3,2109 +- 0,0196 seconds time elapsed  ( +-  0,61% )

