
 Performance counter stats for './mandelbrot_omp -0.8 -0.7 0.05 0.15 16 1' (5 runs):

              3,70 msec task-clock                #    0,822 CPUs utilized            ( +-  2,13% )
                 0      context-switches          #    0,108 K/sec                    ( +- 61,24% )
                 0      cpu-migrations            #    0,000 K/sec                  
                77      page-faults               #    0,021 M/sec                    ( +-  0,52% )
   <not supported>      cycles                                                      
   <not supported>      instructions                                                
   <not supported>      branches                                                    
   <not supported>      branch-misses                                               

          0,004496 +- 0,000136 seconds time elapsed  ( +-  3,03% )


 Performance counter stats for './mandelbrot_omp -0.8 -0.7 0.05 0.15 32 1' (5 runs):

              7,58 msec task-clock                #    0,893 CPUs utilized            ( +-  1,06% )
                 1      context-switches          #    0,158 K/sec                    ( +- 16,67% )
                 0      cpu-migrations            #    0,000 K/sec                  
                85      page-faults               #    0,011 M/sec                    ( +-  0,96% )
   <not supported>      cycles                                                      
   <not supported>      instructions                                                
   <not supported>      branches                                                    
   <not supported>      branch-misses                                               

          0,008489 +- 0,000101 seconds time elapsed  ( +-  1,19% )


 Performance counter stats for './mandelbrot_omp -0.8 -0.7 0.05 0.15 64 1' (5 runs):

             23,22 msec task-clock                #    0,953 CPUs utilized            ( +-  1,34% )
                 2      context-switches          #    0,086 K/sec                    ( +- 50,00% )
                 0      cpu-migrations            #    0,009 K/sec                    ( +-100,00% )
               114      page-faults               #    0,005 M/sec                    ( +-  0,70% )
   <not supported>      cycles                                                      
   <not supported>      instructions                                                
   <not supported>      branches                                                    
   <not supported>      branch-misses                                               

          0,024356 +- 0,000255 seconds time elapsed  ( +-  1,05% )


 Performance counter stats for './mandelbrot_omp -0.8 -0.7 0.05 0.15 128 1' (5 runs):

             75,90 msec task-clock                #    0,988 CPUs utilized            ( +-  0,80% )
                 6      context-switches          #    0,074 K/sec                    ( +- 37,71% )
                 0      cpu-migrations            #    0,000 K/sec                  
               233      page-faults               #    0,003 M/sec                    ( +-  0,16% )
   <not supported>      cycles                                                      
   <not supported>      instructions                                                
   <not supported>      branches                                                    
   <not supported>      branch-misses                                               

          0,076810 +- 0,000562 seconds time elapsed  ( +-  0,73% )


 Performance counter stats for './mandelbrot_omp -0.8 -0.7 0.05 0.15 256 1' (5 runs):

            299,38 msec task-clock                #    0,991 CPUs utilized            ( +-  0,73% )
                15      context-switches          #    0,050 K/sec                    ( +- 21,50% )
                 1      cpu-migrations            #    0,002 K/sec                    ( +- 40,82% )
               715      page-faults               #    0,002 M/sec                    ( +-  0,05% )
   <not supported>      cycles                                                      
   <not supported>      instructions                                                
   <not supported>      branches                                                    
   <not supported>      branch-misses                                               

           0,30224 +- 0,00262 seconds time elapsed  ( +-  0,87% )


 Performance counter stats for './mandelbrot_omp -0.8 -0.7 0.05 0.15 512 1' (5 runs):

          1.169,95 msec task-clock                #    0,995 CPUs utilized            ( +-  0,87% )
                25      context-switches          #    0,021 K/sec                    ( +- 14,09% )
                 1      cpu-migrations            #    0,001 K/sec                  
             2.635      page-faults               #    0,002 M/sec                    ( +-  0,02% )
   <not supported>      cycles                                                      
   <not supported>      instructions                                                
   <not supported>      branches                                                    
   <not supported>      branch-misses                                               

            1,1763 +- 0,0102 seconds time elapsed  ( +-  0,86% )


 Performance counter stats for './mandelbrot_omp -0.8 -0.7 0.05 0.15 1024 1' (5 runs):

          4.656,72 msec task-clock                #    0,998 CPUs utilized            ( +-  0,43% )
               104      context-switches          #    0,022 K/sec                    ( +- 24,60% )
                 2      cpu-migrations            #    0,000 K/sec                    ( +- 40,82% )
            10.314      page-faults               #    0,002 M/sec                    ( +-  0,00% )
   <not supported>      cycles                                                      
   <not supported>      instructions                                                
   <not supported>      branches                                                    
   <not supported>      branch-misses                                               

            4,6681 +- 0,0205 seconds time elapsed  ( +-  0,44% )

