
 Performance counter stats for './mandelbrot_omp -0.188 -0.012 0.554 0.754 16 2' (5 runs):

              5,49 msec task-clock                #    1,141 CPUs utilized            ( +-  2,84% )
                 0      context-switches          #    0,036 K/sec                    ( +-100,00% )
                 0      cpu-migrations            #    0,000 K/sec                  
                79      page-faults               #    0,014 M/sec                    ( +-  0,80% )
   <not supported>      cycles                                                      
   <not supported>      instructions                                                
   <not supported>      branches                                                    
   <not supported>      branch-misses                                               

          0,004814 +- 0,000160 seconds time elapsed  ( +-  3,32% )


 Performance counter stats for './mandelbrot_omp -0.188 -0.012 0.554 0.754 32 2' (5 runs):

             10,22 msec task-clock                #    1,252 CPUs utilized            ( +-  1,88% )
                 2      context-switches          #    0,196 K/sec                    ( +- 41,83% )
                 0      cpu-migrations            #    0,020 K/sec                    ( +-100,00% )
                86      page-faults               #    0,008 M/sec                    ( +-  0,37% )
   <not supported>      cycles                                                      
   <not supported>      instructions                                                
   <not supported>      branches                                                    
   <not supported>      branch-misses                                               

           0,00816 +- 0,00105 seconds time elapsed  ( +- 12,85% )


 Performance counter stats for './mandelbrot_omp -0.188 -0.012 0.554 0.754 64 2' (5 runs):

             29,94 msec task-clock                #    1,693 CPUs utilized            ( +-  1,15% )
                 4      context-switches          #    0,147 K/sec                    ( +- 19,81% )
                 0      cpu-migrations            #    0,000 K/sec                  
               115      page-faults               #    0,004 M/sec                    ( +-  0,51% )
   <not supported>      cycles                                                      
   <not supported>      instructions                                                
   <not supported>      branches                                                    
   <not supported>      branch-misses                                               

          0,017688 +- 0,000230 seconds time elapsed  ( +-  1,30% )


 Performance counter stats for './mandelbrot_omp -0.188 -0.012 0.554 0.754 128 2' (5 runs):

            103,62 msec task-clock                #    1,873 CPUs utilized            ( +-  0,63% )
                 8      context-switches          #    0,079 K/sec                    ( +-  2,44% )
                 0      cpu-migrations            #    0,000 K/sec                  
               238      page-faults               #    0,002 M/sec                    ( +-  0,40% )
   <not supported>      cycles                                                      
   <not supported>      instructions                                                
   <not supported>      branches                                                    
   <not supported>      branch-misses                                               

          0,055312 +- 0,000321 seconds time elapsed  ( +-  0,58% )


 Performance counter stats for './mandelbrot_omp -0.188 -0.012 0.554 0.754 256 2' (5 runs):

            419,80 msec task-clock                #    1,911 CPUs utilized            ( +-  0,55% )
                23      context-switches          #    0,055 K/sec                    ( +- 16,66% )
                 0      cpu-migrations            #    0,000 K/sec                  
               717      page-faults               #    0,002 M/sec                    ( +-  0,12% )
   <not supported>      cycles                                                      
   <not supported>      instructions                                                
   <not supported>      branches                                                    
   <not supported>      branch-misses                                               

           0,21970 +- 0,00137 seconds time elapsed  ( +-  0,62% )


 Performance counter stats for './mandelbrot_omp -0.188 -0.012 0.554 0.754 512 2' (5 runs):

          1.663,79 msec task-clock                #    1,877 CPUs utilized            ( +-  0,77% )
                61      context-switches          #    0,037 K/sec                    ( +-  3,91% )
                 0      cpu-migrations            #    0,000 K/sec                  
             2.638      page-faults               #    0,002 M/sec                    ( +-  0,03% )
   <not supported>      cycles                                                      
   <not supported>      instructions                                                
   <not supported>      branches                                                    
   <not supported>      branch-misses                                               

           0,88638 +- 0,00695 seconds time elapsed  ( +-  0,78% )


 Performance counter stats for './mandelbrot_omp -0.188 -0.012 0.554 0.754 1024 2' (5 runs):

          6.178,09 msec task-clock                #    1,804 CPUs utilized            ( +-  0,39% )
               189      context-switches          #    0,031 K/sec                    ( +-  5,30% )
                 1      cpu-migrations            #    0,000 K/sec                    ( +- 48,59% )
            10.317      page-faults               #    0,002 M/sec                    ( +-  0,01% )
   <not supported>      cycles                                                      
   <not supported>      instructions                                                
   <not supported>      branches                                                    
   <not supported>      branch-misses                                               

            3,4245 +- 0,0208 seconds time elapsed  ( +-  0,61% )

