
 Performance counter stats for './mandelbrot_omp -0.188 -0.012 0.554 0.754 16 8' (5 runs):

              6,55 msec task-clock                #    1,073 CPUs utilized            ( +-  1,35% )
                24      context-switches          #    0,004 M/sec                    ( +-  2,45% )
                 6      cpu-migrations            #    0,915 K/sec                    ( +- 23,57% )
                93      page-faults               #    0,014 M/sec                    ( +-  0,71% )
   <not supported>      cycles                                                      
   <not supported>      instructions                                                
   <not supported>      branches                                                    
   <not supported>      branch-misses                                               

         0,0061103 +- 0,0000540 seconds time elapsed  ( +-  0,88% )


 Performance counter stats for './mandelbrot_omp -0.188 -0.012 0.554 0.754 32 8' (5 runs):

             12,03 msec task-clock                #    1,273 CPUs utilized            ( +-  3,32% )
                26      context-switches          #    0,002 M/sec                    ( +-  2,72% )
                 7      cpu-migrations            #    0,615 K/sec                    ( +- 16,33% )
                98      page-faults               #    0,008 M/sec                    ( +-  0,25% )
   <not supported>      cycles                                                      
   <not supported>      instructions                                                
   <not supported>      branches                                                    
   <not supported>      branch-misses                                               

          0,009453 +- 0,000274 seconds time elapsed  ( +-  2,90% )


 Performance counter stats for './mandelbrot_omp -0.188 -0.012 0.554 0.754 64 8' (5 runs):

             35,01 msec task-clock                #    1,511 CPUs utilized            ( +-  4,48% )
                30      context-switches          #    0,851 K/sec                    ( +-  3,58% )
                 8      cpu-migrations            #    0,229 K/sec                    ( +- 10,46% )
               129      page-faults               #    0,004 M/sec                    ( +-  0,55% )
   <not supported>      cycles                                                      
   <not supported>      instructions                                                
   <not supported>      branches                                                    
   <not supported>      branch-misses                                               

           0,02318 +- 0,00172 seconds time elapsed  ( +-  7,44% )


 Performance counter stats for './mandelbrot_omp -0.188 -0.012 0.554 0.754 128 8' (5 runs):

            112,83 msec task-clock                #    1,680 CPUs utilized            ( +-  1,80% )
                47      context-switches          #    0,418 K/sec                    ( +-  5,78% )
                 9      cpu-migrations            #    0,082 K/sec                    ( +-  5,32% )
               250      page-faults               #    0,002 M/sec                    ( +-  0,27% )
   <not supported>      cycles                                                      
   <not supported>      instructions                                                
   <not supported>      branches                                                    
   <not supported>      branch-misses                                               

           0,06714 +- 0,00244 seconds time elapsed  ( +-  3,63% )


 Performance counter stats for './mandelbrot_omp -0.188 -0.012 0.554 0.754 256 8' (5 runs):

            457,73 msec task-clock                #    1,821 CPUs utilized            ( +-  1,93% )
               107      context-switches          #    0,234 K/sec                    ( +-  3,84% )
                11      cpu-migrations            #    0,024 K/sec                    ( +- 16,41% )
               729      page-faults               #    0,002 M/sec                    ( +-  0,05% )
   <not supported>      cycles                                                      
   <not supported>      instructions                                                
   <not supported>      branches                                                    
   <not supported>      branch-misses                                               

           0,25143 +- 0,00544 seconds time elapsed  ( +-  2,16% )


 Performance counter stats for './mandelbrot_omp -0.188 -0.012 0.554 0.754 512 8' (5 runs):

          1.548,80 msec task-clock                #    1,852 CPUs utilized            ( +-  0,76% )
               352      context-switches          #    0,227 K/sec                    ( +-  2,00% )
                11      cpu-migrations            #    0,007 K/sec                    ( +-  8,62% )
             2.651      page-faults               #    0,002 M/sec                    ( +-  0,04% )
   <not supported>      cycles                                                      
   <not supported>      instructions                                                
   <not supported>      branches                                                    
   <not supported>      branch-misses                                               

           0,83619 +- 0,00807 seconds time elapsed  ( +-  0,97% )


 Performance counter stats for './mandelbrot_omp -0.188 -0.012 0.554 0.754 1024 8' (5 runs):

          6.309,36 msec task-clock                #    1,861 CPUs utilized            ( +-  1,06% )
             1.410      context-switches          #    0,223 K/sec                    ( +-  1,12% )
                14      cpu-migrations            #    0,002 K/sec                    ( +-  6,83% )
            10.330      page-faults               #    0,002 M/sec                    ( +-  0,01% )
   <not supported>      cycles                                                      
   <not supported>      instructions                                                
   <not supported>      branches                                                    
   <not supported>      branch-misses                                               

            3,3906 +- 0,0299 seconds time elapsed  ( +-  0,88% )

