
 Performance counter stats for './mandelbrot_omp -0.188 -0.012 0.554 0.754 16 16' (5 runs):

             12,35 msec task-clock                #    1,102 CPUs utilized            ( +-  9,39% )
                60      context-switches          #    0,005 M/sec                    ( +-  0,98% )
                14      cpu-migrations            #    0,001 M/sec                    ( +- 18,49% )
               109      page-faults               #    0,009 M/sec                    ( +-  0,34% )
   <not supported>      cycles                                                      
   <not supported>      instructions                                                
   <not supported>      branches                                                    
   <not supported>      branch-misses                                               

           0,01121 +- 0,00119 seconds time elapsed  ( +- 10,60% )


 Performance counter stats for './mandelbrot_omp -0.188 -0.012 0.554 0.754 32 16' (5 runs):

             14,83 msec task-clock                #    1,275 CPUs utilized            ( +-  1,30% )
                58      context-switches          #    0,004 M/sec                    ( +-  1,68% )
                13      cpu-migrations            #    0,890 K/sec                    ( +- 17,18% )
               115      page-faults               #    0,008 M/sec                    ( +-  0,43% )
   <not supported>      cycles                                                      
   <not supported>      instructions                                                
   <not supported>      branches                                                    
   <not supported>      branch-misses                                               

         0,0116393 +- 0,0000549 seconds time elapsed  ( +-  0,47% )


 Performance counter stats for './mandelbrot_omp -0.188 -0.012 0.554 0.754 64 16' (5 runs):

             31,56 msec task-clock                #    1,559 CPUs utilized            ( +-  3,59% )
                60      context-switches          #    0,002 M/sec                    ( +-  1,86% )
                17      cpu-migrations            #    0,539 K/sec                    ( +- 17,74% )
               145      page-faults               #    0,005 M/sec                    ( +-  0,26% )
   <not supported>      cycles                                                      
   <not supported>      instructions                                                
   <not supported>      branches                                                    
   <not supported>      branch-misses                                               

          0,020242 +- 0,000737 seconds time elapsed  ( +-  3,64% )


 Performance counter stats for './mandelbrot_omp -0.188 -0.012 0.554 0.754 128 16' (5 runs):

            115,97 msec task-clock                #    1,767 CPUs utilized            ( +-  2,53% )
                77      context-switches          #    0,667 K/sec                    ( +-  1,20% )
                20      cpu-migrations            #    0,172 K/sec                    ( +- 10,61% )
               266      page-faults               #    0,002 M/sec                    ( +-  0,25% )
   <not supported>      cycles                                                      
   <not supported>      instructions                                                
   <not supported>      branches                                                    
   <not supported>      branch-misses                                               

           0,06563 +- 0,00153 seconds time elapsed  ( +-  2,33% )


 Performance counter stats for './mandelbrot_omp -0.188 -0.012 0.554 0.754 256 16' (5 runs):

            453,05 msec task-clock                #    1,847 CPUs utilized            ( +-  2,55% )
               158      context-switches          #    0,350 K/sec                    ( +-  1,42% )
                18      cpu-migrations            #    0,040 K/sec                    ( +- 14,16% )
               747      page-faults               #    0,002 M/sec                    ( +-  0,07% )
   <not supported>      cycles                                                      
   <not supported>      instructions                                                
   <not supported>      branches                                                    
   <not supported>      branch-misses                                               

           0,24523 +- 0,00595 seconds time elapsed  ( +-  2,43% )


 Performance counter stats for './mandelbrot_omp -0.188 -0.012 0.554 0.754 512 16' (5 runs):

          1.591,69 msec task-clock                #    1,863 CPUs utilized            ( +-  1,51% )
               428      context-switches          #    0,269 K/sec                    ( +-  1,71% )
                21      cpu-migrations            #    0,013 K/sec                    ( +-  5,43% )
             2.667      page-faults               #    0,002 M/sec                    ( +-  0,03% )
   <not supported>      cycles                                                      
   <not supported>      instructions                                                
   <not supported>      branches                                                    
   <not supported>      branch-misses                                               

            0,8545 +- 0,0121 seconds time elapsed  ( +-  1,42% )


 Performance counter stats for './mandelbrot_omp -0.188 -0.012 0.554 0.754 1024 16' (5 runs):

          5.998,75 msec task-clock                #    1,880 CPUs utilized            ( +-  3,21% )
             1.503      context-switches          #    0,251 K/sec                    ( +-  3,03% )
                23      cpu-migrations            #    0,004 K/sec                    ( +-  9,99% )
            10.346      page-faults               #    0,002 M/sec                    ( +-  0,01% )
   <not supported>      cycles                                                      
   <not supported>      instructions                                                
   <not supported>      branches                                                    
   <not supported>      branch-misses                                               

             3,191 +- 0,108 seconds time elapsed  ( +-  3,37% )

