
 Performance counter stats for './mandelbrot_pth 0.175 0.375 -0.1 0.1 16 8' (10 runs):

          3.599041      task-clock (msec)         #    0.327 CPUs utilized            ( +- 12.07% )
                 8      context-switches          #    0.002 M/sec                    ( +- 13.68% )
                 2      cpu-migrations            #    0.528 K/sec                    ( +- 26.55% )
                84      page-faults               #    0.023 M/sec                    ( +-  0.43% )
         3,950,181      cycles                    #    1.098 GHz                      ( +-  1.38% )
         2,710,761      instructions              #    0.69  insn per cycle           ( +-  0.50% )
           401,276      branches                  #  111.495 M/sec                    ( +-  0.61% )
            14,888      branch-misses             #    3.71% of all branches          ( +-  1.72% )

       0.011008479 seconds time elapsed                                          ( +- 20.27% )


 Performance counter stats for './mandelbrot_pth 0.175 0.375 -0.1 0.1 32 8' (10 runs):

          6.784427      task-clock (msec)         #    0.346 CPUs utilized            ( +- 11.93% )
                 8      context-switches          #    0.001 M/sec                    ( +- 11.78% )
                 2      cpu-migrations            #    0.310 K/sec                    ( +- 13.19% )
                92      page-faults               #    0.014 M/sec                    ( +-  0.47% )
         7,358,296      cycles                    #    1.085 GHz                      ( +-  1.05% )
         6,213,968      instructions              #    0.84  insn per cycle           ( +-  0.19% )
           711,120      branches                  #  104.817 M/sec                    ( +-  0.31% )
            16,135      branch-misses             #    2.27% of all branches          ( +-  1.52% )

       0.019585615 seconds time elapsed                                          ( +- 21.53% )


 Performance counter stats for './mandelbrot_pth 0.175 0.375 -0.1 0.1 64 8' (10 runs):

         14.360553      task-clock (msec)         #    1.706 CPUs utilized            ( +- 17.19% )
                11      context-switches          #    0.773 K/sec                    ( +- 17.48% )
                 1      cpu-migrations            #    0.077 K/sec                    ( +- 41.66% )
               121      page-faults               #    0.008 M/sec                    ( +-  0.39% )
        21,038,449      cycles                    #    1.465 GHz                      ( +-  1.12% )
        20,038,150      instructions              #    0.95  insn per cycle           ( +-  0.06% )
         1,926,177      branches                  #  134.130 M/sec                    ( +-  0.13% )
            19,430      branch-misses             #    1.01% of all branches          ( +-  1.48% )

       0.008419315 seconds time elapsed                                          ( +- 35.62% )


 Performance counter stats for './mandelbrot_pth 0.175 0.375 -0.1 0.1 128 8' (10 runs):

         65.507521      task-clock (msec)         #    1.985 CPUs utilized            ( +- 14.58% )
                24      context-switches          #    0.363 K/sec                    ( +- 20.71% )
                 2      cpu-migrations            #    0.034 K/sec                    ( +- 18.92% )
               241      page-faults               #    0.004 M/sec                    ( +-  0.14% )
        77,929,084      cycles                    #    1.190 GHz                      ( +-  0.55% )
        75,411,487      instructions              #    0.97  insn per cycle           ( +-  0.05% )
         6,803,421      branches                  #  103.857 M/sec                    ( +-  0.11% )
            34,263      branch-misses             #    0.50% of all branches          ( +-  2.18% )

       0.033005981 seconds time elapsed                                          ( +- 17.18% )


 Performance counter stats for './mandelbrot_pth 0.175 0.375 -0.1 0.1 256 8' (10 runs):

        132.815898      task-clock (msec)         #    3.712 CPUs utilized            ( +- 19.56% )
                52      context-switches          #    0.392 K/sec                    ( +- 20.87% )
                 2      cpu-migrations            #    0.015 K/sec                    ( +- 10.54% )
               721      page-faults               #    0.005 M/sec                    ( +-  0.05% )
       302,541,744      cycles                    #    2.278 GHz                      ( +-  0.57% )
       296,335,192      instructions              #    0.98  insn per cycle           ( +-  0.03% )
        26,222,415      branches                  #  197.434 M/sec                    ( +-  0.07% )
            82,406      branch-misses             #    0.31% of all branches          ( +-  1.44% )

       0.035775802 seconds time elapsed                                          ( +- 14.46% )


 Performance counter stats for './mandelbrot_pth 0.175 0.375 -0.1 0.1 512 8' (10 runs):

        438.828856      task-clock (msec)         #    2.174 CPUs utilized            ( +-  9.71% )
               196      context-switches          #    0.446 K/sec                    ( +- 12.77% )
                 3      cpu-migrations            #    0.008 K/sec                    ( +-  7.89% )
             2,642      page-faults               #    0.006 M/sec                    ( +-  0.01% )
     1,208,663,374      cycles                    #    2.754 GHz                      ( +-  0.41% )
     1,179,673,566      instructions              #    0.98  insn per cycle           ( +-  0.02% )
       103,936,902      branches                  #  236.851 M/sec                    ( +-  0.05% )
           277,533      branch-misses             #    0.27% of all branches          ( +-  0.92% )

       0.201808445 seconds time elapsed                                          ( +- 26.94% )


 Performance counter stats for './mandelbrot_pth 0.175 0.375 -0.1 0.1 1024 8' (10 runs):

       1436.600491      task-clock (msec)         #    5.099 CPUs utilized            ( +-  0.23% )
               581      context-switches          #    0.404 K/sec                    ( +-  5.83% )
                 3      cpu-migrations            #    0.002 K/sec                    ( +- 13.13% )
            10,322      page-faults               #    0.007 M/sec                    ( +-  0.00% )
     4,867,038,722      cycles                    #    3.388 GHz                      ( +-  0.23% )
     4,709,422,816      instructions              #    0.97  insn per cycle           ( +-  0.00% )
       414,162,345      branches                  #  288.293 M/sec                    ( +-  0.01% )
         1,009,872      branch-misses             #    0.24% of all branches          ( +-  0.44% )

       0.281728278 seconds time elapsed                                          ( +-  1.27% )

