
 Performance counter stats for './mandelbrot_pth -2.5 1.5 -2.0 2.0 16 8' (10 runs):

          2.687555      task-clock (msec)         #    0.522 CPUs utilized            ( +- 13.48% )
                13      context-switches          #    0.005 M/sec                    ( +- 12.31% )
                 2      cpu-migrations            #    0.819 K/sec                    ( +- 56.20% )
                85      page-faults               #    0.031 M/sec                    ( +-  0.44% )
         2,970,985      cycles                    #    1.105 GHz                      ( +-  2.38% )
         1,824,252      instructions              #    0.61  insn per cycle           ( +-  0.95% )
           332,994      branches                  #  123.902 M/sec                    ( +-  0.97% )
            14,492      branch-misses             #    4.35% of all branches          ( +-  2.52% )

       0.005147796 seconds time elapsed                                          ( +- 29.98% )


 Performance counter stats for './mandelbrot_pth -2.5 1.5 -2.0 2.0 32 8' (10 runs):

          2.249466      task-clock (msec)         #    0.148 CPUs utilized            ( +- 20.57% )
                 8      context-switches          #    0.003 M/sec                    ( +- 11.59% )
                 1      cpu-migrations            #    0.578 K/sec                    ( +- 30.45% )
                91      page-faults               #    0.040 M/sec                    ( +-  0.38% )
         3,640,713      cycles                    #    1.618 GHz                      ( +-  2.01% )
         2,656,550      instructions              #    0.73  insn per cycle           ( +-  0.32% )
           429,543      branches                  #  190.954 M/sec                    ( +-  0.35% )
            14,234      branch-misses             #    3.31% of all branches          ( +-  1.69% )

       0.015242009 seconds time elapsed                                          ( +- 25.76% )


 Performance counter stats for './mandelbrot_pth -2.5 1.5 -2.0 2.0 64 8' (10 runs):

          3.173834      task-clock (msec)         #    0.207 CPUs utilized            ( +- 21.01% )
                 7      context-switches          #    0.002 M/sec                    ( +- 16.50% )
                 1      cpu-migrations            #    0.221 K/sec                    ( +- 47.86% )
               121      page-faults               #    0.038 M/sec                    ( +-  0.35% )
         6,164,591      cycles                    #    1.942 GHz                      ( +-  1.18% )
         6,132,272      instructions              #    0.99  insn per cycle           ( +-  0.19% )
           847,272      branches                  #  266.955 M/sec                    ( +-  0.25% )
            15,941      branch-misses             #    1.88% of all branches          ( +-  1.96% )

       0.015331781 seconds time elapsed                                          ( +- 30.18% )


 Performance counter stats for './mandelbrot_pth -2.5 1.5 -2.0 2.0 128 8' (10 runs):

         13.872138      task-clock (msec)         #    0.491 CPUs utilized            ( +- 14.57% )
                10      context-switches          #    0.721 K/sec                    ( +-  8.82% )
                 1      cpu-migrations            #    0.072 K/sec                    ( +- 21.08% )
               240      page-faults               #    0.017 M/sec                    ( +-  0.15% )
        16,515,241      cycles                    #    1.191 GHz                      ( +-  1.88% )
        19,915,086      instructions              #    1.21  insn per cycle           ( +-  0.07% )
         2,509,473      branches                  #  180.900 M/sec                    ( +-  0.10% )
            21,362      branch-misses             #    0.85% of all branches          ( +-  1.28% )

       0.028258255 seconds time elapsed                                          ( +- 15.31% )


 Performance counter stats for './mandelbrot_pth -2.5 1.5 -2.0 2.0 256 8' (10 runs):

         53.120823      task-clock (msec)         #    0.461 CPUs utilized            ( +-  8.77% )
                12      context-switches          #    0.230 K/sec                    ( +-  5.57% )
                 3      cpu-migrations            #    0.058 K/sec                    ( +- 14.78% )
               722      page-faults               #    0.014 M/sec                    ( +-  0.07% )
        55,739,649      cycles                    #    1.049 GHz                      ( +-  0.82% )
        74,896,415      instructions              #    1.34  insn per cycle           ( +-  0.02% )
         9,119,987      branches                  #  171.684 M/sec                    ( +-  0.03% )
            34,883      branch-misses             #    0.38% of all branches          ( +-  0.86% )

       0.115149340 seconds time elapsed                                          ( +- 22.32% )


 Performance counter stats for './mandelbrot_pth -2.5 1.5 -2.0 2.0 512 8' (10 runs):

         70.379608      task-clock (msec)         #    0.996 CPUs utilized            ( +-  3.45% )
                19      context-switches          #    0.267 K/sec                    ( +- 11.24% )
                 3      cpu-migrations            #    0.041 K/sec                    ( +- 16.62% )
             2,641      page-faults               #    0.038 M/sec                    ( +-  0.01% )
       219,494,654      cycles                    #    3.119 GHz                      ( +-  1.05% )
       294,390,364      instructions              #    1.34  insn per cycle           ( +-  0.01% )
        35,510,073      branches                  #  504.551 M/sec                    ( +-  0.02% )
            78,480      branch-misses             #    0.22% of all branches          ( +-  0.59% )

       0.070645090 seconds time elapsed                                          ( +- 43.86% )


 Performance counter stats for './mandelbrot_pth -2.5 1.5 -2.0 2.0 1024 8' (10 runs):

        274.677223      task-clock (msec)         #    1.313 CPUs utilized            ( +-  1.36% )
                46      context-switches          #    0.167 K/sec                    ( +-  9.06% )
                 3      cpu-migrations            #    0.012 K/sec                    ( +- 16.67% )
            10,322      page-faults               #    0.038 M/sec                    ( +-  0.00% )
       867,157,326      cycles                    #    3.157 GHz                      ( +-  0.74% )
     1,172,762,585      instructions              #    1.35  insn per cycle           ( +-  0.01% )
       141,122,249      branches                  #  513.775 M/sec                    ( +-  0.02% )
           244,009      branch-misses             #    0.17% of all branches          ( +-  0.50% )

       0.209168800 seconds time elapsed                                          ( +- 16.13% )

