
 Performance counter stats for './mandelbrot_pth -0.8 -0.7 0.05 0.15 16 1' (13 runs):

          0.775978      task-clock (msec)         #    0.775 CPUs utilized            ( +-  2.87% )
                 1      context-switches          #    0.001 M/sec                    ( +-  7.14% )
                 0      cpu-migrations            #    0.099 K/sec                    ( +-100.00% )
                71      page-faults               #    0.092 M/sec                    ( +-  0.66% )
         2,582,237      cycles                    #    3.328 GHz                      ( +-  2.98% )
         2,247,533      instructions              #    0.87  insn per cycle           ( +-  0.20% )
           300,764      branches                  #  387.593 M/sec                    ( +-  0.24% )
             9,935      branch-misses             #    3.30% of all branches          ( +-  1.51% )

       0.001001602 seconds time elapsed                                          ( +-  7.42% )


 Performance counter stats for './mandelbrot_pth -0.8 -0.7 0.05 0.15 32 1' (13 runs):

          1.729827      task-clock (msec)         #    0.904 CPUs utilized            ( +-  1.20% )
                 1      context-switches          #    0.711 K/sec                    ( +- 18.75% )
                 0      cpu-migrations            #    0.000 K/sec                  
                79      page-faults               #    0.046 M/sec                    ( +-  0.49% )
         5,788,230      cycles                    #    3.346 GHz                      ( +-  1.09% )
         6,001,794      instructions              #    1.04  insn per cycle           ( +-  0.10% )
           616,872      branches                  #  356.609 M/sec                    ( +-  0.18% )
            11,080      branch-misses             #    1.80% of all branches          ( +-  1.62% )

       0.001914526 seconds time elapsed                                          ( +-  1.72% )


 Performance counter stats for './mandelbrot_pth -0.8 -0.7 0.05 0.15 64 1' (13 runs):

          5.492058      task-clock (msec)         #    0.957 CPUs utilized            ( +-  1.05% )
                 1      context-switches          #    0.266 K/sec                    ( +- 14.73% )
                 0      cpu-migrations            #    0.000 K/sec                  
               110      page-faults               #    0.020 M/sec                    ( +-  0.38% )
        18,572,727      cycles                    #    3.382 GHz                      ( +-  1.02% )
        21,026,444      instructions              #    1.13  insn per cycle           ( +-  0.03% )
         1,885,525      branches                  #  343.319 M/sec                    ( +-  0.07% )
            15,684      branch-misses             #    0.83% of all branches          ( +-  1.95% )

       0.005738886 seconds time elapsed                                          ( +-  1.15% )


 Performance counter stats for './mandelbrot_pth -0.8 -0.7 0.05 0.15 128 1' (13 runs):

         20.530096      task-clock (msec)         #    0.987 CPUs utilized            ( +-  0.55% )
                 2      context-switches          #    0.109 K/sec                    ( +- 32.16% )
                 0      cpu-migrations            #    0.007 K/sec                    ( +- 67.70% )
               229      page-faults               #    0.011 M/sec                    ( +-  0.16% )
        68,455,978      cycles                    #    3.334 GHz                      ( +-  0.39% )
        80,966,088      instructions              #    1.18  insn per cycle           ( +-  0.01% )
         6,938,818      branches                  #  337.983 M/sec                    ( +-  0.01% )
            28,421      branch-misses             #    0.41% of all branches          ( +-  0.54% )

       0.020796673 seconds time elapsed                                          ( +-  0.61% )


 Performance counter stats for './mandelbrot_pth -0.8 -0.7 0.05 0.15 256 1' (13 runs):

         82.184854      task-clock (msec)         #    0.991 CPUs utilized            ( +-  0.44% )
                11      context-switches          #    0.139 K/sec                    ( +- 22.84% )
                 0      cpu-migrations            #    0.001 K/sec                    ( +-100.00% )
               710      page-faults               #    0.009 M/sec                    ( +-  0.04% )
       270,381,236      cycles                    #    3.290 GHz                      ( +-  0.50% )
       321,043,434      instructions              #    1.19  insn per cycle           ( +-  0.03% )
        27,192,719      branches                  #  330.873 M/sec                    ( +-  0.07% )
            78,303      branch-misses             #    0.29% of all branches          ( +-  0.73% )

       0.082932535 seconds time elapsed                                          ( +-  0.45% )

./mandelbrot_pth: Interrupt

 Performance counter stats for './mandelbrot_pth -0.8 -0.7 0.05 0.15 512 1' (13 runs):

        308.349733      task-clock (msec)         #    0.996 CPUs utilized            ( +-  5.79% )
                36      context-switches          #    0.117 K/sec                    ( +- 29.25% )
                 0      cpu-migrations            #    0.000 K/sec                    ( +-100.00% )
             2,630      page-faults               #    0.009 M/sec                    ( +-  0.02% )
     1,011,833,270      cycles                    #    3.281 GHz                      ( +-  5.78% )
     1,212,035,481      instructions              #    1.20  insn per cycle           ( +-  5.64% )
       102,522,664      branches                  #  332.488 M/sec                    ( +-  5.43% )
           260,353      branch-misses             #    0.25% of all branches          ( +-  5.68% )

       0.309689002 seconds time elapsed                                          ( +-  5.77% )


 Performance counter stats for './mandelbrot_pth -0.8 -0.7 0.05 0.15 16 1' (13 runs):

          0.707382      task-clock (msec)         #    0.841 CPUs utilized            ( +-  1.67% )
                 1      context-switches          #    0.001 M/sec                  
                 0      cpu-migrations            #    0.000 K/sec                  
                71      page-faults               #    0.101 M/sec                    ( +-  0.51% )
         2,381,670      cycles                    #    3.367 GHz                      ( +-  1.67% )
         2,257,228      instructions              #    0.95  insn per cycle           ( +-  0.16% )
           302,474      branches                  #  427.596 M/sec                    ( +-  0.18% )
             9,538      branch-misses             #    3.15% of all branches          ( +-  2.12% )

       0.000841038 seconds time elapsed                                          ( +-  2.02% )


 Performance counter stats for './mandelbrot_pth -0.8 -0.7 0.05 0.15 32 1' (13 runs):

          1.611832      task-clock (msec)         #    0.924 CPUs utilized            ( +-  0.63% )
                 1      context-switches          #    0.716 K/sec                    ( +-  9.03% )
                 0      cpu-migrations            #    0.000 K/sec                  
                79      page-faults               #    0.049 M/sec                    ( +-  0.49% )
         5,449,155      cycles                    #    3.381 GHz                      ( +-  0.62% )
         5,998,496      instructions              #    1.10  insn per cycle           ( +-  0.05% )
           616,868      branches                  #  382.712 M/sec                    ( +-  0.11% )
            10,662      branch-misses             #    1.73% of all branches          ( +-  1.98% )

       0.001745069 seconds time elapsed                                          ( +-  0.92% )


 Performance counter stats for './mandelbrot_pth -0.8 -0.7 0.05 0.15 64 1' (13 runs):

          5.265366      task-clock (msec)         #    0.975 CPUs utilized            ( +-  0.84% )
                 1      context-switches          #    0.205 K/sec                    ( +-  7.14% )
                 0      cpu-migrations            #    0.000 K/sec                  
               109      page-faults               #    0.021 M/sec                    ( +-  0.41% )
        17,800,299      cycles                    #    3.381 GHz                      ( +-  0.72% )
        21,024,315      instructions              #    1.18  insn per cycle           ( +-  0.03% )
         1,885,342      branches                  #  358.065 M/sec                    ( +-  0.05% )
            14,496      branch-misses             #    0.77% of all branches          ( +-  1.20% )

       0.005398663 seconds time elapsed                                          ( +-  0.87% )


 Performance counter stats for './mandelbrot_pth -0.8 -0.7 0.05 0.15 128 1' (13 runs):

         20.350183      task-clock (msec)         #    0.984 CPUs utilized            ( +-  0.83% )
                 2      context-switches          #    0.102 K/sec                    ( +- 40.23% )
                 0      cpu-migrations            #    0.011 K/sec                    ( +- 52.70% )
               229      page-faults               #    0.011 M/sec                    ( +-  0.19% )
        68,422,504      cycles                    #    3.362 GHz                      ( +-  0.73% )
        80,988,217      instructions              #    1.18  insn per cycle           ( +-  0.02% )
         6,943,960      branches                  #  341.223 M/sec                    ( +-  0.05% )
            30,692      branch-misses             #    0.44% of all branches          ( +-  4.37% )

       0.020679796 seconds time elapsed                                          ( +-  0.92% )


 Performance counter stats for './mandelbrot_pth -0.8 -0.7 0.05 0.15 256 1' (13 runs):

         75.825157      task-clock (msec)         #    0.997 CPUs utilized            ( +-  0.69% )
                 1      context-switches          #    0.019 K/sec                    ( +- 26.40% )
                 0      cpu-migrations            #    0.002 K/sec                    ( +-100.00% )
               710      page-faults               #    0.009 M/sec                    ( +-  0.04% )
       263,055,014      cycles                    #    3.469 GHz                      ( +-  0.16% )
       320,921,261      instructions              #    1.22  insn per cycle           ( +-  0.00% )
        27,171,415      branches                  #  358.343 M/sec                    ( +-  0.01% )
            76,432      branch-misses             #    0.28% of all branches          ( +-  0.38% )

       0.076032015 seconds time elapsed                                          ( +-  0.69% )


 Performance counter stats for './mandelbrot_pth -0.8 -0.7 0.05 0.15 512 1' (13 runs):

        298.465980      task-clock (msec)         #    0.999 CPUs utilized            ( +-  0.80% )
                 5      context-switches          #    0.016 K/sec                    ( +- 36.11% )
                 0      cpu-migrations            #    0.000 K/sec                  
             2,630      page-faults               #    0.009 M/sec                    ( +-  0.02% )
     1,049,915,881      cycles                    #    3.518 GHz                      ( +-  0.34% )
     1,280,409,666      instructions              #    1.22  insn per cycle           ( +-  0.00% )
       108,074,753      branches                  #  362.101 M/sec                    ( +-  0.01% )
           291,161      branch-misses             #    0.27% of all branches          ( +-  7.46% )

       0.298789350 seconds time elapsed                                          ( +-  0.81% )


 Performance counter stats for './mandelbrot_pth -0.8 -0.7 0.05 0.15 1024 1' (13 runs):

       1169.117655      task-clock (msec)         #    0.999 CPUs utilized            ( +-  0.27% )
                23      context-switches          #    0.019 K/sec                    ( +- 39.15% )
                 0      cpu-migrations            #    0.000 K/sec                    ( +- 52.70% )
            10,310      page-faults               #    0.009 M/sec                    ( +-  0.00% )
     4,167,903,476      cycles                    #    3.565 GHz                      ( +-  0.05% )
     5,117,328,232      instructions              #    1.23  insn per cycle           ( +-  0.00% )
       431,641,001      branches                  #  369.202 M/sec                    ( +-  0.01% )
         1,019,863      branch-misses             #    0.24% of all branches          ( +-  1.97% )

       1.170083513 seconds time elapsed                                          ( +-  0.28% )


 Performance counter stats for './mandelbrot_pth -0.8 -0.7 0.05 0.15 2048 1' (13 runs):

       4717.016087      task-clock (msec)         #    1.000 CPUs utilized            ( +-  0.42% )
               107      context-switches          #    0.023 K/sec                    ( +- 66.71% )
                 0      cpu-migrations            #    0.000 K/sec                    ( +- 46.90% )
            41,030      page-faults               #    0.009 M/sec                    ( +-  0.00% )
    16,696,717,887      cycles                    #    3.540 GHz                      ( +-  0.08% )
    20,463,943,774      instructions              #    1.23  insn per cycle           ( +-  0.00% )
     1,725,728,148      branches                  #  365.852 M/sec                    ( +-  0.01% )
         3,917,365      branch-misses             #    0.23% of all branches          ( +-  0.58% )

       4.719016998 seconds time elapsed                                          ( +-  0.43% )


 Performance counter stats for './mandelbrot_pth -0.8 -0.7 0.05 0.15 4096 1' (13 runs):

      19310.499937      task-clock (msec)         #    0.999 CPUs utilized            ( +-  0.99% )
               146      context-switches          #    0.008 K/sec                    ( +- 52.43% )
                 1      cpu-migrations            #    0.000 K/sec                    ( +- 20.89% )
           163,909      page-faults               #    0.008 M/sec                    ( +-  0.00% )
    66,985,989,279      cycles                    #    3.469 GHz                      ( +-  0.17% )
    81,849,811,921      instructions              #    1.22  insn per cycle           ( +-  0.00% )
     6,902,127,271      branches                  #  357.429 M/sec                    ( +-  0.00% )
        15,400,113      branch-misses             #    0.22% of all branches          ( +-  0.96% )

      19.322547474 seconds time elapsed                                          ( +-  1.00% )


 Performance counter stats for './mandelbrot_pth -0.8 -0.7 0.05 0.15 8192 1' (13 runs):

      79163.728825      task-clock (msec)         #    0.994 CPUs utilized            ( +-  0.51% )
               639      context-switches          #    0.008 K/sec                    ( +- 18.23% )
                 5      cpu-migrations            #    0.000 K/sec                    ( +- 20.44% )
           655,430      page-faults               #    0.008 M/sec                    ( +-  0.00% )
   267,947,623,362      cycles                    #    3.385 GHz                      ( +-  0.11% )
   327,345,402,499      instructions              #    1.22  insn per cycle           ( +-  0.00% )
    27,597,165,896      branches                  #  348.609 M/sec                    ( +-  0.01% )
        59,489,453      branch-misses             #    0.22% of all branches          ( +-  0.30% )

      79.670760301 seconds time elapsed                                          ( +-  0.53% )

