
 Performance counter stats for './mandelbrot_pth -0.8 -0.7 0.05 0.15 16 8' (10 runs):

          3.680371      task-clock (msec)         #    0.077 CPUs utilized            ( +- 10.76% )
                11      context-switches          #    0.003 M/sec                    ( +- 11.26% )
                 2      cpu-migrations            #    0.679 K/sec                    ( +- 33.86% )
                84      page-faults               #    0.023 M/sec                    ( +-  0.53% )
         3,855,821      cycles                    #    1.048 GHz                      ( +-  1.32% )
         2,731,024      instructions              #    0.71  insn per cycle           ( +-  0.43% )
           403,004      branches                  #  109.501 M/sec                    ( +-  0.55% )
            15,350      branch-misses             #    3.81% of all branches          ( +-  1.83% )

       0.047495747 seconds time elapsed                                          ( +- 61.38% )


 Performance counter stats for './mandelbrot_pth -0.8 -0.7 0.05 0.15 32 8' (10 runs):

          6.825223      task-clock (msec)         #    0.291 CPUs utilized            ( +- 11.20% )
                 8      context-switches          #    0.001 M/sec                    ( +-  7.76% )
                 3      cpu-migrations            #    0.396 K/sec                    ( +- 20.70% )
                91      page-faults               #    0.013 M/sec                    ( +-  0.50% )
         7,487,129      cycles                    #    1.097 GHz                      ( +-  0.85% )
         6,379,029      instructions              #    0.85  insn per cycle           ( +-  0.19% )
           722,368      branches                  #  105.838 M/sec                    ( +-  0.27% )
            16,260      branch-misses             #    2.25% of all branches          ( +-  1.36% )

       0.023439532 seconds time elapsed                                          ( +- 11.77% )


 Performance counter stats for './mandelbrot_pth -0.8 -0.7 0.05 0.15 64 8' (10 runs):

         18.956947      task-clock (msec)         #    0.374 CPUs utilized            ( +- 14.58% )
                16      context-switches          #    0.844 K/sec                    ( +- 16.95% )
                 2      cpu-migrations            #    0.111 K/sec                    ( +- 13.19% )
               121      page-faults               #    0.006 M/sec                    ( +-  0.33% )
        22,386,704      cycles                    #    1.181 GHz                      ( +-  0.58% )
        20,952,417      instructions              #    0.94  insn per cycle           ( +-  0.07% )
         2,001,568      branches                  #  105.585 M/sec                    ( +-  0.15% )
            20,574      branch-misses             #    1.03% of all branches          ( +-  1.53% )

       0.050686201 seconds time elapsed                                          ( +- 59.17% )


 Performance counter stats for './mandelbrot_pth -0.8 -0.7 0.05 0.15 128 8' (10 runs):

         51.538326      task-clock (msec)         #    2.293 CPUs utilized            ( +- 19.30% )
                22      context-switches          #    0.435 K/sec                    ( +- 24.09% )
                 1      cpu-migrations            #    0.025 K/sec                    ( +- 30.45% )
               242      page-faults               #    0.005 M/sec                    ( +-  0.26% )
        82,042,088      cycles                    #    1.592 GHz                      ( +-  0.46% )
        78,950,210      instructions              #    0.96  insn per cycle           ( +-  0.04% )
         7,070,061      branches                  #  137.181 M/sec                    ( +-  0.09% )
            34,801      branch-misses             #    0.49% of all branches          ( +-  1.66% )

       0.022475250 seconds time elapsed                                          ( +- 21.21% )


 Performance counter stats for './mandelbrot_pth -0.8 -0.7 0.05 0.15 256 8' (10 runs):

        185.214014      task-clock (msec)         #    4.407 CPUs utilized            ( +- 14.42% )
                75      context-switches          #    0.405 K/sec                    ( +- 21.15% )
                 2      cpu-migrations            #    0.011 K/sec                    ( +- 14.91% )
               722      page-faults               #    0.004 M/sec                    ( +-  0.06% )
       322,703,243      cycles                    #    1.742 GHz                      ( +-  0.46% )
       311,482,503      instructions              #    0.97  insn per cycle           ( +-  0.05% )
        27,426,070      branches                  #  148.078 M/sec                    ( +-  0.11% )
            90,135      branch-misses             #    0.33% of all branches          ( +-  1.69% )

       0.042024376 seconds time elapsed                                          ( +- 12.30% )


 Performance counter stats for './mandelbrot_pth -0.8 -0.7 0.05 0.15 512 8' (10 runs):

        381.707169      task-clock (msec)         #    5.280 CPUs utilized            ( +-  0.30% )
               201      context-switches          #    0.526 K/sec                    ( +-  8.30% )
                 2      cpu-migrations            #    0.004 K/sec                    ( +- 11.11% )
             2,642      page-faults               #    0.007 M/sec                    ( +-  0.01% )
     1,291,623,477      cycles                    #    3.384 GHz                      ( +-  0.29% )
     1,239,743,344      instructions              #    0.96  insn per cycle           ( +-  0.02% )
       108,544,904      branches                  #  284.367 M/sec                    ( +-  0.04% )
           288,457      branch-misses             #    0.27% of all branches          ( +-  0.73% )

       0.072296720 seconds time elapsed                                          ( +-  0.69% )


 Performance counter stats for './mandelbrot_pth -0.8 -0.7 0.05 0.15 1024 8' (10 runs):

       1519.843357      task-clock (msec)         #    5.392 CPUs utilized            ( +-  0.12% )
               637      context-switches          #    0.419 K/sec                    ( +-  5.49% )
                 2      cpu-migrations            #    0.001 K/sec                    ( +- 21.42% )
            10,321      page-faults               #    0.007 M/sec                    ( +-  0.00% )
     5,149,182,295      cycles                    #    3.388 GHz                      ( +-  0.11% )
     4,951,499,803      instructions              #    0.96  insn per cycle           ( +-  0.00% )
       432,842,589      branches                  #  284.794 M/sec                    ( +-  0.01% )
         1,060,838      branch-misses             #    0.25% of all branches          ( +-  0.33% )

       0.281891478 seconds time elapsed                                          ( +-  0.45% )

