
 Performance counter stats for './mandelbrot_pth -0.188 -0.012 0.554 0.754 16 8' (10 runs):

          3.699963      task-clock (msec)         #    0.189 CPUs utilized            ( +- 14.25% )
                12      context-switches          #    0.003 M/sec                    ( +- 13.73% )
                 2      cpu-migrations            #    0.676 K/sec                    ( +- 29.96% )
                84      page-faults               #    0.023 M/sec                    ( +-  0.46% )
         4,056,568      cycles                    #    1.096 GHz                      ( +-  1.19% )
         2,915,105      instructions              #    0.72  insn per cycle           ( +-  0.30% )
           419,490      branches                  #  113.377 M/sec                    ( +-  0.41% )
            15,294      branch-misses             #    3.65% of all branches          ( +-  2.29% )

       0.019556280 seconds time elapsed                                          ( +- 19.59% )


 Performance counter stats for './mandelbrot_pth -0.188 -0.012 0.554 0.754 32 8' (10 runs):

          6.707819      task-clock (msec)         #    1.044 CPUs utilized            ( +- 13.87% )
                 7      context-switches          #    0.001 M/sec                    ( +-  8.14% )
                 1      cpu-migrations            #    0.149 K/sec                    ( +- 33.33% )
                92      page-faults               #    0.014 M/sec                    ( +-  0.71% )
         7,965,145      cycles                    #    1.187 GHz                      ( +-  0.94% )
         6,971,154      instructions              #    0.88  insn per cycle           ( +-  0.16% )
           766,994      branches                  #  114.343 M/sec                    ( +-  0.28% )
            15,412      branch-misses             #    2.01% of all branches          ( +-  1.08% )

       0.006422550 seconds time elapsed                                          ( +- 39.16% )


 Performance counter stats for './mandelbrot_pth -0.188 -0.012 0.554 0.754 64 8' (10 runs):

         13.618921      task-clock (msec)         #    1.285 CPUs utilized            ( +- 22.82% )
                 8      context-switches          #    0.617 K/sec                    ( +- 18.20% )
                 1      cpu-migrations            #    0.088 K/sec                    ( +- 27.22% )
               121      page-faults               #    0.009 M/sec                    ( +-  0.40% )
        24,881,348      cycles                    #    1.827 GHz                      ( +-  0.96% )
        23,342,099      instructions              #    0.94  insn per cycle           ( +-  0.05% )
         2,180,260      branches                  #  160.091 M/sec                    ( +-  0.11% )
            19,382      branch-misses             #    0.89% of all branches          ( +-  1.78% )

       0.010600662 seconds time elapsed                                          ( +- 38.09% )


 Performance counter stats for './mandelbrot_pth -0.188 -0.012 0.554 0.754 128 8' (10 runs):

         26.889961      task-clock (msec)         #    3.322 CPUs utilized            ( +-  0.81% )
                 6      context-switches          #    0.231 K/sec                    ( +- 11.23% )
                 1      cpu-migrations            #    0.048 K/sec                    ( +- 25.77% )
               241      page-faults               #    0.009 M/sec                    ( +-  0.19% )
        90,839,674      cycles                    #    3.378 GHz                      ( +-  0.78% )
        88,520,044      instructions              #    0.97  insn per cycle           ( +-  0.01% )
         7,795,395      branches                  #  289.900 M/sec                    ( +-  0.02% )
            33,321      branch-misses             #    0.43% of all branches          ( +-  0.48% )

       0.008093602 seconds time elapsed                                          ( +-  9.85% )


 Performance counter stats for './mandelbrot_pth -0.188 -0.012 0.554 0.754 256 8' (10 runs):

        147.990524      task-clock (msec)         #    4.030 CPUs utilized            ( +- 20.21% )
                77      context-switches          #    0.519 K/sec                    ( +- 35.03% )
                 3      cpu-migrations            #    0.018 K/sec                    ( +- 11.75% )
               721      page-faults               #    0.005 M/sec                    ( +-  0.06% )
       364,756,116      cycles                    #    2.465 GHz                      ( +-  0.44% )
       349,677,316      instructions              #    0.96  insn per cycle           ( +-  0.07% )
        30,361,499      branches                  #  205.158 M/sec                    ( +-  0.15% )
            94,096      branch-misses             #    0.31% of all branches          ( +-  2.65% )

       0.036719105 seconds time elapsed                                          ( +- 17.49% )


 Performance counter stats for './mandelbrot_pth -0.188 -0.012 0.554 0.754 512 8' (10 runs):

        570.466613      task-clock (msec)         #    3.980 CPUs utilized            ( +-  9.04% )
               314      context-switches          #    0.550 K/sec                    ( +- 14.31% )
                 2      cpu-migrations            #    0.003 K/sec                    ( +- 12.56% )
             2,642      page-faults               #    0.005 M/sec                    ( +-  0.01% )
     1,461,669,256      cycles                    #    2.562 GHz                      ( +-  0.11% )
     1,393,328,485      instructions              #    0.95  insn per cycle           ( +-  0.02% )
       120,454,301      branches                  #  211.150 M/sec                    ( +-  0.05% )
           322,055      branch-misses             #    0.27% of all branches          ( +-  1.07% )

       0.143323346 seconds time elapsed                                          ( +-  5.87% )


 Performance counter stats for './mandelbrot_pth -0.188 -0.012 0.554 0.754 1024 8' (10 runs):

       1729.872146      task-clock (msec)         #    5.678 CPUs utilized            ( +-  0.22% )
               819      context-switches          #    0.474 K/sec                    ( +-  5.33% )
                 2      cpu-migrations            #    0.001 K/sec                    ( +- 14.57% )
            10,322      page-faults               #    0.006 M/sec                    ( +-  0.00% )
     5,860,136,213      cycles                    #    3.388 GHz                      ( +-  0.22% )
     5,565,994,050      instructions              #    0.95  insn per cycle           ( +-  0.01% )
       480,457,950      branches                  #  277.742 M/sec                    ( +-  0.02% )
         1,186,491      branch-misses             #    0.25% of all branches          ( +-  0.32% )

       0.304686385 seconds time elapsed                                          ( +-  0.91% )

