
 Performance counter stats for './mandelbrot_seq 0.175 0.375 -0.1 0.1 16' (13 runs):

              0.79 msec task-clock                #    0.025 CPUs utilized            ( +-  0.73% )
                 4      context-switches          #    0.005 M/sec                  
                 0      cpu-migrations            #    0.000 K/sec                  
                57      page-faults               #    0.072 M/sec                    ( +-  0.41% )
         2,476,378      cycles                    #    3.123 GHz                      ( +-  0.91% )  (95.90%)
         1,713,212      stalled-cycles-frontend   #   69.18% frontend cycles idle     ( +-  0.65% )
           945,246      stalled-cycles-backend    #   38.17% backend cycles idle      ( +-  1.15% )
         2,003,554      instructions              #    0.81  insn per cycle         
                                                  #    0.86  stalled cycles per insn  ( +-  0.10% )
           261,808      branches                  #  330.157 M/sec                    ( +-  0.13% )
     <not counted>      branch-misses                                                 ( +-100.00% )  (4.10%)

           0.03143 +- 0.00950 seconds time elapsed  ( +- 30.21% )

Some events weren't counted. Try disabling the NMI watchdog:
	echo 0 > /proc/sys/kernel/nmi_watchdog
	perf stat ...
	echo 1 > /proc/sys/kernel/nmi_watchdog

 Performance counter stats for './mandelbrot_seq 0.175 0.375 -0.1 0.1 32' (13 runs):

              1.81 msec task-clock                #    0.044 CPUs utilized            ( +-  0.38% )
                 4      context-switches          #    0.002 M/sec                  
                 0      cpu-migrations            #    0.000 K/sec                  
                66      page-faults               #    0.036 M/sec                    ( +-  0.39% )
         5,522,403      cycles                    #    3.050 GHz                      ( +-  4.53% )  (69.79%)
         3,985,552      stalled-cycles-frontend   #   72.17% frontend cycles idle     ( +-  0.26% )
         1,445,489      stalled-cycles-backend    #   26.18% backend cycles idle      ( +-  0.68% )
         5,604,377      instructions              #    1.01  insn per cycle         
                                                  #    0.71  stalled cycles per insn  ( +-  0.03% )
           565,148      branches                  #  312.152 M/sec                    ( +-  0.07% )
     <not counted>      branch-misses                                                 ( +- 32.40% )  (30.21%)

            0.0414 +- 0.0132 seconds time elapsed  ( +- 31.92% )

Some events weren't counted. Try disabling the NMI watchdog:
	echo 0 > /proc/sys/kernel/nmi_watchdog
	perf stat ...
	echo 1 > /proc/sys/kernel/nmi_watchdog

 Performance counter stats for './mandelbrot_seq 0.175 0.375 -0.1 0.1 64' (13 runs):

              5.87 msec task-clock                #    0.062 CPUs utilized            ( +-  0.26% )
                 4      context-switches          #    0.681 K/sec                  
                 0      cpu-migrations            #    0.000 K/sec                  
                96      page-faults               #    0.016 M/sec                    ( +-  0.23% )
        18,454,986      cycles                    #    3.142 GHz                      ( +-  0.45% )  (40.17%)
        13,044,344      stalled-cycles-frontend   #   70.68% frontend cycles idle     ( +-  0.27% )  (91.39%)
         3,386,384      stalled-cycles-backend    #   18.35% backend cycles idle      ( +-  0.31% )
        19,903,064      instructions              #    1.08  insn per cycle         
                                                  #    0.66  stalled cycles per insn  ( +-  0.02% )
         1,770,836      branches                  #  301.480 M/sec                    ( +-  0.03% )
            14,067      branch-misses             #    0.79% of all branches          ( +-  6.50% )  (68.44%)

            0.0945 +- 0.0171 seconds time elapsed  ( +- 18.08% )


 Performance counter stats for './mandelbrot_seq 0.175 0.375 -0.1 0.1 128' (13 runs):

             21.96 msec task-clock                #    0.155 CPUs utilized            ( +-  0.07% )
                 4      context-switches          #    0.182 K/sec                  
                 0      cpu-migrations            #    0.000 K/sec                  
               216      page-faults               #    0.010 M/sec                    ( +-  0.08% )
        69,612,434      cycles                    #    3.169 GHz                      ( +-  0.05% )  (81.82%)
        48,370,603      stalled-cycles-frontend   #   69.49% frontend cycles idle     ( +-  0.06% )  (81.82%)
        11,351,407      stalled-cycles-backend    #   16.31% backend cycles idle      ( +-  0.40% )  (63.63%)
        77,733,044      instructions              #    1.12  insn per cycle         
                                                  #    0.62  stalled cycles per insn  ( +-  0.04% )  (81.82%)
         6,423,694      branches                  #  292.473 M/sec                    ( +-  1.25% )  (83.24%)
            20,839      branch-misses             #    0.32% of all branches          ( +-  4.14% )  (89.49%)

            0.1417 +- 0.0161 seconds time elapsed  ( +- 11.38% )


 Performance counter stats for './mandelbrot_seq 0.175 0.375 -0.1 0.1 256' (13 runs):

             86.17 msec task-clock                #    0.362 CPUs utilized            ( +-  0.08% )
                 5      context-switches          #    0.054 K/sec                    ( +-  6.74% )
                 0      cpu-migrations            #    0.000 K/sec                  
               697      page-faults               #    0.008 M/sec                    ( +-  0.04% )
       273,755,138      cycles                    #    3.177 GHz                      ( +-  0.04% )  (81.44%)
       190,119,199      stalled-cycles-frontend   #   69.45% frontend cycles idle     ( +-  0.05% )  (81.44%)
        41,885,997      stalled-cycles-backend    #   15.30% backend cycles idle      ( +-  0.24% )  (67.87%)
       305,269,508      instructions              #    1.12  insn per cycle         
                                                  #    0.62  stalled cycles per insn  ( +-  0.25% )  (85.30%)
        26,543,542      branches                  #  308.054 M/sec                    ( +-  0.02% )  (86.06%)
            68,642      branch-misses             #    0.26% of all branches          ( +-  0.23% )  (83.19%)

            0.2382 +- 0.0151 seconds time elapsed  ( +-  6.33% )


 Performance counter stats for './mandelbrot_seq 0.175 0.375 -0.1 0.1 64' (13 runs):

              6.03 msec task-clock                #    0.166 CPUs utilized            ( +-  0.13% )
                 4      context-switches          #    0.677 K/sec                    ( +-  1.89% )
                 0      cpu-migrations            #    0.000 K/sec                  
                96      page-faults               #    0.016 M/sec                    ( +-  0.28% )
        18,460,418      cycles                    #    3.064 GHz                      ( +-  0.38% )  (42.09%)
        13,036,009      stalled-cycles-frontend   #   70.62% frontend cycles idle     ( +-  0.22% )  (91.49%)
         3,393,687      stalled-cycles-backend    #   18.38% backend cycles idle      ( +-  0.32% )
        19,900,801      instructions              #    1.08  insn per cycle         
                                                  #    0.66  stalled cycles per insn  ( +-  0.01% )
         1,770,436      branches                  #  293.818 M/sec                    ( +-  0.03% )
            14,294      branch-misses             #    0.81% of all branches          ( +-  6.25% )  (66.42%)

           0.03627 +- 0.00888 seconds time elapsed  ( +- 24.47% )


 Performance counter stats for './mandelbrot_seq 0.175 0.375 -0.1 0.1 128' (13 runs):

             22.64 msec task-clock                #    0.287 CPUs utilized            ( +-  0.13% )
                 4      context-switches          #    0.187 K/sec                    ( +-  2.87% )
                 0      cpu-migrations            #    0.000 K/sec                  
               216      page-faults               #    0.010 M/sec                    ( +-  0.13% )
        69,674,718      cycles                    #    3.077 GHz                      ( +-  0.10% )  (82.20%)
        48,451,130      stalled-cycles-frontend   #   69.54% frontend cycles idle     ( +-  0.11% )  (82.36%)
        11,399,916      stalled-cycles-backend    #   16.36% backend cycles idle      ( +-  0.58% )  (64.72%)
        77,652,087      instructions              #    1.11  insn per cycle         
                                                  #    0.62  stalled cycles per insn  ( +-  0.04% )  (82.36%)
         6,583,531      branches                  #  290.787 M/sec                    ( +-  1.24% )  (83.83%)
            19,911      branch-misses             #    0.30% of all branches          ( +-  4.36% )  (86.89%)

            0.0788 +- 0.0114 seconds time elapsed  ( +- 14.43% )


 Performance counter stats for './mandelbrot_seq 0.175 0.375 -0.1 0.1 256' (13 runs):

             89.16 msec task-clock                #    0.330 CPUs utilized            ( +-  0.20% )
                 4      context-switches          #    0.050 K/sec                    ( +-  3.23% )
                 0      cpu-migrations            #    0.000 K/sec                  
               696      page-faults               #    0.008 M/sec                    ( +-  0.04% )
       273,842,275      cycles                    #    3.071 GHz                      ( +-  0.04% )  (82.06%)
       190,365,867      stalled-cycles-frontend   #   69.52% frontend cycles idle     ( +-  0.05% )  (82.06%)
        42,037,001      stalled-cycles-backend    #   15.35% backend cycles idle      ( +-  0.25% )  (65.09%)
       302,578,823      instructions              #    1.10  insn per cycle         
                                                  #    0.63  stalled cycles per insn  ( +-  0.16% )  (83.03%)
        26,335,838      branches                  #  295.382 M/sec                    ( +-  0.60% )  (86.38%)
            68,556      branch-misses             #    0.26% of all branches          ( +-  0.58% )  (84.41%)

            0.2704 +- 0.0196 seconds time elapsed  ( +-  7.26% )


 Performance counter stats for './mandelbrot_seq 0.175 0.375 -0.1 0.1 512' (13 runs):

            348.08 msec task-clock                #    0.709 CPUs utilized            ( +-  0.38% )
                10      context-switches          #    0.029 K/sec                    ( +-  4.84% )
                 0      cpu-migrations            #    0.000 K/sec                  
             2,617      page-faults               #    0.008 M/sec                    ( +-  0.01% )
     1,090,443,947      cycles                    #    3.133 GHz                      ( +-  0.03% )  (82.91%)
       766,837,186      stalled-cycles-frontend   #   70.32% frontend cycles idle     ( +-  0.12% )  (83.08%)
       165,449,256      stalled-cycles-backend    #   15.17% backend cycles idle      ( +-  0.28% )  (66.87%)
     1,224,515,436      instructions              #    1.12  insn per cycle         
                                                  #    0.63  stalled cycles per insn  ( +-  0.18% )  (83.54%)
       106,083,031      branches                  #  304.765 M/sec                    ( +-  0.09% )  (83.88%)
           243,576      branch-misses             #    0.23% of all branches          ( +-  0.32% )  (83.26%)

            0.4911 +- 0.0179 seconds time elapsed  ( +-  3.65% )


 Performance counter stats for './mandelbrot_seq 0.175 0.375 -0.1 0.1 1024' (13 runs):

          1,487.80 msec task-clock                #    0.846 CPUs utilized            ( +-  0.73% )
                41      context-switches          #    0.027 K/sec                    ( +-  4.75% )
                 0      cpu-migrations            #    0.000 K/sec                    ( +- 31.18% )
             8,764      page-faults               #    0.006 M/sec                    ( +-  0.00% )
     4,469,364,587      cycles                    #    3.004 GHz                      ( +-  0.65% )  (83.26%)
     3,176,362,463      stalled-cycles-frontend   #   71.07% frontend cycles idle     ( +-  1.00% )  (83.26%)
       727,541,689      stalled-cycles-backend    #   16.28% backend cycles idle      ( +-  2.15% )  (66.64%)
     4,863,544,990      instructions              #    1.09  insn per cycle         
                                                  #    0.65  stalled cycles per insn  ( +-  0.02% )  (83.34%)
       411,179,572      branches                  #  276.367 M/sec                    ( +-  0.09% )  (83.47%)
           934,209      branch-misses             #    0.23% of all branches          ( +-  0.15% )  (83.36%)

            1.7591 +- 0.0567 seconds time elapsed  ( +-  3.22% )


 Performance counter stats for './mandelbrot_seq 0.175 0.375 -0.1 0.1 64' (13 runs):

              5.70 msec task-clock                #    0.231 CPUs utilized            ( +-  0.16% )
                 4      context-switches          #    0.701 K/sec                  
                 0      cpu-migrations            #    0.000 K/sec                  
                96      page-faults               #    0.017 M/sec                    ( +-  0.23% )
        18,417,304      cycles                    #    3.229 GHz                      ( +-  0.66% )  (40.72%)
        13,087,085      stalled-cycles-frontend   #   71.06% frontend cycles idle     ( +-  0.32% )  (92.94%)
         3,399,325      stalled-cycles-backend    #   18.46% backend cycles idle      ( +-  0.64% )
        19,903,233      instructions              #    1.08  insn per cycle         
                                                  #    0.66  stalled cycles per insn  ( +-  0.01% )
         1,771,043      branches                  #  310.490 M/sec                    ( +-  0.02% )
            14,530      branch-misses             #    0.82% of all branches          ( +-  6.53% )  (66.34%)

          0.024688 +- 0.000132 seconds time elapsed  ( +-  0.53% )


 Performance counter stats for './mandelbrot_seq 0.175 0.375 -0.1 0.1 128' (13 runs):

             21.31 msec task-clock                #    0.195 CPUs utilized            ( +-  0.09% )
                 4      context-switches          #    0.195 K/sec                    ( +-  2.51% )
                 0      cpu-migrations            #    0.000 K/sec                  
               216      page-faults               #    0.010 M/sec                    ( +-  0.13% )
        69,563,853      cycles                    #    3.265 GHz                      ( +-  0.08% )  (81.24%)
        48,356,002      stalled-cycles-frontend   #   69.51% frontend cycles idle     ( +-  0.12% )  (81.26%)
        11,409,291      stalled-cycles-backend    #   16.40% backend cycles idle      ( +-  0.67% )  (62.51%)
        77,705,652      instructions              #    1.12  insn per cycle         
                                                  #    0.62  stalled cycles per insn  ( +-  0.02% )  (81.25%)
         6,336,519      branches                  #  297.391 M/sec                    ( +-  1.02% )  (85.70%)
            21,793      branch-misses             #    0.34% of all branches          ( +-  2.91% )  (89.29%)

            0.1095 +- 0.0170 seconds time elapsed  ( +- 15.56% )


 Performance counter stats for './mandelbrot_seq 0.175 0.375 -0.1 0.1 256' (13 runs):

             88.34 msec task-clock                #    0.382 CPUs utilized            ( +-  1.99% )
                 5      context-switches          #    0.053 K/sec                    ( +-  2.84% )
                 0      cpu-migrations            #    0.004 K/sec                    ( +- 36.51% )
               697      page-faults               #    0.008 M/sec                    ( +-  0.02% )
       274,925,250      cycles                    #    3.112 GHz                      ( +-  0.16% )  (81.92%)
       191,571,628      stalled-cycles-frontend   #   69.68% frontend cycles idle     ( +-  0.22% )  (81.96%)
        43,238,075      stalled-cycles-backend    #   15.73% backend cycles idle      ( +-  1.21% )  (67.88%)
       308,694,425      instructions              #    1.12  insn per cycle         
                                                  #    0.62  stalled cycles per insn  ( +-  0.11% )  (84.66%)
        26,141,877      branches                  #  295.930 M/sec                    ( +-  0.73% )  (84.57%)
            67,556      branch-misses             #    0.26% of all branches          ( +-  0.48% )  (83.67%)

            0.2311 +- 0.0146 seconds time elapsed  ( +-  6.31% )


 Performance counter stats for './mandelbrot_seq 0.175 0.375 -0.1 0.1 512' (13 runs):

            489.20 msec task-clock                #    0.826 CPUs utilized            ( +-  6.71% )
                 8      context-switches          #    0.016 K/sec                    ( +-  2.24% )
                 0      cpu-migrations            #    0.000 K/sec                  
             2,617      page-faults               #    0.005 M/sec                    ( +-  0.01% )
     1,092,953,492      cycles                    #    2.234 GHz                      ( +-  0.12% )  (83.10%)
       767,077,619      stalled-cycles-frontend   #   70.18% frontend cycles idle     ( +-  0.14% )  (83.31%)
       166,012,164      stalled-cycles-backend    #   15.19% backend cycles idle      ( +-  0.31% )  (66.76%)
     1,213,014,246      instructions              #    1.11  insn per cycle         
                                                  #    0.63  stalled cycles per insn  ( +-  0.25% )  (83.45%)
       104,170,749      branches                  #  212.940 M/sec                    ( +-  0.31% )  (83.53%)
           242,250      branch-misses             #    0.23% of all branches          ( +-  0.32% )  (83.29%)

            0.5922 +- 0.0423 seconds time elapsed  ( +-  7.14% )


 Performance counter stats for './mandelbrot_seq 0.175 0.375 -0.1 0.1 1024' (13 runs):

          1,605.10 msec task-clock                #    0.884 CPUs utilized            ( +-  3.17% )
                22      context-switches          #    0.014 K/sec                    ( +-  4.15% )
                 1      cpu-migrations            #    0.001 K/sec                  
             8,764      page-faults               #    0.005 M/sec                    ( +-  0.00% )
     4,385,495,751      cycles                    #    2.732 GHz                      ( +-  0.07% )  (83.23%)
     3,090,159,847      stalled-cycles-frontend   #   70.46% frontend cycles idle     ( +-  0.06% )  (83.29%)
       700,112,257      stalled-cycles-backend    #   15.96% backend cycles idle      ( +-  0.19% )  (66.68%)
     4,874,141,372      instructions              #    1.11  insn per cycle         
                                                  #    0.63  stalled cycles per insn  ( +-  0.07% )  (83.38%)
       412,685,843      branches                  #  257.109 M/sec                    ( +-  0.08% )  (83.42%)
           935,410      branch-misses             #    0.23% of all branches          ( +-  0.14% )  (83.38%)

            1.8164 +- 0.0562 seconds time elapsed  ( +-  3.10% )


 Performance counter stats for './mandelbrot_seq 0.175 0.375 -0.1 0.1 64' (13 runs):

             12.96 msec task-clock                #    0.393 CPUs utilized            ( +-  3.05% )
                 4      context-switches          #    0.320 K/sec                    ( +-  2.51% )
                 0      cpu-migrations            #    0.000 K/sec                  
                96      page-faults               #    0.007 M/sec                    ( +-  0.14% )
        19,804,241      cycles                    #    1.528 GHz                      ( +-  1.25% )  (69.47%)
        13,155,624      stalled-cycles-frontend   #   66.43% frontend cycles idle     ( +-  2.49% )  (69.41%)
         2,901,105      stalled-cycles-backend    #   14.65% backend cycles idle      ( +-  2.34% )  (78.25%)
        19,712,203      instructions              #    1.00  insn per cycle         
                                                  #    0.67  stalled cycles per insn  ( +-  0.70% )  (98.92%)
         1,772,378      branches                  #  136.742 M/sec                    ( +-  0.02% )
            12,246      branch-misses             #    0.69% of all branches          ( +-  2.25% )  (82.87%)

          0.033015 +- 0.000351 seconds time elapsed  ( +-  1.06% )


 Performance counter stats for './mandelbrot_seq 0.175 0.375 -0.1 0.1 128' (13 runs):

             29.79 msec task-clock                #    0.241 CPUs utilized            ( +-  1.36% )
                 4      context-switches          #    0.137 K/sec                    ( +-  1.89% )
                 0      cpu-migrations            #    0.000 K/sec                  
               216      page-faults               #    0.007 M/sec                    ( +-  0.13% )
        73,700,193      cycles                    #    2.474 GHz                      ( +-  0.83% )  (76.66%)
        51,548,297      stalled-cycles-frontend   #   69.94% frontend cycles idle     ( +-  0.87% )  (86.53%)
        10,876,793      stalled-cycles-backend    #   14.76% backend cycles idle      ( +-  2.49% )  (73.25%)
        73,514,394      instructions              #    1.00  insn per cycle         
                                                  #    0.70  stalled cycles per insn  ( +-  0.60% )  (86.63%)
         6,414,622      branches                  #  215.345 M/sec                    ( +-  0.21% )  (86.61%)
            22,849      branch-misses             #    0.36% of all branches          ( +-  2.26% )  (76.94%)

            0.1234 +- 0.0155 seconds time elapsed  ( +- 12.53% )


 Performance counter stats for './mandelbrot_seq 0.175 0.375 -0.1 0.1 256' (13 runs):

            105.51 msec task-clock                #    0.375 CPUs utilized            ( +-  8.36% )
                 4      context-switches          #    0.042 K/sec                    ( +-  3.20% )
                 0      cpu-migrations            #    0.000 K/sec                  
               697      page-faults               #    0.007 M/sec                    ( +-  0.04% )
       275,700,400      cycles                    #    2.613 GHz                      ( +-  0.12% )  (82.64%)
       192,283,182      stalled-cycles-frontend   #   69.74% frontend cycles idle     ( +-  0.21% )  (83.07%)
        41,109,856      stalled-cycles-backend    #   14.91% backend cycles idle      ( +-  0.81% )  (66.19%)
       303,767,015      instructions              #    1.10  insn per cycle         
                                                  #    0.63  stalled cycles per insn  ( +-  0.34% )  (83.09%)
        25,604,264      branches                  #  242.669 M/sec                    ( +-  0.69% )  (84.43%)
            67,255      branch-misses             #    0.26% of all branches          ( +-  0.85% )  (83.66%)

            0.2811 +- 0.0105 seconds time elapsed  ( +-  3.75% )


 Performance counter stats for './mandelbrot_seq 0.175 0.375 -0.1 0.1 512' (13 runs):

            410.87 msec task-clock                #    0.753 CPUs utilized            ( +-  8.14% )
                 7      context-switches          #    0.017 K/sec                    ( +-  4.28% )
                 0      cpu-migrations            #    0.000 K/sec                  
             2,617      page-faults               #    0.006 M/sec                    ( +-  0.01% )
     1,097,667,619      cycles                    #    2.672 GHz                      ( +-  0.07% )  (82.87%)
       767,366,289      stalled-cycles-frontend   #   69.91% frontend cycles idle     ( +-  0.12% )  (83.08%)
       163,716,280      stalled-cycles-backend    #   14.91% backend cycles idle      ( +-  0.47% )  (67.01%)
     1,209,718,651      instructions              #    1.10  insn per cycle         
                                                  #    0.63  stalled cycles per insn  ( +-  0.23% )  (83.62%)
       104,541,809      branches                  #  254.442 M/sec                    ( +-  0.35% )  (83.69%)
           242,561      branch-misses             #    0.23% of all branches          ( +-  0.32% )  (83.34%)

            0.5456 +- 0.0292 seconds time elapsed  ( +-  5.36% )


 Performance counter stats for './mandelbrot_seq 0.175 0.375 -0.1 0.1 1024' (13 runs):

          1,526.79 msec task-clock                #    0.878 CPUs utilized            ( +-  3.65% )
                17      context-switches          #    0.011 K/sec                    ( +-  1.99% )
                 0      cpu-migrations            #    0.000 K/sec                  
             8,764      page-faults               #    0.006 M/sec                    ( +-  0.00% )
     4,382,053,556      cycles                    #    2.870 GHz                      ( +-  0.04% )  (83.24%)
     3,075,224,289      stalled-cycles-frontend   #   70.18% frontend cycles idle     ( +-  0.03% )  (83.27%)
       683,341,233      stalled-cycles-backend    #   15.59% backend cycles idle      ( +-  0.15% )  (66.72%)
     4,854,537,697      instructions              #    1.11  insn per cycle         
                                                  #    0.63  stalled cycles per insn  ( +-  0.05% )  (83.39%)
       408,499,119      branches                  #  267.555 M/sec                    ( +-  0.11% )  (83.40%)
           932,172      branch-misses             #    0.23% of all branches          ( +-  0.08% )  (83.36%)

            1.7395 +- 0.0525 seconds time elapsed  ( +-  3.02% )


 Performance counter stats for './mandelbrot_seq 0.175 0.375 -0.1 0.1 2048' (13 runs):

          5,616.14 msec task-clock                #    0.949 CPUs utilized            ( +-  0.81% )
               229      context-switches          #    0.041 K/sec                    ( +-  1.13% )
                 0      cpu-migrations            #    0.000 K/sec                  
            33,379      page-faults               #    0.006 M/sec                    ( +-  0.00% )
    17,528,945,369      cycles                    #    3.121 GHz                      ( +-  0.02% )  (83.30%)
    12,318,490,462      stalled-cycles-frontend   #   70.28% frontend cycles idle     ( +-  0.02% )  (83.30%)
     2,759,928,278      stalled-cycles-backend    #   15.74% backend cycles idle      ( +-  0.15% )  (66.69%)
    19,449,563,775      instructions              #    1.11  insn per cycle         
                                                  #    0.63  stalled cycles per insn  ( +-  0.02% )  (83.35%)
     1,640,192,320      branches                  #  292.050 M/sec                    ( +-  0.03% )  (83.37%)
         3,644,861      branch-misses             #    0.22% of all branches          ( +-  0.11% )  (83.34%)

            5.9178 +- 0.0549 seconds time elapsed  ( +-  0.93% )

