--------------------------------------------------------------------------
mpirun was unable to launch the specified application as it could not access
or execute an executable:

Executable: ./bin/mandelbrot_ompi
Node: Lenovo-Ubuntu

while attempting to start process rank 0.
--------------------------------------------------------------------------
16 total processes failed to start
--------------------------------------------------------------------------
mpirun was unable to launch the specified application as it could not access
or execute an executable:

Executable: ./bin/mandelbrot_ompi
Node: Lenovo-Ubuntu

while attempting to start process rank 0.
--------------------------------------------------------------------------
16 total processes failed to start
--------------------------------------------------------------------------
mpirun was unable to launch the specified application as it could not access
or execute an executable:

Executable: ./bin/mandelbrot_ompi
Node: Lenovo-Ubuntu

while attempting to start process rank 0.
--------------------------------------------------------------------------
16 total processes failed to start
--------------------------------------------------------------------------
mpirun was unable to launch the specified application as it could not access
or execute an executable:

Executable: ./bin/mandelbrot_ompi
Node: Lenovo-Ubuntu

while attempting to start process rank 0.
--------------------------------------------------------------------------
16 total processes failed to start
--------------------------------------------------------------------------
mpirun was unable to launch the specified application as it could not access
or execute an executable:

Executable: ./bin/mandelbrot_ompi
Node: Lenovo-Ubuntu

while attempting to start process rank 0.
--------------------------------------------------------------------------
16 total processes failed to start
--------------------------------------------------------------------------
mpirun was unable to launch the specified application as it could not access
or execute an executable:

Executable: ./bin/mandelbrot_ompi
Node: Lenovo-Ubuntu

while attempting to start process rank 0.
--------------------------------------------------------------------------
16 total processes failed to start
--------------------------------------------------------------------------
mpirun was unable to launch the specified application as it could not access
or execute an executable:

Executable: ./bin/mandelbrot_ompi
Node: Lenovo-Ubuntu

while attempting to start process rank 0.
--------------------------------------------------------------------------
16 total processes failed to start
--------------------------------------------------------------------------
mpirun was unable to launch the specified application as it could not access
or execute an executable:

Executable: ./bin/mandelbrot_ompi
Node: Lenovo-Ubuntu

while attempting to start process rank 0.
--------------------------------------------------------------------------
16 total processes failed to start
--------------------------------------------------------------------------
mpirun was unable to launch the specified application as it could not access
or execute an executable:

Executable: ./bin/mandelbrot_ompi
Node: Lenovo-Ubuntu

while attempting to start process rank 0.
--------------------------------------------------------------------------
16 total processes failed to start
--------------------------------------------------------------------------
mpirun was unable to launch the specified application as it could not access
or execute an executable:

Executable: ./bin/mandelbrot_ompi
Node: Lenovo-Ubuntu

while attempting to start process rank 0.
--------------------------------------------------------------------------
16 total processes failed to start
--------------------------------------------------------------------------
mpirun was unable to launch the specified application as it could not access
or execute an executable:

Executable: ./bin/mandelbrot_ompi
Node: Lenovo-Ubuntu

while attempting to start process rank 0.
--------------------------------------------------------------------------
16 total processes failed to start
--------------------------------------------------------------------------
mpirun was unable to launch the specified application as it could not access
or execute an executable:

Executable: ./bin/mandelbrot_ompi
Node: Lenovo-Ubuntu

while attempting to start process rank 0.
--------------------------------------------------------------------------
16 total processes failed to start
--------------------------------------------------------------------------
mpirun was unable to launch the specified application as it could not access
or execute an executable:

Executable: ./bin/mandelbrot_ompi
Node: Lenovo-Ubuntu

while attempting to start process rank 0.
--------------------------------------------------------------------------
16 total processes failed to start
--------------------------------------------------------------------------
mpirun was unable to launch the specified application as it could not access
or execute an executable:

Executable: ./bin/mandelbrot_ompi
Node: Lenovo-Ubuntu

while attempting to start process rank 0.
--------------------------------------------------------------------------
16 total processes failed to start
--------------------------------------------------------------------------
mpirun was unable to launch the specified application as it could not access
or execute an executable:

Executable: ./bin/mandelbrot_ompi
Node: Lenovo-Ubuntu

while attempting to start process rank 0.
--------------------------------------------------------------------------
16 total processes failed to start

 Performance counter stats for 'mpirun -np 16 ./bin/mandelbrot_ompi -0.188 -0.012 0.554 0.754 4096' (15 runs):

         48.228701      task-clock (msec)         #    0.983 CPUs utilized            ( +-  0.39% )
               116      context-switches          #    0.002 M/sec                    ( +-  0.49% )
                 8      cpu-migrations            #    0.159 K/sec                    ( +-  2.08% )
             3,684      page-faults               #    0.076 M/sec                    ( +-  0.02% )
       168,002,901      cycles                    #    3.483 GHz                      ( +-  0.33% )
       169,516,933      instructions              #    1.01  insn per cycle           ( +-  0.08% )
        36,194,625      branches                  #  750.479 M/sec                    ( +-  0.03% )
           932,227      branch-misses             #    2.58% of all branches          ( +-  0.07% )

       0.049078175 seconds time elapsed                                          ( +-  0.37% )

