--------------------------------------------------------------------------
mpirun was unable to launch the specified application as it could not access
or execute an executable:

Executable: ./bin/mandelbrot_ompi
Node: Lenovo-Ubuntu

while attempting to start process rank 0.
--------------------------------------------------------------------------
32 total processes failed to start
--------------------------------------------------------------------------
mpirun was unable to launch the specified application as it could not access
or execute an executable:

Executable: ./bin/mandelbrot_ompi
Node: Lenovo-Ubuntu

while attempting to start process rank 0.
--------------------------------------------------------------------------
32 total processes failed to start
--------------------------------------------------------------------------
mpirun was unable to launch the specified application as it could not access
or execute an executable:

Executable: ./bin/mandelbrot_ompi
Node: Lenovo-Ubuntu

while attempting to start process rank 0.
--------------------------------------------------------------------------
32 total processes failed to start
--------------------------------------------------------------------------
mpirun was unable to launch the specified application as it could not access
or execute an executable:

Executable: ./bin/mandelbrot_ompi
Node: Lenovo-Ubuntu

while attempting to start process rank 0.
--------------------------------------------------------------------------
32 total processes failed to start
--------------------------------------------------------------------------
mpirun was unable to launch the specified application as it could not access
or execute an executable:

Executable: ./bin/mandelbrot_ompi
Node: Lenovo-Ubuntu

while attempting to start process rank 0.
--------------------------------------------------------------------------
32 total processes failed to start
--------------------------------------------------------------------------
mpirun was unable to launch the specified application as it could not access
or execute an executable:

Executable: ./bin/mandelbrot_ompi
Node: Lenovo-Ubuntu

while attempting to start process rank 0.
--------------------------------------------------------------------------
32 total processes failed to start
--------------------------------------------------------------------------
mpirun was unable to launch the specified application as it could not access
or execute an executable:

Executable: ./bin/mandelbrot_ompi
Node: Lenovo-Ubuntu

while attempting to start process rank 0.
--------------------------------------------------------------------------
32 total processes failed to start
--------------------------------------------------------------------------
mpirun was unable to launch the specified application as it could not access
or execute an executable:

Executable: ./bin/mandelbrot_ompi
Node: Lenovo-Ubuntu

while attempting to start process rank 0.
--------------------------------------------------------------------------
32 total processes failed to start
--------------------------------------------------------------------------
mpirun was unable to launch the specified application as it could not access
or execute an executable:

Executable: ./bin/mandelbrot_ompi
Node: Lenovo-Ubuntu

while attempting to start process rank 0.
--------------------------------------------------------------------------
32 total processes failed to start
--------------------------------------------------------------------------
mpirun was unable to launch the specified application as it could not access
or execute an executable:

Executable: ./bin/mandelbrot_ompi
Node: Lenovo-Ubuntu

while attempting to start process rank 0.
--------------------------------------------------------------------------
32 total processes failed to start
--------------------------------------------------------------------------
mpirun was unable to launch the specified application as it could not access
or execute an executable:

Executable: ./bin/mandelbrot_ompi
Node: Lenovo-Ubuntu

while attempting to start process rank 0.
--------------------------------------------------------------------------
32 total processes failed to start
--------------------------------------------------------------------------
mpirun was unable to launch the specified application as it could not access
or execute an executable:

Executable: ./bin/mandelbrot_ompi
Node: Lenovo-Ubuntu

while attempting to start process rank 0.
--------------------------------------------------------------------------
32 total processes failed to start
--------------------------------------------------------------------------
mpirun was unable to launch the specified application as it could not access
or execute an executable:

Executable: ./bin/mandelbrot_ompi
Node: Lenovo-Ubuntu

while attempting to start process rank 0.
--------------------------------------------------------------------------
32 total processes failed to start
--------------------------------------------------------------------------
mpirun was unable to launch the specified application as it could not access
or execute an executable:

Executable: ./bin/mandelbrot_ompi
Node: Lenovo-Ubuntu

while attempting to start process rank 0.
--------------------------------------------------------------------------
32 total processes failed to start
--------------------------------------------------------------------------
mpirun was unable to launch the specified application as it could not access
or execute an executable:

Executable: ./bin/mandelbrot_ompi
Node: Lenovo-Ubuntu

while attempting to start process rank 0.
--------------------------------------------------------------------------
32 total processes failed to start

 Performance counter stats for 'mpirun -np 32 ./bin/mandelbrot_ompi -0.188 -0.012 0.554 0.754 4096' (15 runs):

         48.646093      task-clock (msec)         #    0.986 CPUs utilized            ( +-  0.55% )
               127      context-switches          #    0.003 M/sec                    ( +-  0.56% )
                 8      cpu-migrations            #    0.158 K/sec                    ( +-  1.64% )
             3,716      page-faults               #    0.076 M/sec                    ( +-  0.03% )
       169,680,219      cycles                    #    3.488 GHz                      ( +-  0.52% )
       170,870,640      instructions              #    1.01  insn per cycle           ( +-  0.07% )
        36,514,248      branches                  #  750.610 M/sec                    ( +-  0.02% )
           935,388      branch-misses             #    2.56% of all branches          ( +-  0.07% )

       0.049344964 seconds time elapsed                                          ( +-  0.58% )

