[kernel.kallsyms] with build id 7f8bd6eeb0ef492b560db70cd3d02872bf77ee1a not found, continuing without symbols
# To display the perf.data header info, please use --header/--header-only options.
#
#
# Total Lost Samples: 0
#
# Samples: 7K of event 'cycles:uppp'
# Event count (approx.): 345840264
#
# Overhead  Command         Shared Object       Symbol                          
# ........  ..............  ..................  ................................
#
    71.26%  mandelbrot_omp  libgomp.so.1.0.0    [.] 0x000000000001c6c0
    19.50%  mandelbrot_omp  libgomp.so.1.0.0    [.] 0x000000000001c858
     3.85%  mandelbrot_omp  libgomp.so.1.0.0    [.] 0x000000000001c6c2
     1.30%  mandelbrot_omp  libgomp.so.1.0.0    [.] 0x000000000001c6c6
     1.25%  mandelbrot_omp  libgomp.so.1.0.0    [.] 0x000000000001c6cb
     1.03%  mandelbrot_omp  libgomp.so.1.0.0    [.] 0x000000000001c85a
     0.51%  mandelbrot_omp  libgomp.so.1.0.0    [.] 0x000000000001c6cf
     0.40%  mandelbrot_omp  mandelbrot_omp      [.] compute_mandelbrot._omp_fn.0
     0.29%  mandelbrot_omp  libgomp.so.1.0.0    [.] 0x000000000001c85e
     0.25%  mandelbrot_omp  libgomp.so.1.0.0    [.] 0x000000000001c863
     0.12%  mandelbrot_omp  libgomp.so.1.0.0    [.] 0x000000000001c868
     0.06%  mandelbrot_omp  ld-2.27.so          [.] do_lookup_x
     0.02%  mandelbrot_omp  libc-2.27.so        [.] _dl_addr
     0.02%  mandelbrot_omp  [kernel]            [k] 0xffffffff8c0009e7
     0.01%  mandelbrot_omp  libc-2.27.so        [.] _IO_fwrite
     0.01%  mandelbrot_omp  libc-2.27.so        [.] __clone
     0.01%  mandelbrot_omp  ld-2.27.so          [.] _dl_lookup_symbol_x
     0.01%  mandelbrot_omp  libc-2.27.so        [.] _dl_vdso_vsym
     0.01%  mandelbrot_omp  libc-2.27.so        [.] __memmove_avx_unaligned_erms
     0.01%  mandelbrot_omp  libc-2.27.so        [.] __GI_____strtod_l_internal
     0.01%  mandelbrot_omp  libc-2.27.so        [.] _int_malloc
     0.01%  mandelbrot_omp  libc-2.27.so        [.] __getpagesize
     0.01%  mandelbrot_omp  libpthread-2.27.so  [.] _dl_get_tls_static_info@plt
     0.01%  mandelbrot_omp  ld-2.27.so          [.] strcmp
     0.01%  mandelbrot_omp  libc-2.27.so        [.] handle_intel.constprop.1
     0.01%  mandelbrot_omp  ld-2.27.so          [.] _dl_runtime_resolve_xsavec
     0.01%  mandelbrot_omp  ld-2.27.so          [.] _dl_init_paths
     0.01%  mandelbrot_omp  ld-2.27.so          [.] open_verify.constprop.7
     0.01%  mandelbrot_omp  ld-2.27.so          [.] _dl_relocate_object
     0.01%  mandelbrot_omp  ld-2.27.so          [.] __GI___tunables_init
     0.00%  mandelbrot_omp  ld-2.27.so          [.] _dl_cache_libcmp
     0.00%  mandelbrot_omp  ld-2.27.so          [.] _dl_sort_maps
     0.00%  mandelbrot_omp  ld-2.27.so          [.] _dl_next_ld_env_entry
     0.00%  mandelbrot_omp  ld-2.27.so          [.] _dl_name_match_p
     0.00%  mandelbrot_omp  libc-2.27.so        [.] __ctype_init
     0.00%  mandelbrot_omp  libpthread-2.27.so  [.] start_thread
     0.00%  mandelbrot_omp  ld-2.27.so          [.] _dl_sysdep_start
     0.00%  mandelbrot_omp  ld-2.27.so          [.] _dl_setup_hash
     0.00%  mandelbrot_omp  ld-2.27.so          [.] _dl_start
     0.00%  mandelbrot_omp  libgomp.so.1.0.0    [.] 0x000000000001c77b
     0.00%  mandelbrot_omp  libgomp.so.1.0.0    [.] 0x0000000000019db2
     0.00%  mandelbrot_omp  libpthread-2.27.so  [.] __ctype_init@plt
     0.00%  mandelbrot_omp  libgomp.so.1.0.0    [.] 0x0000000000019da2
     0.00%  mandelbrot_omp  libpthread-2.27.so  [.] _setjmp@plt
     0.00%  mandelbrot_omp  ld-2.27.so          [.] _start


#
# (Cannot load tips.txt file, please install perf!)
#
[kernel.kallsyms] with build id 7f8bd6eeb0ef492b560db70cd3d02872bf77ee1a not found, continuing without symbols
# To display the perf.data header info, please use --header/--header-only options.
#
#
# Total Lost Samples: 0
#
# Samples: 224  of event 'cycles:uppp'
# Event count (approx.): 2107525
#
# Overhead  Command         Shared Object       Symbol                          
# ........  ..............  ..................  ................................
#
    61.29%  mandelbrot_pth  mandelbrot_pth      [.] compute_mandelbrot_pth
     5.47%  mandelbrot_pth  [kernel]            [k] 0xffffffff8c0009e7
     4.59%  mandelbrot_pth  libc-2.27.so        [.] _dl_addr
     2.99%  mandelbrot_pth  mandelbrot_pth      [.] update_rgb_buffer
     2.74%  mandelbrot_pth  ld-2.27.so          [.] _dl_relocate_object
     2.60%  mandelbrot_pth  ld-2.27.so          [.] do_lookup_x
     2.23%  mandelbrot_pth  ld-2.27.so          [.] strcmp
     1.67%  mandelbrot_pth  [kernel]            [k] 0xffffffff8c000158
     1.53%  mandelbrot_pth  libc-2.27.so        [.] malloc
     1.35%  mandelbrot_pth  libc-2.27.so        [.] arena_thread_freeres
     1.29%  mandelbrot_pth  ld-2.27.so          [.] __GI___tunables_init
     1.17%  mandelbrot_pth  ld-2.27.so          [.] _dl_lookup_symbol_x
     0.99%  mandelbrot_pth  libc-2.27.so        [.] __libc_pthread_init
     0.93%  mandelbrot_pth  libpthread-2.27.so  [.] __pthread_mutex_lock
     0.92%  mandelbrot_pth  libc-2.27.so        [.] __libc_start_main
     0.77%  mandelbrot_pth  ld-2.27.so          [.] _dl_init_paths
     0.74%  mandelbrot_pth  ld-2.27.so          [.] _dl_cache_libcmp
     0.70%  mandelbrot_pth  libc-2.27.so        [.] _IO_file_xsputn@@GLIBC_2.2.5
     0.67%  mandelbrot_pth  ld-2.27.so          [.] _dl_name_match_p
     0.61%  mandelbrot_pth  ld-2.27.so          [.] dl_main
     0.55%  mandelbrot_pth  libpthread-2.27.so  [.] __GI___pthread_timedjoin_ex
     0.52%  mandelbrot_pth  libc-2.27.so        [.] __memmove_avx_unaligned_erms
     0.48%  mandelbrot_pth  mandelbrot_pth      [.] fprintf@plt
     0.45%  mandelbrot_pth  libc-2.27.so        [.] _IO_default_xsputn
     0.43%  mandelbrot_pth  ld-2.27.so          [.] _dl_runtime_resolve_xsavec
     0.39%  mandelbrot_pth  libc-2.27.so        [.] _setjmp
     0.30%  mandelbrot_pth  mandelbrot_pth      [.] create_threads
     0.30%  mandelbrot_pth  libpthread-2.27.so  [.] start_thread
     0.24%  mandelbrot_pth  libc-2.27.so        [.] __clone
     0.22%  mandelbrot_pth  ld-2.27.so          [.] _dl_start
     0.19%  mandelbrot_pth  libpthread-2.27.so  [.] __ctype_init@plt
     0.18%  mandelbrot_pth  libc-2.27.so        [.] __sigsetjmp
     0.15%  mandelbrot_pth  libc-2.27.so        [.] __ctype_init
     0.14%  mandelbrot_pth  libc-2.27.so        [.] __libc_calloc
     0.13%  mandelbrot_pth  libpthread-2.27.so  [.] _setjmp@plt
     0.07%  mandelbrot_pth  ld-2.27.so          [.] _start
     0.00%  mandelbrot_pth  [unknown]           [.] 0000000000000000


#
# (Cannot load tips.txt file, please install perf!)
#
