
 Performance counter stats for './mandelbrot_seq 0.175 0.375 -0.1 0.1 16' (10 runs):

          2.228111      task-clock (msec)         #    0.084 CPUs utilized            ( +- 10.07% )
                 1      context-switches          #    0.583 K/sec                    ( +- 23.08% )
                 0      cpu-migrations            #    0.180 K/sec                    ( +- 40.82% )
                56      page-faults               #    0.025 M/sec                    ( +-  0.60% )
         2,307,187      cycles                    #    1.035 GHz                      ( +-  2.87% )
         1,985,103      instructions              #    0.86  insn per cycle           ( +-  0.40% )
           261,061      branches                  #  117.167 M/sec                    ( +-  0.57% )
             9,007      branch-misses             #    3.45% of all branches          ( +-  1.45% )

       0.026647401 seconds time elapsed                                          ( +- 22.53% )


 Performance counter stats for './mandelbrot_seq 0.175 0.375 -0.1 0.1 32' (10 runs):

          4.532117      task-clock (msec)         #    0.153 CPUs utilized            ( +- 14.16% )
                 2      context-switches          #    0.463 K/sec                    ( +- 26.03% )
                 0      cpu-migrations            #    0.088 K/sec                    ( +- 40.82% )
                65      page-faults               #    0.014 M/sec                    ( +-  0.61% )
         5,280,299      cycles                    #    1.165 GHz                      ( +-  1.28% )
         5,469,726      instructions              #    1.04  insn per cycle           ( +-  0.14% )
           566,100      branches                  #  124.908 M/sec                    ( +-  0.25% )
            10,118      branch-misses             #    1.79% of all branches          ( +-  1.67% )

       0.029577310 seconds time elapsed                                          ( +- 22.66% )


 Performance counter stats for './mandelbrot_seq 0.175 0.375 -0.1 0.1 64' (10 runs):

         10.594145      task-clock (msec)         #    0.490 CPUs utilized            ( +- 19.50% )
                 1      context-switches          #    0.094 K/sec                    ( +- 29.81% )
                 0      cpu-migrations            #    0.009 K/sec                    ( +-100.00% )
                96      page-faults               #    0.009 M/sec                    ( +-  0.31% )
        16,830,534      cycles                    #    1.589 GHz                      ( +-  0.25% )
        19,282,568      instructions              #    1.15  insn per cycle           ( +-  0.04% )
         1,773,585      branches                  #  167.412 M/sec                    ( +-  0.07% )
            13,032      branch-misses             #    0.73% of all branches          ( +-  1.26% )

       0.021635019 seconds time elapsed                                          ( +- 18.53% )


 Performance counter stats for './mandelbrot_seq 0.175 0.375 -0.1 0.1 128' (10 runs):

         25.672285      task-clock (msec)         #    0.729 CPUs utilized            ( +- 14.40% )
                 2      context-switches          #    0.086 K/sec                    ( +- 24.24% )
                 0      cpu-migrations            #    0.008 K/sec                    ( +- 66.67% )
               215      page-faults               #    0.008 M/sec                    ( +-  0.12% )
        63,366,272      cycles                    #    2.468 GHz                      ( +-  0.31% )
        74,503,751      instructions              #    1.18  insn per cycle           ( +-  0.02% )
         6,602,646      branches                  #  257.190 M/sec                    ( +-  0.04% )
            25,733      branch-misses             #    0.39% of all branches          ( +-  0.85% )

       0.035218195 seconds time elapsed                                          ( +- 10.19% )


 Performance counter stats for './mandelbrot_seq 0.175 0.375 -0.1 0.1 256' (10 runs):

         72.609438      task-clock (msec)         #    0.990 CPUs utilized            ( +-  0.43% )
                12      context-switches          #    0.163 K/sec                    ( +- 30.10% )
                 0      cpu-migrations            #    0.000 K/sec                  
               696      page-faults               #    0.010 M/sec                    ( +-  0.04% )
       247,850,080      cycles                    #    3.413 GHz                      ( +-  0.22% )
       295,175,030      instructions              #    1.19  insn per cycle           ( +-  0.01% )
        25,892,156      branches                  #  356.595 M/sec                    ( +-  0.01% )
            71,611      branch-misses             #    0.28% of all branches          ( +-  0.45% )

       0.073321792 seconds time elapsed                                          ( +-  0.52% )


 Performance counter stats for './mandelbrot_seq 0.175 0.375 -0.1 0.1 512' (10 runs):

        295.858063      task-clock (msec)         #    0.752 CPUs utilized            ( +-  1.61% )
                44      context-switches          #    0.147 K/sec                    ( +- 29.28% )
                 0      cpu-migrations            #    0.001 K/sec                    ( +- 71.15% )
             2,616      page-faults               #    0.009 M/sec                    ( +-  0.01% )
       983,195,792      cycles                    #    3.323 GHz                      ( +-  0.13% )
     1,176,911,535      instructions              #    1.20  insn per cycle           ( +-  0.00% )
       102,973,827      branches                  #  348.051 M/sec                    ( +-  0.01% )
           249,890      branch-misses             #    0.24% of all branches          ( +-  0.40% )

       0.393484721 seconds time elapsed                                          ( +- 15.27% )


 Performance counter stats for './mandelbrot_seq 0.175 0.375 -0.1 0.1 1024' (10 runs):

       1123.662577      task-clock (msec)         #    0.905 CPUs utilized            ( +-  0.29% )
               124      context-switches          #    0.110 K/sec                    ( +- 28.16% )
                 1      cpu-migrations            #    0.001 K/sec                    ( +- 36.32% )
            10,296      page-faults               #    0.009 M/sec                    ( +-  0.00% )
     3,914,863,469      cycles                    #    3.484 GHz                      ( +-  0.07% )
     4,703,513,892      instructions              #    1.20  insn per cycle           ( +-  0.01% )
       411,340,141      branches                  #  366.071 M/sec                    ( +-  0.02% )
           953,690      branch-misses             #    0.23% of all branches          ( +-  0.50% )

       1.242180610 seconds time elapsed                                          ( +-  4.31% )


 Performance counter stats for './mandelbrot_seq 0.175 0.375 -0.1 0.1 2048' (10 runs):

       4469.472986      task-clock (msec)         #    0.996 CPUs utilized            ( +-  0.16% )
               362      context-switches          #    0.081 K/sec                    ( +- 39.69% )
                 0      cpu-migrations            #    0.000 K/sec                    ( +- 33.33% )
            41,016      page-faults               #    0.009 M/sec                    ( +-  0.00% )
    15,637,788,886      cycles                    #    3.499 GHz                      ( +-  0.04% )
    18,806,110,415      instructions              #    1.20  insn per cycle           ( +-  0.01% )
     1,644,184,851      branches                  #  367.870 M/sec                    ( +-  0.01% )
         3,724,061      branch-misses             #    0.23% of all branches          ( +-  0.43% )

       4.487376560 seconds time elapsed                                          ( +-  0.12% )


 Performance counter stats for './mandelbrot_seq 0.175 0.375 -0.1 0.1 4096' (10 runs):

      17849.642096      task-clock (msec)         #    0.996 CPUs utilized            ( +-  0.14% )
               504      context-switches          #    0.028 K/sec                    ( +- 38.37% )
                 1      cpu-migrations            #    0.000 K/sec                    ( +- 25.82% )
           163,896      page-faults               #    0.009 M/sec                    ( +-  0.00% )
    62,481,024,809      cycles                    #    3.500 GHz                      ( +-  0.06% )
    75,207,675,708      instructions              #    1.20  insn per cycle           ( +-  0.00% )
     6,574,318,484      branches                  #  368.317 M/sec                    ( +-  0.00% )
        14,589,816      branch-misses             #    0.22% of all branches          ( +-  0.12% )

      17.924464243 seconds time elapsed                                          ( +-  0.38% )

