
 Performance counter stats for './mandelbrot_seq -2.5 1.5 -2.0 2.0 16' (10 runs):

          1.332754      task-clock (msec)         #    0.069 CPUs utilized            ( +- 14.24% )
                 1      context-switches          #    0.600 K/sec                    ( +- 25.00% )
                 0      cpu-migrations            #    0.150 K/sec                    ( +- 66.67% )
                57      page-faults               #    0.043 M/sec                    ( +-  0.48% )
         1,460,613      cycles                    #    1.096 GHz                      ( +-  3.88% )
         1,091,153      instructions              #    0.75  insn per cycle           ( +-  0.37% )
           191,007      branches                  #  143.318 M/sec                    ( +-  0.37% )
             8,679      branch-misses             #    4.54% of all branches          ( +-  1.93% )

       0.019252369 seconds time elapsed                                          ( +- 21.64% )


 Performance counter stats for './mandelbrot_seq -2.5 1.5 -2.0 2.0 32' (10 runs):

          1.489824      task-clock (msec)         #    0.026 CPUs utilized            ( +- 16.82% )
                 2      context-switches          #    0.001 M/sec                    ( +- 25.00% )
                 1      cpu-migrations            #    0.403 K/sec                    ( +- 36.85% )
                66      page-faults               #    0.044 M/sec                    ( +-  0.60% )
         2,327,635      cycles                    #    1.562 GHz                      ( +-  3.28% )
         1,979,908      instructions              #    0.85  insn per cycle           ( +-  0.33% )
           296,760      branches                  #  199.191 M/sec                    ( +-  0.45% )
             9,472      branch-misses             #    3.19% of all branches          ( +-  1.88% )

       0.057623603 seconds time elapsed                                          ( +- 51.71% )


 Performance counter stats for './mandelbrot_seq -2.5 1.5 -2.0 2.0 64' (10 runs):

          3.660714      task-clock (msec)         #    0.065 CPUs utilized            ( +- 16.99% )
                 2      context-switches          #    0.410 K/sec                    ( +- 26.76% )
                 0      cpu-migrations            #    0.082 K/sec                    ( +- 50.92% )
                96      page-faults               #    0.026 M/sec                    ( +-  0.39% )
         4,445,086      cycles                    #    1.214 GHz                      ( +-  2.56% )
         5,443,509      instructions              #    1.22  insn per cycle           ( +-  0.13% )
           707,266      branches                  #  193.204 M/sec                    ( +-  0.17% )
            10,644      branch-misses             #    1.50% of all branches          ( +-  2.24% )

       0.056065557 seconds time elapsed                                          ( +- 53.71% )


 Performance counter stats for './mandelbrot_seq -2.5 1.5 -2.0 2.0 128' (10 runs):

          9.982968      task-clock (msec)         #    0.386 CPUs utilized            ( +- 14.30% )
                 2      context-switches          #    0.210 K/sec                    ( +- 16.57% )
                 0      cpu-migrations            #    0.050 K/sec                    ( +- 33.33% )
               215      page-faults               #    0.022 M/sec                    ( +-  0.07% )
        13,292,680      cycles                    #    1.332 GHz                      ( +-  1.63% )
        19,138,034      instructions              #    1.44  insn per cycle           ( +-  0.04% )
         2,331,946      branches                  #  233.592 M/sec                    ( +-  0.06% )
            14,192      branch-misses             #    0.61% of all branches          ( +-  1.08% )

       0.025866259 seconds time elapsed                                          ( +-  9.64% )


 Performance counter stats for './mandelbrot_seq -2.5 1.5 -2.0 2.0 256' (10 runs):

         20.234895      task-clock (msec)         #    0.588 CPUs utilized            ( +- 12.79% )
                 2      context-switches          #    0.124 K/sec                    ( +- 16.06% )
                 0      cpu-migrations            #    0.005 K/sec                    ( +-100.00% )
               696      page-faults               #    0.034 M/sec                    ( +-  0.04% )
        49,143,899      cycles                    #    2.429 GHz                      ( +-  0.66% )
        73,952,236      instructions              #    1.50  insn per cycle           ( +-  0.02% )
         8,833,697      branches                  #  436.558 M/sec                    ( +-  0.04% )
            26,300      branch-misses             #    0.30% of all branches          ( +-  1.17% )

       0.034421855 seconds time elapsed                                          ( +- 12.15% )


 Performance counter stats for './mandelbrot_seq -2.5 1.5 -2.0 2.0 512' (10 runs):

         59.316563      task-clock (msec)         #    0.990 CPUs utilized            ( +-  5.46% )
                 5      context-switches          #    0.084 K/sec                    ( +- 30.40% )
                 0      cpu-migrations            #    0.000 K/sec                  
             2,616      page-faults               #    0.044 M/sec                    ( +-  0.01% )
       190,900,295      cycles                    #    3.218 GHz                      ( +-  0.43% )
       292,973,245      instructions              #    1.53  insn per cycle           ( +-  0.01% )
        34,814,542      branches                  #  586.928 M/sec                    ( +-  0.02% )
            68,065      branch-misses             #    0.20% of all branches          ( +-  0.74% )

       0.059927054 seconds time elapsed                                          ( +-  5.39% )


 Performance counter stats for './mandelbrot_seq -2.5 1.5 -2.0 2.0 1024' (10 runs):

        220.124840      task-clock (msec)         #    0.997 CPUs utilized            ( +-  0.46% )
                10      context-switches          #    0.043 K/sec                    ( +- 63.51% )
                 0      cpu-migrations            #    0.000 K/sec                  
            10,296      page-faults               #    0.047 M/sec                    ( +-  0.00% )
       755,360,304      cycles                    #    3.432 GHz                      ( +-  0.31% )
     1,169,178,558      instructions              #    1.55  insn per cycle           ( +-  0.01% )
       138,755,159      branches                  #  630.348 M/sec                    ( +-  0.02% )
           228,655      branch-misses             #    0.16% of all branches          ( +-  0.69% )

       0.220815877 seconds time elapsed                                          ( +-  0.46% )


 Performance counter stats for './mandelbrot_seq -2.5 1.5 -2.0 2.0 2048' (10 runs):

        860.691230      task-clock (msec)         #    0.995 CPUs utilized            ( +-  0.23% )
                70      context-switches          #    0.081 K/sec                    ( +- 33.91% )
                 1      cpu-migrations            #    0.001 K/sec                    ( +- 36.85% )
            41,017      page-faults               #    0.048 M/sec                    ( +-  0.00% )
     2,995,445,817      cycles                    #    3.480 GHz                      ( +-  0.15% )
     4,674,659,267      instructions              #    1.56  insn per cycle           ( +-  0.01% )
       554,612,206      branches                  #  644.380 M/sec                    ( +-  0.02% )
           847,763      branch-misses             #    0.15% of all branches          ( +-  0.52% )

       0.865294823 seconds time elapsed                                          ( +-  0.22% )


 Performance counter stats for './mandelbrot_seq -2.5 1.5 -2.0 2.0 4096' (10 runs):

       3420.882601      task-clock (msec)         #    0.982 CPUs utilized            ( +-  0.08% )
               310      context-switches          #    0.091 K/sec                    ( +- 38.87% )
                 1      cpu-migrations            #    0.000 K/sec                    ( +- 42.07% )
           163,896      page-faults               #    0.048 M/sec                    ( +-  0.00% )
    11,932,224,940      cycles                    #    3.488 GHz                      ( +-  0.09% )
    18,695,975,902      instructions              #    1.57  insn per cycle           ( +-  0.01% )
     2,217,675,299      branches                  #  648.276 M/sec                    ( +-  0.01% )
         3,210,986      branch-misses             #    0.14% of all branches          ( +-  0.34% )

       3.484102555 seconds time elapsed                                          ( +-  1.41% )

./mandelbrot_seq: Interrupt
./mandelbrot_seq: Interrupt
./mandelbrot_seq: Interrupt
./mandelbrot_seq: Interrupt
./mandelbrot_seq: Interrupt
./mandelbrot_seq: Interrupt
./mandelbrot_seq: Interrupt

 Performance counter stats for './mandelbrot_seq -2.5 1.5 -2.0 2.0 8192' (10 runs):

       5787.678767      task-clock (msec)         #    0.826 CPUs utilized            ( +- 38.45% )
                98      context-switches          #    0.017 K/sec                    ( +- 51.80% )
                 2      cpu-migrations            #    0.000 K/sec                    ( +- 53.54% )
           325,433      page-faults               #    0.056 M/sec                    ( +- 28.44% )
    19,832,712,552      cycles                    #    3.427 GHz                      ( +- 38.41% )
    31,456,833,473      instructions              #    1.59  insn per cycle           ( +- 37.21% )
     3,807,712,872      branches                  #  657.900 M/sec                    ( +- 35.73% )
         5,213,344      branch-misses             #    0.14% of all branches          ( +- 37.73% )

       7.003841338 seconds time elapsed                                          ( +- 39.08% )

