
 Performance counter stats for './mandelbrot_seq -0.8 -0.7 0.05 0.15 16' (10 runs):

          1.598694      task-clock (msec)         #    0.061 CPUs utilized            ( +- 17.19% )
                 1      context-switches          #    0.813 K/sec                    ( +- 16.42% )
                 0      cpu-migrations            #    0.000 K/sec                  
                57      page-faults               #    0.035 M/sec                    ( +-  0.59% )
         2,428,411      cycles                    #    1.519 GHz                      ( +-  2.58% )
         2,007,374      instructions              #    0.83  insn per cycle           ( +-  0.24% )
           262,826      branches                  #  164.401 M/sec                    ( +-  0.30% )
             9,150      branch-misses             #    3.48% of all branches          ( +-  0.91% )

       0.026403513 seconds time elapsed                                          ( +- 11.70% )


 Performance counter stats for './mandelbrot_seq -0.8 -0.7 0.05 0.15 32' (10 runs):

          5.690630      task-clock (msec)         #    0.188 CPUs utilized            ( +-  6.81% )
                 2      context-switches          #    0.439 K/sec                    ( +- 24.04% )
                 1      cpu-migrations            #    0.105 K/sec                    ( +- 36.85% )
                65      page-faults               #    0.011 M/sec                    ( +-  0.41% )
         5,530,754      cycles                    #    0.972 GHz                      ( +-  1.62% )
         5,640,983      instructions              #    1.02  insn per cycle           ( +-  0.10% )
           579,118      branches                  #  101.767 M/sec                    ( +-  0.20% )
            10,310      branch-misses             #    1.78% of all branches          ( +-  1.32% )

       0.030327041 seconds time elapsed                                          ( +- 19.04% )


 Performance counter stats for './mandelbrot_seq -0.8 -0.7 0.05 0.15 64' (10 runs):

         13.903390      task-clock (msec)         #    0.495 CPUs utilized            ( +- 15.01% )
                 2      context-switches          #    0.151 K/sec                    ( +- 20.63% )
                 0      cpu-migrations            #    0.022 K/sec                    ( +- 50.92% )
                95      page-faults               #    0.007 M/sec                    ( +-  0.36% )
        17,640,947      cycles                    #    1.269 GHz                      ( +-  0.46% )
        20,161,447      instructions              #    1.14  insn per cycle           ( +-  0.04% )
         1,842,368      branches                  #  132.512 M/sec                    ( +-  0.07% )
            13,834      branch-misses             #    0.75% of all branches          ( +-  1.20% )

       0.028075222 seconds time elapsed                                          ( +- 12.44% )


 Performance counter stats for './mandelbrot_seq -0.8 -0.7 0.05 0.15 128' (10 runs):

         28.408496      task-clock (msec)         #    0.444 CPUs utilized            ( +- 14.78% )
                 4      context-switches          #    0.137 K/sec                    ( +- 33.42% )
                 0      cpu-migrations            #    0.011 K/sec                    ( +- 71.15% )
               215      page-faults               #    0.008 M/sec                    ( +-  0.08% )
        66,389,866      cycles                    #    2.337 GHz                      ( +-  0.16% )
        78,086,405      instructions              #    1.18  insn per cycle           ( +-  0.01% )
         6,876,429      branches                  #  242.055 M/sec                    ( +-  0.02% )
            26,095      branch-misses             #    0.38% of all branches          ( +-  0.89% )

       0.064044801 seconds time elapsed                                          ( +- 42.65% )


 Performance counter stats for './mandelbrot_seq -0.8 -0.7 0.05 0.15 256' (10 runs):

         79.441515      task-clock (msec)         #    0.889 CPUs utilized            ( +-  4.02% )
                 9      context-switches          #    0.108 K/sec                    ( +- 28.49% )
                 0      cpu-migrations            #    0.001 K/sec                    ( +-100.00% )
               697      page-faults               #    0.009 M/sec                    ( +-  0.04% )
       260,870,365      cycles                    #    3.284 GHz                      ( +-  0.12% )
       309,974,218      instructions              #    1.19  insn per cycle           ( +-  0.01% )
        27,028,238      branches                  #  340.228 M/sec                    ( +-  0.01% )
            74,883      branch-misses             #    0.28% of all branches          ( +-  0.38% )

       0.089349644 seconds time elapsed                                          ( +- 10.82% )


 Performance counter stats for './mandelbrot_seq -0.8 -0.7 0.05 0.15 512' (10 runs):

        318.306674      task-clock (msec)         #    0.502 CPUs utilized            ( +-  1.78% )
                26      context-switches          #    0.083 K/sec                    ( +- 39.08% )
                 1      cpu-migrations            #    0.003 K/sec                    ( +- 29.81% )
             2,616      page-faults               #    0.008 M/sec                    ( +-  0.01% )
     1,038,716,173      cycles                    #    3.263 GHz                      ( +-  0.17% )
     1,237,229,920      instructions              #    1.19  insn per cycle           ( +-  0.01% )
       107,623,239      branches                  #  338.112 M/sec                    ( +-  0.01% )
           266,989      branch-misses             #    0.25% of all branches          ( +-  0.85% )

       0.633839328 seconds time elapsed                                          ( +- 15.51% )


 Performance counter stats for './mandelbrot_seq -0.8 -0.7 0.05 0.15 1024' (10 runs):

       1184.817519      task-clock (msec)         #    0.813 CPUs utilized            ( +-  0.25% )
               106      context-switches          #    0.090 K/sec                    ( +- 32.73% )
                 1      cpu-migrations            #    0.001 K/sec                    ( +- 36.85% )
            10,296      page-faults               #    0.009 M/sec                    ( +-  0.00% )
     4,139,982,458      cycles                    #    3.494 GHz                      ( +-  0.11% )
     4,944,853,979      instructions              #    1.19  insn per cycle           ( +-  0.00% )
       429,838,874      branches                  #  362.789 M/sec                    ( +-  0.01% )
         1,001,427      branch-misses             #    0.23% of all branches          ( +-  0.17% )

       1.456838163 seconds time elapsed                                          ( +- 18.35% )


 Performance counter stats for './mandelbrot_seq -0.8 -0.7 0.05 0.15 2048' (10 runs):

       4712.081614      task-clock (msec)         #    0.996 CPUs utilized            ( +-  0.10% )
               324      context-switches          #    0.069 K/sec                    ( +- 24.62% )
                 1      cpu-migrations            #    0.000 K/sec                    ( +- 21.82% )
            41,016      page-faults               #    0.009 M/sec                    ( +-  0.00% )
    16,498,782,884      cycles                    #    3.501 GHz                      ( +-  0.05% )
    19,774,713,893      instructions              #    1.20  insn per cycle           ( +-  0.01% )
     1,718,713,208      branches                  #  364.746 M/sec                    ( +-  0.01% )
         3,909,027      branch-misses             #    0.23% of all branches          ( +-  0.41% )

       4.730172198 seconds time elapsed                                          ( +-  0.13% )


 Performance counter stats for './mandelbrot_seq -0.8 -0.7 0.05 0.15 4096' (10 runs):

      18955.034294      task-clock (msec)         #    0.999 CPUs utilized            ( +-  0.43% )
               492      context-switches          #    0.026 K/sec                    ( +- 52.30% )
                 2      cpu-migrations            #    0.000 K/sec                    ( +- 21.08% )
           163,896      page-faults               #    0.009 M/sec                    ( +-  0.00% )
    66,038,088,467      cycles                    #    3.484 GHz                      ( +-  0.08% )
    79,093,353,847      instructions              #    1.20  insn per cycle           ( +-  0.00% )
     6,873,660,338      branches                  #  362.630 M/sec                    ( +-  0.01% )
        15,309,180      branch-misses             #    0.22% of all branches          ( +-  0.16% )

      18.974866580 seconds time elapsed                                          ( +-  0.42% )

