
 Performance counter stats for './mandelbrot_seq 0.175 0.375 -0.1 0.1 16' (5 runs):

              3,89 msec task-clock                #    0,778 CPUs utilized            ( +-  5,10% )
                 0      context-switches          #    0,051 K/sec                    ( +-100,00% )
                 0      cpu-migrations            #    0,000 K/sec                  
                58      page-faults               #    0,015 M/sec                    ( +-  0,64% )
   <not supported>      cycles                                                      
   <not supported>      instructions                                                
   <not supported>      branches                                                    
   <not supported>      branch-misses                                               

          0,005003 +- 0,000270 seconds time elapsed  ( +-  5,39% )


 Performance counter stats for './mandelbrot_seq 0.175 0.375 -0.1 0.1 32' (5 runs):

              6,69 msec task-clock                #    0,887 CPUs utilized            ( +-  1,30% )
                 0      context-switches          #    0,000 K/sec                  
                 0      cpu-migrations            #    0,000 K/sec                  
                66      page-faults               #    0,010 M/sec                    ( +-  0,88% )
   <not supported>      cycles                                                      
   <not supported>      instructions                                                
   <not supported>      branches                                                    
   <not supported>      branch-misses                                               

          0,007546 +- 0,000145 seconds time elapsed  ( +-  1,93% )


 Performance counter stats for './mandelbrot_seq 0.175 0.375 -0.1 0.1 64' (5 runs):

             22,20 msec task-clock                #    0,909 CPUs utilized            ( +-  1,97% )
                 3      context-switches          #    0,153 K/sec                    ( +- 22,01% )
                 0      cpu-migrations            #    0,009 K/sec                    ( +-100,00% )
                96      page-faults               #    0,004 M/sec                    ( +-  0,25% )
   <not supported>      cycles                                                      
   <not supported>      instructions                                                
   <not supported>      branches                                                    
   <not supported>      branch-misses                                               

           0,02443 +- 0,00159 seconds time elapsed  ( +-  6,51% )


 Performance counter stats for './mandelbrot_seq 0.175 0.375 -0.1 0.1 128' (5 runs):

             79,25 msec task-clock                #    0,979 CPUs utilized            ( +-  0,57% )
                 5      context-switches          #    0,066 K/sec                    ( +- 25,37% )
                 0      cpu-migrations            #    0,003 K/sec                    ( +-100,00% )
               217      page-faults               #    0,003 M/sec                    ( +-  0,17% )
   <not supported>      cycles                                                      
   <not supported>      instructions                                                
   <not supported>      branches                                                    
   <not supported>      branch-misses                                               

           0,08099 +- 0,00112 seconds time elapsed  ( +-  1,38% )


 Performance counter stats for './mandelbrot_seq 0.175 0.375 -0.1 0.1 256' (5 runs):

            308,77 msec task-clock                #    0,995 CPUs utilized            ( +-  0,57% )
                13      context-switches          #    0,043 K/sec                    ( +- 29,09% )
                 0      cpu-migrations            #    0,001 K/sec                    ( +-100,00% )
               697      page-faults               #    0,002 M/sec                    ( +-  0,06% )
   <not supported>      cycles                                                      
   <not supported>      instructions                                                
   <not supported>      branches                                                    
   <not supported>      branch-misses                                               

           0,31045 +- 0,00191 seconds time elapsed  ( +-  0,62% )


 Performance counter stats for './mandelbrot_seq 0.175 0.375 -0.1 0.1 512' (5 runs):

          1.141,37 msec task-clock                #    0,996 CPUs utilized            ( +-  1,96% )
                30      context-switches          #    0,026 K/sec                    ( +- 27,12% )
                 1      cpu-migrations            #    0,001 K/sec                    ( +- 40,82% )
             2.618      page-faults               #    0,002 M/sec                    ( +-  0,02% )
   <not supported>      cycles                                                      
   <not supported>      instructions                                                
   <not supported>      branches                                                    
   <not supported>      branch-misses                                               

            1,1460 +- 0,0232 seconds time elapsed  ( +-  2,03% )


 Performance counter stats for './mandelbrot_seq 0.175 0.375 -0.1 0.1 1024' (5 runs):

          4.435,83 msec task-clock                #    0,997 CPUs utilized            ( +-  0,40% )
               141      context-switches          #    0,032 K/sec                    ( +- 21,29% )
                 1      cpu-migrations            #    0,000 K/sec                    ( +- 31,62% )
            10.298      page-faults               #    0,002 M/sec                    ( +-  0,00% )
   <not supported>      cycles                                                      
   <not supported>      instructions                                                
   <not supported>      branches                                                    
   <not supported>      branch-misses                                               

            4,4487 +- 0,0165 seconds time elapsed  ( +-  0,37% )

