
 Performance counter stats for './mandelbrot_seq -2.5 1.5 -2.0 2.0 16' (5 runs):

              4,53 msec task-clock                #    0,709 CPUs utilized            ( +-  5,28% )
                 0      context-switches          #    0,044 K/sec                    ( +-100,00% )
                 0      cpu-migrations            #    0,000 K/sec                  
                58      page-faults               #    0,013 M/sec                    ( +-  0,85% )
   <not supported>      cycles                                                      
   <not supported>      instructions                                                
   <not supported>      branches                                                    
   <not supported>      branch-misses                                               

          0,006393 +- 0,000309 seconds time elapsed  ( +-  4,84% )


 Performance counter stats for './mandelbrot_seq -2.5 1.5 -2.0 2.0 32' (5 runs):

              3,64 msec task-clock                #    0,638 CPUs utilized            ( +-  4,11% )
                 1      context-switches          #    0,330 K/sec                    ( +- 16,67% )
                 0      cpu-migrations            #    0,000 K/sec                  
                66      page-faults               #    0,018 M/sec                    ( +-  0,48% )
   <not supported>      cycles                                                      
   <not supported>      instructions                                                
   <not supported>      branches                                                    
   <not supported>      branch-misses                                               

           0,00570 +- 0,00114 seconds time elapsed  ( +- 19,97% )


 Performance counter stats for './mandelbrot_seq -2.5 1.5 -2.0 2.0 64' (5 runs):

              7,54 msec task-clock                #    0,878 CPUs utilized            ( +-  2,30% )
                 1      context-switches          #    0,080 K/sec                    ( +- 66,67% )
                 0      cpu-migrations            #    0,000 K/sec                  
                96      page-faults               #    0,013 M/sec                    ( +-  0,47% )
   <not supported>      cycles                                                      
   <not supported>      instructions                                                
   <not supported>      branches                                                    
   <not supported>      branch-misses                                               

          0,008582 +- 0,000203 seconds time elapsed  ( +-  2,36% )


 Performance counter stats for './mandelbrot_seq -2.5 1.5 -2.0 2.0 128' (5 runs):

             19,49 msec task-clock                #    0,937 CPUs utilized            ( +-  1,61% )
                 1      context-switches          #    0,062 K/sec                    ( +- 16,67% )
                 0      cpu-migrations            #    0,000 K/sec                  
               217      page-faults               #    0,011 M/sec                    ( +-  0,23% )
   <not supported>      cycles                                                      
   <not supported>      instructions                                                
   <not supported>      branches                                                    
   <not supported>      branch-misses                                               

          0,020795 +- 0,000341 seconds time elapsed  ( +-  1,64% )


 Performance counter stats for './mandelbrot_seq -2.5 1.5 -2.0 2.0 256' (5 runs):

             72,39 msec task-clock                #    0,983 CPUs utilized            ( +-  1,67% )
                 5      context-switches          #    0,072 K/sec                    ( +- 33,53% )
                 0      cpu-migrations            #    0,000 K/sec                  
               698      page-faults               #    0,010 M/sec                    ( +-  0,10% )
   <not supported>      cycles                                                      
   <not supported>      instructions                                                
   <not supported>      branches                                                    
   <not supported>      branch-misses                                               

           0,07365 +- 0,00127 seconds time elapsed  ( +-  1,73% )


 Performance counter stats for './mandelbrot_seq -2.5 1.5 -2.0 2.0 512' (5 runs):

            275,90 msec task-clock                #    0,995 CPUs utilized            ( +-  0,38% )
                15      context-switches          #    0,053 K/sec                    ( +-  9,83% )
                 0      cpu-migrations            #    0,000 K/sec                  
             2.617      page-faults               #    0,009 M/sec                    ( +-  0,01% )
   <not supported>      cycles                                                      
   <not supported>      instructions                                                
   <not supported>      branches                                                    
   <not supported>      branch-misses                                               

           0,27726 +- 0,00104 seconds time elapsed  ( +-  0,38% )


 Performance counter stats for './mandelbrot_seq -2.5 1.5 -2.0 2.0 1024' (5 runs):

          1.037,89 msec task-clock                #    0,986 CPUs utilized            ( +-  1,59% )
                44      context-switches          #    0,043 K/sec                    ( +-  3,39% )
                 1      cpu-migrations            #    0,001 K/sec                    ( +- 31,62% )
            10.297      page-faults               #    0,010 M/sec                    ( +-  0,00% )
   <not supported>      cycles                                                      
   <not supported>      instructions                                                
   <not supported>      branches                                                    
   <not supported>      branch-misses                                               

            1,0524 +- 0,0163 seconds time elapsed  ( +-  1,55% )

