
 Performance counter stats for './mandelbrot_seq -0.8 -0.7 0.05 0.15 16' (5 runs):

              4,44 msec task-clock                #    0,777 CPUs utilized            ( +-  2,96% )
                 0      context-switches          #    0,045 K/sec                    ( +-100,00% )
                 0      cpu-migrations            #    0,000 K/sec                  
                58      page-faults               #    0,013 M/sec                    ( +-  0,87% )
   <not supported>      cycles                                                      
   <not supported>      instructions                                                
   <not supported>      branches                                                    
   <not supported>      branch-misses                                               

          0,005718 +- 0,000261 seconds time elapsed  ( +-  4,57% )


 Performance counter stats for './mandelbrot_seq -0.8 -0.7 0.05 0.15 32' (5 runs):

              7,90 msec task-clock                #    0,887 CPUs utilized            ( +-  1,80% )
                 1      context-switches          #    0,177 K/sec                    ( +- 17,50% )
                 0      cpu-migrations            #    0,000 K/sec                  
                67      page-faults               #    0,008 M/sec                    ( +-  0,90% )
   <not supported>      cycles                                                      
   <not supported>      instructions                                                
   <not supported>      branches                                                    
   <not supported>      branch-misses                                               

          0,008911 +- 0,000191 seconds time elapsed  ( +-  2,14% )


 Performance counter stats for './mandelbrot_seq -0.8 -0.7 0.05 0.15 64' (5 runs):

             22,81 msec task-clock                #    0,961 CPUs utilized            ( +-  1,18% )
                 4      context-switches          #    0,167 K/sec                    ( +-  9,85% )
                 0      cpu-migrations            #    0,000 K/sec                  
                96      page-faults               #    0,004 M/sec                    ( +-  0,53% )
   <not supported>      cycles                                                      
   <not supported>      instructions                                                
   <not supported>      branches                                                    
   <not supported>      branch-misses                                               

          0,023723 +- 0,000301 seconds time elapsed  ( +-  1,27% )


 Performance counter stats for './mandelbrot_seq -0.8 -0.7 0.05 0.15 128' (5 runs):

             82,76 msec task-clock                #    0,979 CPUs utilized            ( +-  0,61% )
                 6      context-switches          #    0,068 K/sec                    ( +- 12,11% )
                 0      cpu-migrations            #    0,002 K/sec                    ( +-100,00% )
               218      page-faults               #    0,003 M/sec                    ( +-  0,18% )
   <not supported>      cycles                                                      
   <not supported>      instructions                                                
   <not supported>      branches                                                    
   <not supported>      branch-misses                                               

          0,084496 +- 0,000888 seconds time elapsed  ( +-  1,05% )


 Performance counter stats for './mandelbrot_seq -0.8 -0.7 0.05 0.15 256' (5 runs):

            323,33 msec task-clock                #    0,991 CPUs utilized            ( +-  0,83% )
                15      context-switches          #    0,047 K/sec                    ( +- 11,28% )
                 1      cpu-migrations            #    0,002 K/sec                    ( +- 66,67% )
               698      page-faults               #    0,002 M/sec                    ( +-  0,05% )
   <not supported>      cycles                                                      
   <not supported>      instructions                                                
   <not supported>      branches                                                    
   <not supported>      branch-misses                                               

           0,32615 +- 0,00320 seconds time elapsed  ( +-  0,98% )


 Performance counter stats for './mandelbrot_seq -0.8 -0.7 0.05 0.15 512' (5 runs):

          1.253,50 msec task-clock                #    0,994 CPUs utilized            ( +-  1,29% )
                46      context-switches          #    0,036 K/sec                    ( +- 19,77% )
                 1      cpu-migrations            #    0,001 K/sec                    ( +- 36,42% )
             2.617      page-faults               #    0,002 M/sec                    ( +-  0,02% )
   <not supported>      cycles                                                      
   <not supported>      instructions                                                
   <not supported>      branches                                                    
   <not supported>      branch-misses                                               

            1,2611 +- 0,0146 seconds time elapsed  ( +-  1,16% )


 Performance counter stats for './mandelbrot_seq -0.8 -0.7 0.05 0.15 1024' (5 runs):

          4.669,03 msec task-clock                #    0,998 CPUs utilized            ( +-  0,34% )
               102      context-switches          #    0,022 K/sec                    ( +- 20,34% )
                 2      cpu-migrations            #    0,000 K/sec                    ( +- 25,00% )
            10.298      page-faults               #    0,002 M/sec                    ( +-  0,00% )
   <not supported>      cycles                                                      
   <not supported>      instructions                                                
   <not supported>      branches                                                    
   <not supported>      branch-misses                                               

            4,6803 +- 0,0168 seconds time elapsed  ( +-  0,36% )

