
 Performance counter stats for './mandelbrot_seq -0.188 -0.012 0.554 0.754 16' (5 runs):

              4,00 msec task-clock                #    0,797 CPUs utilized            ( +-  4,25% )
                 1      context-switches          #    0,350 K/sec                    ( +- 17,50% )
                 0      cpu-migrations            #    0,000 K/sec                  
                58      page-faults               #    0,015 M/sec                    ( +-  1,00% )
   <not supported>      cycles                                                      
   <not supported>      instructions                                                
   <not supported>      branches                                                    
   <not supported>      branch-misses                                               

          0,005023 +- 0,000218 seconds time elapsed  ( +-  4,33% )


 Performance counter stats for './mandelbrot_seq -0.188 -0.012 0.554 0.754 32' (5 runs):

              8,45 msec task-clock                #    0,908 CPUs utilized            ( +-  1,18% )
                 0      context-switches          #    0,000 K/sec                  
                 0      cpu-migrations            #    0,000 K/sec                  
                67      page-faults               #    0,008 M/sec                    ( +-  0,59% )
   <not supported>      cycles                                                      
   <not supported>      instructions                                                
   <not supported>      branches                                                    
   <not supported>      branch-misses                                               

          0,009297 +- 0,000102 seconds time elapsed  ( +-  1,09% )


 Performance counter stats for './mandelbrot_seq -0.188 -0.012 0.554 0.754 64' (5 runs):

             25,58 msec task-clock                #    0,963 CPUs utilized            ( +-  0,82% )
                 5      context-switches          #    0,188 K/sec                    ( +- 10,21% )
                 0      cpu-migrations            #    0,000 K/sec                  
                97      page-faults               #    0,004 M/sec                    ( +-  0,60% )
   <not supported>      cycles                                                      
   <not supported>      instructions                                                
   <not supported>      branches                                                    
   <not supported>      branch-misses                                               

          0,026548 +- 0,000258 seconds time elapsed  ( +-  0,97% )


 Performance counter stats for './mandelbrot_seq -0.188 -0.012 0.554 0.754 128' (5 runs):

             92,44 msec task-clock                #    0,988 CPUs utilized            ( +-  0,71% )
                 6      context-switches          #    0,065 K/sec                    ( +- 13,94% )
                 0      cpu-migrations            #    0,000 K/sec                  
               217      page-faults               #    0,002 M/sec                    ( +-  0,21% )
   <not supported>      cycles                                                      
   <not supported>      instructions                                                
   <not supported>      branches                                                    
   <not supported>      branch-misses                                               

          0,093592 +- 0,000734 seconds time elapsed  ( +-  0,78% )


 Performance counter stats for './mandelbrot_seq -0.188 -0.012 0.554 0.754 256' (5 runs):

            361,02 msec task-clock                #    0,994 CPUs utilized            ( +-  1,01% )
                17      context-switches          #    0,048 K/sec                    ( +- 22,89% )
                 0      cpu-migrations            #    0,001 K/sec                    ( +-100,00% )
               697      page-faults               #    0,002 M/sec                    ( +-  0,04% )
   <not supported>      cycles                                                      
   <not supported>      instructions                                                
   <not supported>      branches                                                    
   <not supported>      branch-misses                                               

           0,36322 +- 0,00363 seconds time elapsed  ( +-  1,00% )


 Performance counter stats for './mandelbrot_seq -0.188 -0.012 0.554 0.754 512' (5 runs):

          1.318,44 msec task-clock                #    0,994 CPUs utilized            ( +-  0,85% )
                45      context-switches          #    0,034 K/sec                    ( +-  8,41% )
                 1      cpu-migrations            #    0,001 K/sec                    ( +- 28,57% )
             2.617      page-faults               #    0,002 M/sec                    ( +-  0,02% )
   <not supported>      cycles                                                      
   <not supported>      instructions                                                
   <not supported>      branches                                                    
   <not supported>      branch-misses                                               

            1,3267 +- 0,0117 seconds time elapsed  ( +-  0,88% )


 Performance counter stats for './mandelbrot_seq -0.188 -0.012 0.554 0.754 1024' (5 runs):

          5.262,36 msec task-clock                #    0,997 CPUs utilized            ( +-  0,16% )
               164      context-switches          #    0,031 K/sec                    ( +- 24,06% )
                 2      cpu-migrations            #    0,000 K/sec                    ( +- 50,78% )
            10.297      page-faults               #    0,002 M/sec                    ( +-  0,00% )
   <not supported>      cycles                                                      
   <not supported>      instructions                                                
   <not supported>      branches                                                    
   <not supported>      branch-misses                                               

            5,2780 +- 0,0100 seconds time elapsed  ( +-  0,19% )

