./mandelbrot_omp: Interrupt
./mandelbrot_omp: Interrupt
./mandelbrot_omp: Interrupt
./mandelbrot_omp: Interrupt
./mandelbrot_omp: Interrupt
./mandelbrot_omp: Interrupt
./mandelbrot_omp: Interrupt
./mandelbrot_omp: Interrupt
./mandelbrot_omp: Interrupt
./mandelbrot_omp: Interrupt
./mandelbrot_omp: Interrupt
./mandelbrot_omp: Interrupt
./mandelbrot_omp: Interrupt

 Performance counter stats for './mandelbrot_omp -2.5 1.5 -2.0 2.0 16384 64' (13 runs):

        453.551936      task-clock (msec)         #    0.998 CPUs utilized            ( +- 67.28% )
                 5      context-switches          #    0.011 K/sec                    ( +- 49.08% )
                 0      cpu-migrations            #    0.000 K/sec                  
           146,342      page-faults               #    0.323 M/sec                    ( +- 68.21% )
     1,630,703,686      cycles                    #    3.595 GHz                      ( +- 67.47% )
     3,914,522,682      instructions              #    2.40  insn per cycle           ( +- 68.27% )
       673,058,913      branches                  # 1483.973 M/sec                    ( +- 68.24% )
           442,305      branch-misses             #    0.07% of all branches          ( +- 70.56% )

       0.454263874 seconds time elapsed                                          ( +- 67.17% )

