
 Performance counter stats for './mandelbrot_pth 0.175 0.375 -0.1 0.1 16 1' (5 runs):

              4,39 msec task-clock                #    0,807 CPUs utilized            ( +-  4,85% )
                 2      context-switches          #    0,455 K/sec                    ( +- 15,81% )
                 0      cpu-migrations            #    0,000 K/sec                  
                70      page-faults               #    0,016 M/sec                    ( +-  0,72% )
   <not supported>      cycles                                                      
   <not supported>      instructions                                                
   <not supported>      branches                                                    
   <not supported>      branch-misses                                               

          0,005442 +- 0,000243 seconds time elapsed  ( +-  4,47% )


 Performance counter stats for './mandelbrot_pth 0.175 0.375 -0.1 0.1 32 1' (5 runs):

              7,44 msec task-clock                #    0,876 CPUs utilized            ( +-  2,82% )
                 2      context-switches          #    0,296 K/sec                    ( +- 26,50% )
                 0      cpu-migrations            #    0,000 K/sec                  
                77      page-faults               #    0,010 M/sec                    ( +-  0,66% )
   <not supported>      cycles                                                      
   <not supported>      instructions                                                
   <not supported>      branches                                                    
   <not supported>      branch-misses                                               

          0,008493 +- 0,000250 seconds time elapsed  ( +-  2,94% )


 Performance counter stats for './mandelbrot_pth 0.175 0.375 -0.1 0.1 64 1' (5 runs):

             25,40 msec task-clock                #    0,943 CPUs utilized            ( +-  1,68% )
                 2      context-switches          #    0,063 K/sec                    ( +- 25,00% )
                 0      cpu-migrations            #    0,000 K/sec                  
               108      page-faults               #    0,004 M/sec                    ( +-  0,35% )
   <not supported>      cycles                                                      
   <not supported>      instructions                                                
   <not supported>      branches                                                    
   <not supported>      branch-misses                                               

          0,026925 +- 0,000554 seconds time elapsed  ( +-  2,06% )


 Performance counter stats for './mandelbrot_pth 0.175 0.375 -0.1 0.1 128 1' (5 runs):

             82,96 msec task-clock                #    0,979 CPUs utilized            ( +-  2,94% )
                 8      context-switches          #    0,094 K/sec                    ( +- 23,43% )
                 0      cpu-migrations            #    0,000 K/sec                  
               228      page-faults               #    0,003 M/sec                    ( +-  0,16% )
   <not supported>      cycles                                                      
   <not supported>      instructions                                                
   <not supported>      branches                                                    
   <not supported>      branch-misses                                               

           0,08474 +- 0,00270 seconds time elapsed  ( +-  3,18% )


 Performance counter stats for './mandelbrot_pth 0.175 0.375 -0.1 0.1 256 1' (5 runs):

            314,79 msec task-clock                #    0,994 CPUs utilized            ( +-  2,15% )
                15      context-switches          #    0,048 K/sec                    ( +- 16,47% )
                 0      cpu-migrations            #    0,000 K/sec                  
               709      page-faults               #    0,002 M/sec                    ( +-  0,06% )
   <not supported>      cycles                                                      
   <not supported>      instructions                                                
   <not supported>      branches                                                    
   <not supported>      branch-misses                                               

           0,31673 +- 0,00664 seconds time elapsed  ( +-  2,10% )


 Performance counter stats for './mandelbrot_pth 0.175 0.375 -0.1 0.1 512 1' (5 runs):

          1.092,72 msec task-clock                #    0,997 CPUs utilized            ( +-  1,04% )
                33      context-switches          #    0,030 K/sec                    ( +- 30,04% )
                 0      cpu-migrations            #    0,000 K/sec                  
             2.629      page-faults               #    0,002 M/sec                    ( +-  0,03% )
   <not supported>      cycles                                                      
   <not supported>      instructions                                                
   <not supported>      branches                                                    
   <not supported>      branch-misses                                               

            1,0956 +- 0,0111 seconds time elapsed  ( +-  1,02% )


 Performance counter stats for './mandelbrot_pth 0.175 0.375 -0.1 0.1 1024 1' (5 runs):

          4.445,76 msec task-clock                #    0,997 CPUs utilized            ( +-  0,42% )
               137      context-switches          #    0,031 K/sec                    ( +- 16,24% )
                 1      cpu-migrations            #    0,000 K/sec                    ( +- 61,24% )
            10.309      page-faults               #    0,002 M/sec                    ( +-  0,01% )
   <not supported>      cycles                                                      
   <not supported>      instructions                                                
   <not supported>      branches                                                    
   <not supported>      branch-misses                                               

            4,4574 +- 0,0197 seconds time elapsed  ( +-  0,44% )

