
 Performance counter stats for './mandelbrot_pth 0.175 0.375 -0.1 0.1 16 16' (5 runs):

              5,44 msec task-clock                #    1,033 CPUs utilized            ( +-  2,94% )
                14      context-switches          #    0,002 M/sec                    ( +-  2,94% )
                 1      cpu-migrations            #    0,147 K/sec                    ( +- 25,00% )
               100      page-faults               #    0,018 M/sec                    ( +-  0,60% )
   <not supported>      cycles                                                      
   <not supported>      instructions                                                
   <not supported>      branches                                                    
   <not supported>      branch-misses                                               

          0,005268 +- 0,000110 seconds time elapsed  ( +-  2,09% )


 Performance counter stats for './mandelbrot_pth 0.175 0.375 -0.1 0.1 32 16' (5 runs):

              9,58 msec task-clock                #    1,231 CPUs utilized            ( +-  2,64% )
                15      context-switches          #    0,002 M/sec                    ( +-  5,13% )
                 1      cpu-migrations            #    0,063 K/sec                    ( +- 40,82% )
               109      page-faults               #    0,011 M/sec                    ( +-  0,37% )
   <not supported>      cycles                                                      
   <not supported>      instructions                                                
   <not supported>      branches                                                    
   <not supported>      branch-misses                                               

          0,007781 +- 0,000148 seconds time elapsed  ( +-  1,91% )


 Performance counter stats for './mandelbrot_pth 0.175 0.375 -0.1 0.1 64 16' (5 runs):

             23,80 msec task-clock                #    1,516 CPUs utilized            ( +-  0,19% )
                19      context-switches          #    0,798 K/sec                    ( +-  6,00% )
                 2      cpu-migrations            #    0,076 K/sec                    ( +- 20,79% )
               139      page-faults               #    0,006 M/sec                    ( +-  0,42% )
   <not supported>      cycles                                                      
   <not supported>      instructions                                                
   <not supported>      branches                                                    
   <not supported>      branch-misses                                               

          0,015702 +- 0,000137 seconds time elapsed  ( +-  0,88% )


 Performance counter stats for './mandelbrot_pth 0.175 0.375 -0.1 0.1 128 16' (5 runs):

            100,01 msec task-clock                #    1,538 CPUs utilized            ( +-  5,80% )
                45      context-switches          #    0,446 K/sec                    ( +- 11,62% )
                 6      cpu-migrations            #    0,062 K/sec                    ( +- 17,96% )
               259      page-faults               #    0,003 M/sec                    ( +-  0,37% )
   <not supported>      cycles                                                      
   <not supported>      instructions                                                
   <not supported>      branches                                                    
   <not supported>      branch-misses                                               

           0,06503 +- 0,00395 seconds time elapsed  ( +-  6,07% )


 Performance counter stats for './mandelbrot_pth 0.175 0.375 -0.1 0.1 256 16' (5 runs):

            336,44 msec task-clock                #    1,707 CPUs utilized            ( +-  2,60% )
               100      context-switches          #    0,298 K/sec                    ( +-  5,20% )
                 5      cpu-migrations            #    0,014 K/sec                    ( +- 17,92% )
               740      page-faults               #    0,002 M/sec                    ( +-  0,08% )
   <not supported>      cycles                                                      
   <not supported>      instructions                                                
   <not supported>      branches                                                    
   <not supported>      branch-misses                                               

           0,19713 +- 0,00735 seconds time elapsed  ( +-  3,73% )


 Performance counter stats for './mandelbrot_pth 0.175 0.375 -0.1 0.1 512 16' (5 runs):

          1.300,45 msec task-clock                #    1,170 CPUs utilized            ( +-  0,66% )
               345      context-switches          #    0,266 K/sec                    ( +-  1,66% )
                 6      cpu-migrations            #    0,005 K/sec                    ( +- 74,35% )
             2.658      page-faults               #    0,002 M/sec                    ( +-  0,01% )
   <not supported>      cycles                                                      
   <not supported>      instructions                                                
   <not supported>      branches                                                    
   <not supported>      branch-misses                                               

             1,112 +- 0,119 seconds time elapsed  ( +- 10,74% )


 Performance counter stats for './mandelbrot_pth 0.175 0.375 -0.1 0.1 1024 16' (5 runs):

          5.348,48 msec task-clock                #    1,842 CPUs utilized            ( +-  0,95% )
             1.300      context-switches          #    0,243 K/sec                    ( +-  0,88% )
                 7      cpu-migrations            #    0,001 K/sec                    ( +-  7,73% )
            10.340      page-faults               #    0,002 M/sec                    ( +-  0,00% )
   <not supported>      cycles                                                      
   <not supported>      instructions                                                
   <not supported>      branches                                                    
   <not supported>      branch-misses                                               

            2,9039 +- 0,0238 seconds time elapsed  ( +-  0,82% )

