
 Performance counter stats for './mandelbrot_pth 0.175 0.375 -0.1 0.1 16 8' (5 runs):

              1,59 msec task-clock                #    0,829 CPUs utilized            ( +-  2,02% )
                 7      context-switches          #    0,004 M/sec                    ( +- 15,60% )
                 0      cpu-migrations            #    0,252 K/sec                    ( +-100,00% )
                84      page-faults               #    0,053 M/sec                    ( +-  0,71% )
   <not supported>      cycles                                                      
   <not supported>      instructions                                                
   <not supported>      branches                                                    
   <not supported>      branch-misses                                               

          0,001917 +- 0,000183 seconds time elapsed  ( +-  9,54% )


 Performance counter stats for './mandelbrot_pth 0.175 0.375 -0.1 0.1 32 8' (5 runs):

              2,93 msec task-clock                #    1,061 CPUs utilized            ( +-  2,47% )
                 7      context-switches          #    0,003 M/sec                    ( +-  9,17% )
                 0      cpu-migrations            #    0,068 K/sec                    ( +-100,00% )
                92      page-faults               #    0,032 M/sec                    ( +-  0,43% )
   <not supported>      cycles                                                      
   <not supported>      instructions                                                
   <not supported>      branches                                                    
   <not supported>      branch-misses                                               

         0,0027604 +- 0,0000554 seconds time elapsed  ( +-  2,01% )


 Performance counter stats for './mandelbrot_pth 0.175 0.375 -0.1 0.1 64 8' (5 runs):

              8,69 msec task-clock                #    1,454 CPUs utilized            ( +-  9,55% )
                 9      context-switches          #    0,001 M/sec                    ( +-  7,96% )
                 0      cpu-migrations            #    0,023 K/sec                    ( +-100,00% )
               120      page-faults               #    0,014 M/sec                    ( +-  0,20% )
   <not supported>      cycles                                                      
   <not supported>      instructions                                                
   <not supported>      branches                                                    
   <not supported>      branch-misses                                               

          0,005976 +- 0,000454 seconds time elapsed  ( +-  7,60% )


 Performance counter stats for './mandelbrot_pth 0.175 0.375 -0.1 0.1 128 8' (5 runs):

             28,42 msec task-clock                #    1,684 CPUs utilized            ( +-  2,72% )
                10      context-switches          #    0,352 K/sec                    ( +-  7,07% )
                 2      cpu-migrations            #    0,077 K/sec                    ( +-  9,09% )
               241      page-faults               #    0,008 M/sec                    ( +-  0,21% )
   <not supported>      cycles                                                      
   <not supported>      instructions                                                
   <not supported>      branches                                                    
   <not supported>      branch-misses                                               

          0,016879 +- 0,000411 seconds time elapsed  ( +-  2,44% )


 Performance counter stats for './mandelbrot_pth 0.175 0.375 -0.1 0.1 256 8' (5 runs):

            108,00 msec task-clock                #    1,792 CPUs utilized            ( +-  0,92% )
                27      context-switches          #    0,252 K/sec                    ( +-  8,09% )
                 4      cpu-migrations            #    0,033 K/sec                    ( +- 18,84% )
               724      page-faults               #    0,007 M/sec                    ( +-  0,10% )
   <not supported>      cycles                                                      
   <not supported>      instructions                                                
   <not supported>      branches                                                    
   <not supported>      branch-misses                                               

          0,060258 +- 0,000583 seconds time elapsed  ( +-  0,97% )


 Performance counter stats for './mandelbrot_pth 0.175 0.375 -0.1 0.1 512 8' (5 runs):

            472,12 msec task-clock                #    1,833 CPUs utilized            ( +-  2,70% )
                99      context-switches          #    0,210 K/sec                    ( +-  4,71% )
                 5      cpu-migrations            #    0,011 K/sec                    ( +- 12,65% )
             2.643      page-faults               #    0,006 M/sec                    ( +-  0,03% )
   <not supported>      cycles                                                      
   <not supported>      instructions                                                
   <not supported>      branches                                                    
   <not supported>      branch-misses                                               

           0,25754 +- 0,00663 seconds time elapsed  ( +-  2,58% )


 Performance counter stats for './mandelbrot_pth 0.175 0.375 -0.1 0.1 1024 8' (5 runs):

          1.868,34 msec task-clock                #    1,842 CPUs utilized            ( +-  1,56% )
               409      context-switches          #    0,219 K/sec                    ( +-  1,95% )
                 5      cpu-migrations            #    0,003 K/sec                    ( +- 15,04% )
            10.323      page-faults               #    0,006 M/sec                    ( +-  0,00% )
   <not supported>      cycles                                                      
   <not supported>      instructions                                                
   <not supported>      branches                                                    
   <not supported>      branch-misses                                               

            1,0142 +- 0,0148 seconds time elapsed  ( +-  1,46% )

