
 Performance counter stats for './mandelbrot_pth 0.175 0.375 -0.1 0.1 16 32' (5 runs):

              8,00 msec task-clock                #    1,079 CPUs utilized            ( +-  4,54% )
                29      context-switches          #    0,004 M/sec                    ( +-  1,68% )
                 2      cpu-migrations            #    0,250 K/sec                    ( +- 27,39% )
               134      page-faults               #    0,017 M/sec                    ( +-  0,44% )
   <not supported>      cycles                                                      
   <not supported>      instructions                                                
   <not supported>      branches                                                    
   <not supported>      branch-misses                                               

          0,007409 +- 0,000235 seconds time elapsed  ( +-  3,18% )


 Performance counter stats for './mandelbrot_pth 0.175 0.375 -0.1 0.1 32 32' (5 runs):

             13,59 msec task-clock                #    1,167 CPUs utilized            ( +-  3,11% )
                32      context-switches          #    0,002 M/sec                    ( +-  2,37% )
                 1      cpu-migrations            #    0,074 K/sec                    ( +- 31,62% )
               141      page-faults               #    0,010 M/sec                    ( +-  0,47% )
   <not supported>      cycles                                                      
   <not supported>      instructions                                                
   <not supported>      branches                                                    
   <not supported>      branch-misses                                               

           0,01165 +- 0,00122 seconds time elapsed  ( +- 10,46% )


 Performance counter stats for './mandelbrot_pth 0.175 0.375 -0.1 0.1 64 32' (5 runs):

             29,34 msec task-clock                #    1,494 CPUs utilized            ( +-  3,54% )
                43      context-switches          #    0,001 M/sec                    ( +- 18,54% )
                 3      cpu-migrations            #    0,102 K/sec                    ( +- 29,81% )
               171      page-faults               #    0,006 M/sec                    ( +-  0,49% )
   <not supported>      cycles                                                      
   <not supported>      instructions                                                
   <not supported>      branches                                                    
   <not supported>      branch-misses                                               

          0,019642 +- 0,000727 seconds time elapsed  ( +-  3,70% )


 Performance counter stats for './mandelbrot_pth 0.175 0.375 -0.1 0.1 128 32' (5 runs):

             89,30 msec task-clock                #    1,734 CPUs utilized            ( +-  4,72% )
                48      context-switches          #    0,542 K/sec                    ( +-  4,55% )
                 7      cpu-migrations            #    0,083 K/sec                    ( +- 24,02% )
               292      page-faults               #    0,003 M/sec                    ( +-  0,08% )
   <not supported>      cycles                                                      
   <not supported>      instructions                                                
   <not supported>      branches                                                    
   <not supported>      branch-misses                                               

           0,05150 +- 0,00209 seconds time elapsed  ( +-  4,06% )


 Performance counter stats for './mandelbrot_pth 0.175 0.375 -0.1 0.1 256 32' (5 runs):

            338,68 msec task-clock                #    1,799 CPUs utilized            ( +-  1,88% )
               113      context-switches          #    0,332 K/sec                    ( +-  3,05% )
                10      cpu-migrations            #    0,031 K/sec                    ( +- 26,26% )
               772      page-faults               #    0,002 M/sec                    ( +-  0,07% )
   <not supported>      cycles                                                      
   <not supported>      instructions                                                
   <not supported>      branches                                                    
   <not supported>      branch-misses                                               

           0,18829 +- 0,00411 seconds time elapsed  ( +-  2,18% )


 Performance counter stats for './mandelbrot_pth 0.175 0.375 -0.1 0.1 512 32' (5 runs):

          1.324,70 msec task-clock                #    1,828 CPUs utilized            ( +-  1,24% )
               362      context-switches          #    0,273 K/sec                    ( +-  1,08% )
                 9      cpu-migrations            #    0,007 K/sec                    ( +- 26,04% )
             2.691      page-faults               #    0,002 M/sec                    ( +-  0,02% )
   <not supported>      cycles                                                      
   <not supported>      instructions                                                
   <not supported>      branches                                                    
   <not supported>      branch-misses                                               

           0,72475 +- 0,00900 seconds time elapsed  ( +-  1,24% )


 Performance counter stats for './mandelbrot_pth 0.175 0.375 -0.1 0.1 1024 32' (5 runs):

          5.399,51 msec task-clock                #    1,849 CPUs utilized            ( +-  1,65% )
             1.358      context-switches          #    0,252 K/sec                    ( +-  1,83% )
                14      cpu-migrations            #    0,003 K/sec                    ( +- 16,04% )
            10.371      page-faults               #    0,002 M/sec                    ( +-  0,00% )
   <not supported>      cycles                                                      
   <not supported>      instructions                                                
   <not supported>      branches                                                    
   <not supported>      branch-misses                                               

            2,9200 +- 0,0483 seconds time elapsed  ( +-  1,66% )

