
 Performance counter stats for './mandelbrot_pth -2.5 1.5 -2.0 2.0 16 4' (5 runs):

              1,22 msec task-clock                #    0,767 CPUs utilized            ( +- 10,08% )
                 4      context-switches          #    0,003 M/sec                    ( +-  9,85% )
                 0      cpu-migrations            #    0,327 K/sec                    ( +- 61,24% )
                76      page-faults               #    0,062 M/sec                    ( +-  0,26% )
   <not supported>      cycles                                                      
   <not supported>      instructions                                                
   <not supported>      branches                                                    
   <not supported>      branch-misses                                               

          0,001597 +- 0,000116 seconds time elapsed  ( +-  7,27% )


 Performance counter stats for './mandelbrot_pth -2.5 1.5 -2.0 2.0 32 4' (5 runs):

              1,36 msec task-clock                #    0,831 CPUs utilized            ( +-  1,78% )
                 3      context-switches          #    0,002 M/sec                    ( +- 20,82% )
                 0      cpu-migrations            #    0,000 K/sec                  
                83      page-faults               #    0,061 M/sec                    ( +-  0,29% )
   <not supported>      cycles                                                      
   <not supported>      instructions                                                
   <not supported>      branches                                                    
   <not supported>      branch-misses                                               

         0,0016429 +- 0,0000433 seconds time elapsed  ( +-  2,64% )


 Performance counter stats for './mandelbrot_pth -2.5 1.5 -2.0 2.0 64 4' (5 runs):

              2,48 msec task-clock                #    0,901 CPUs utilized            ( +-  1,35% )
                 2      context-switches          #    0,969 K/sec                    ( +- 16,67% )
                 0      cpu-migrations            #    0,000 K/sec                  
               114      page-faults               #    0,046 M/sec                    ( +-  0,39% )
   <not supported>      cycles                                                      
   <not supported>      instructions                                                
   <not supported>      branches                                                    
   <not supported>      branch-misses                                               

         0,0027487 +- 0,0000216 seconds time elapsed  ( +-  0,79% )


 Performance counter stats for './mandelbrot_pth -2.5 1.5 -2.0 2.0 128 4' (5 runs):

              6,99 msec task-clock                #    1,242 CPUs utilized            ( +-  0,43% )
                 5      context-switches          #    0,658 K/sec                    ( +-  5,32% )
                 1      cpu-migrations            #    0,143 K/sec                    ( +- 31,62% )
               234      page-faults               #    0,033 M/sec                    ( +-  0,17% )
   <not supported>      cycles                                                      
   <not supported>      instructions                                                
   <not supported>      branches                                                    
   <not supported>      branch-misses                                               

         0,0056280 +- 0,0000486 seconds time elapsed  ( +-  0,86% )


 Performance counter stats for './mandelbrot_pth -2.5 1.5 -2.0 2.0 256 4' (5 runs):

             24,92 msec task-clock                #    1,362 CPUs utilized            ( +-  0,67% )
                 8      context-switches          #    0,305 K/sec                    ( +- 11,47% )
                 1      cpu-migrations            #    0,056 K/sec                    ( +- 28,57% )
               716      page-faults               #    0,029 M/sec                    ( +-  0,08% )
   <not supported>      cycles                                                      
   <not supported>      instructions                                                
   <not supported>      branches                                                    
   <not supported>      branch-misses                                               

          0,018303 +- 0,000187 seconds time elapsed  ( +-  1,02% )


 Performance counter stats for './mandelbrot_pth -2.5 1.5 -2.0 2.0 512 4' (5 runs):

             95,41 msec task-clock                #    1,409 CPUs utilized            ( +-  0,40% )
                14      context-switches          #    0,147 K/sec                    ( +- 12,78% )
                 2      cpu-migrations            #    0,023 K/sec                    ( +- 17,01% )
             2.634      page-faults               #    0,028 M/sec                    ( +-  0,02% )
   <not supported>      cycles                                                      
   <not supported>      instructions                                                
   <not supported>      branches                                                    
   <not supported>      branch-misses                                               

          0,067700 +- 0,000331 seconds time elapsed  ( +-  0,49% )


 Performance counter stats for './mandelbrot_pth -2.5 1.5 -2.0 2.0 1024 4' (5 runs):

            401,75 msec task-clock                #    1,470 CPUs utilized            ( +-  2,18% )
                29      context-switches          #    0,073 K/sec                    ( +-  8,91% )
                 3      cpu-migrations            #    0,007 K/sec                    ( +- 20,82% )
            10.314      page-faults               #    0,026 M/sec                    ( +-  0,00% )
   <not supported>      cycles                                                      
   <not supported>      instructions                                                
   <not supported>      branches                                                    
   <not supported>      branch-misses                                               

           0,27332 +- 0,00435 seconds time elapsed  ( +-  1,59% )

