
 Performance counter stats for './mandelbrot_pth -2.5 1.5 -2.0 2.0 16 16' (5 runs):

              7,53 msec task-clock                #    0,985 CPUs utilized            ( +-  9,89% )
                15      context-switches          #    0,002 M/sec                    ( +-  3,31% )
                 4      cpu-migrations            #    0,478 K/sec                    ( +- 24,22% )
               101      page-faults               #    0,013 M/sec                    ( +-  0,40% )
   <not supported>      cycles                                                      
   <not supported>      instructions                                                
   <not supported>      branches                                                    
   <not supported>      branch-misses                                               

          0,007647 +- 0,000727 seconds time elapsed  ( +-  9,51% )


 Performance counter stats for './mandelbrot_pth -2.5 1.5 -2.0 2.0 32 16' (5 runs):

              5,67 msec task-clock                #    0,360 CPUs utilized            ( +-  2,58% )
                15      context-switches          #    0,003 M/sec                    ( +-  7,38% )
                 1      cpu-migrations            #    0,212 K/sec                    ( +- 48,59% )
               108      page-faults               #    0,019 M/sec                    ( +-  0,29% )
   <not supported>      cycles                                                      
   <not supported>      instructions                                                
   <not supported>      branches                                                    
   <not supported>      branch-misses                                               

           0,01576 +- 0,00964 seconds time elapsed  ( +- 61,13% )


 Performance counter stats for './mandelbrot_pth -2.5 1.5 -2.0 2.0 64 16' (5 runs):

              9,40 msec task-clock                #    1,110 CPUs utilized            ( +-  2,66% )
                17      context-switches          #    0,002 M/sec                    ( +-  4,16% )
                 2      cpu-migrations            #    0,170 K/sec                    ( +- 57,96% )
               139      page-faults               #    0,015 M/sec                    ( +-  0,54% )
   <not supported>      cycles                                                      
   <not supported>      instructions                                                
   <not supported>      branches                                                    
   <not supported>      branch-misses                                               

          0,008469 +- 0,000187 seconds time elapsed  ( +-  2,20% )


 Performance counter stats for './mandelbrot_pth -2.5 1.5 -2.0 2.0 128 16' (5 runs):

             23,17 msec task-clock                #    1,284 CPUs utilized            ( +-  2,30% )
                18      context-switches          #    0,777 K/sec                    ( +-  5,83% )
                 3      cpu-migrations            #    0,129 K/sec                    ( +- 14,91% )
               258      page-faults               #    0,011 M/sec                    ( +-  0,20% )
   <not supported>      cycles                                                      
   <not supported>      instructions                                                
   <not supported>      branches                                                    
   <not supported>      branch-misses                                               

          0,018049 +- 0,000284 seconds time elapsed  ( +-  1,58% )


 Performance counter stats for './mandelbrot_pth -2.5 1.5 -2.0 2.0 256 16' (5 runs):

             85,11 msec task-clock                #    0,971 CPUs utilized            ( +-  5,00% )
                40      context-switches          #    0,465 K/sec                    ( +-  4,04% )
                 0      cpu-migrations            #    0,005 K/sec                    ( +-100,00% )
               740      page-faults               #    0,009 M/sec                    ( +-  0,08% )
   <not supported>      cycles                                                      
   <not supported>      instructions                                                
   <not supported>      branches                                                    
   <not supported>      branch-misses                                               

           0,08764 +- 0,00576 seconds time elapsed  ( +-  6,57% )


 Performance counter stats for './mandelbrot_pth -2.5 1.5 -2.0 2.0 512 16' (5 runs):

            318,19 msec task-clock                #    1,006 CPUs utilized            ( +-  2,77% )
               107      context-switches          #    0,336 K/sec                    ( +- 10,91% )
                 4      cpu-migrations            #    0,012 K/sec                    ( +- 45,88% )
             2.659      page-faults               #    0,008 M/sec                    ( +-  0,02% )
   <not supported>      cycles                                                      
   <not supported>      instructions                                                
   <not supported>      branches                                                    
   <not supported>      branch-misses                                               

            0,3162 +- 0,0184 seconds time elapsed  ( +-  5,81% )


 Performance counter stats for './mandelbrot_pth -2.5 1.5 -2.0 2.0 1024 16' (5 runs):

          1.167,88 msec task-clock                #    1,458 CPUs utilized            ( +-  1,65% )
               162      context-switches          #    0,139 K/sec                    ( +-  3,62% )
                 4      cpu-migrations            #    0,003 K/sec                    ( +- 28,60% )
            10.340      page-faults               #    0,009 M/sec                    ( +-  0,01% )
   <not supported>      cycles                                                      
   <not supported>      instructions                                                
   <not supported>      branches                                                    
   <not supported>      branch-misses                                               

            0,8009 +- 0,0121 seconds time elapsed  ( +-  1,51% )

