
 Performance counter stats for './mandelbrot_pth -2.5 1.5 -2.0 2.0 16 1' (5 runs):

              3,03 msec task-clock                #    0,747 CPUs utilized            ( +-  9,42% )
                 1      context-switches          #    0,462 K/sec                    ( +- 17,50% )
                 0      cpu-migrations            #    0,000 K/sec                  
                69      page-faults               #    0,023 M/sec                    ( +-  0,73% )
   <not supported>      cycles                                                      
   <not supported>      instructions                                                
   <not supported>      branches                                                    
   <not supported>      branch-misses                                               

          0,004054 +- 0,000284 seconds time elapsed  ( +-  7,00% )


 Performance counter stats for './mandelbrot_pth -2.5 1.5 -2.0 2.0 32 1' (5 runs):

              3,41 msec task-clock                #    0,788 CPUs utilized            ( +-  1,05% )
                 2      context-switches          #    0,469 K/sec                    ( +- 25,00% )
                 0      cpu-migrations            #    0,000 K/sec                  
                78      page-faults               #    0,023 M/sec                    ( +-  0,96% )
   <not supported>      cycles                                                      
   <not supported>      instructions                                                
   <not supported>      branches                                                    
   <not supported>      branch-misses                                               

         0,0043243 +- 0,0000592 seconds time elapsed  ( +-  1,37% )


 Performance counter stats for './mandelbrot_pth -2.5 1.5 -2.0 2.0 64 1' (5 runs):

              7,65 msec task-clock                #    0,859 CPUs utilized            ( +-  0,81% )
                 2      context-switches          #    0,209 K/sec                    ( +- 25,00% )
                 0      cpu-migrations            #    0,026 K/sec                    ( +-100,00% )
               108      page-faults               #    0,014 M/sec                    ( +-  0,29% )
   <not supported>      cycles                                                      
   <not supported>      instructions                                                
   <not supported>      branches                                                    
   <not supported>      branch-misses                                               

         0,0089089 +- 0,0000741 seconds time elapsed  ( +-  0,83% )


 Performance counter stats for './mandelbrot_pth -2.5 1.5 -2.0 2.0 128 1' (5 runs):

             19,99 msec task-clock                #    0,942 CPUs utilized            ( +-  1,67% )
                 4      context-switches          #    0,210 K/sec                    ( +-  8,91% )
                 0      cpu-migrations            #    0,000 K/sec                  
               229      page-faults               #    0,011 M/sec                    ( +-  0,16% )
   <not supported>      cycles                                                      
   <not supported>      instructions                                                
   <not supported>      branches                                                    
   <not supported>      branch-misses                                               

          0,021219 +- 0,000332 seconds time elapsed  ( +-  1,57% )


 Performance counter stats for './mandelbrot_pth -2.5 1.5 -2.0 2.0 256 1' (5 runs):

             75,00 msec task-clock                #    0,984 CPUs utilized            ( +-  1,71% )
                 6      context-switches          #    0,083 K/sec                    ( +- 12,90% )
                 0      cpu-migrations            #    0,000 K/sec                  
               708      page-faults               #    0,009 M/sec                    ( +-  0,08% )
   <not supported>      cycles                                                      
   <not supported>      instructions                                                
   <not supported>      branches                                                    
   <not supported>      branch-misses                                               

           0,07620 +- 0,00130 seconds time elapsed  ( +-  1,71% )


 Performance counter stats for './mandelbrot_pth -2.5 1.5 -2.0 2.0 512 1' (5 runs):

            300,56 msec task-clock                #    0,992 CPUs utilized            ( +-  4,56% )
                15      context-switches          #    0,049 K/sec                    ( +- 26,67% )
                 0      cpu-migrations            #    0,001 K/sec                    ( +-100,00% )
             2.628      page-faults               #    0,009 M/sec                    ( +-  0,01% )
   <not supported>      cycles                                                      
   <not supported>      instructions                                                
   <not supported>      branches                                                    
   <not supported>      branch-misses                                               

            0,3029 +- 0,0140 seconds time elapsed  ( +-  4,62% )


 Performance counter stats for './mandelbrot_pth -2.5 1.5 -2.0 2.0 1024 1' (5 runs):

          1.013,84 msec task-clock                #    0,997 CPUs utilized            ( +-  0,77% )
                32      context-switches          #    0,032 K/sec                    ( +- 11,57% )
                 0      cpu-migrations            #    0,000 K/sec                  
            10.309      page-faults               #    0,010 M/sec                    ( +-  0,00% )
   <not supported>      cycles                                                      
   <not supported>      instructions                                                
   <not supported>      branches                                                    
   <not supported>      branch-misses                                               

           1,01695 +- 0,00778 seconds time elapsed  ( +-  0,76% )

