
 Performance counter stats for './mandelbrot_pth -0.8 -0.7 0.05 0.15 16 16' (5 runs):

              5,85 msec task-clock                #    1,029 CPUs utilized            ( +-  3,82% )
                13      context-switches          #    0,002 M/sec                    ( +-  2,92% )
                 2      cpu-migrations            #    0,308 K/sec                    ( +- 32,39% )
               101      page-faults               #    0,017 M/sec                    ( +-  0,54% )
   <not supported>      cycles                                                      
   <not supported>      instructions                                                
   <not supported>      branches                                                    
   <not supported>      branch-misses                                               

          0,005687 +- 0,000228 seconds time elapsed  ( +-  4,01% )


 Performance counter stats for './mandelbrot_pth -0.8 -0.7 0.05 0.15 32 16' (5 runs):

             10,92 msec task-clock                #    1,240 CPUs utilized            ( +-  4,72% )
                14      context-switches          #    0,001 M/sec                    ( +-  4,41% )
                 1      cpu-migrations            #    0,092 K/sec                    ( +- 44,72% )
               109      page-faults               #    0,010 M/sec                    ( +-  0,50% )
   <not supported>      cycles                                                      
   <not supported>      instructions                                                
   <not supported>      branches                                                    
   <not supported>      branch-misses                                               

          0,008807 +- 0,000436 seconds time elapsed  ( +-  4,95% )


 Performance counter stats for './mandelbrot_pth -0.8 -0.7 0.05 0.15 64 16' (5 runs):

             26,76 msec task-clock                #    1,519 CPUs utilized            ( +-  6,78% )
                17      context-switches          #    0,620 K/sec                    ( +-  6,20% )
                 2      cpu-migrations            #    0,067 K/sec                    ( +- 20,79% )
               139      page-faults               #    0,005 M/sec                    ( +-  0,37% )
   <not supported>      cycles                                                      
   <not supported>      instructions                                                
   <not supported>      branches                                                    
   <not supported>      branch-misses                                               

          0,017622 +- 0,000883 seconds time elapsed  ( +-  5,01% )


 Performance counter stats for './mandelbrot_pth -0.8 -0.7 0.05 0.15 128 16' (5 runs):

             90,07 msec task-clock                #    1,710 CPUs utilized            ( +-  3,80% )
                32      context-switches          #    0,360 K/sec                    ( +-  3,18% )
                 3      cpu-migrations            #    0,038 K/sec                    ( +- 30,28% )
               259      page-faults               #    0,003 M/sec                    ( +-  0,31% )
   <not supported>      cycles                                                      
   <not supported>      instructions                                                
   <not supported>      branches                                                    
   <not supported>      branch-misses                                               

           0,05269 +- 0,00153 seconds time elapsed  ( +-  2,90% )


 Performance counter stats for './mandelbrot_pth -0.8 -0.7 0.05 0.15 256 16' (5 runs):

            362,08 msec task-clock                #    1,642 CPUs utilized            ( +-  2,39% )
               107      context-switches          #    0,297 K/sec                    ( +-  3,67% )
                 6      cpu-migrations            #    0,015 K/sec                    ( +- 19,23% )
               739      page-faults               #    0,002 M/sec                    ( +-  0,03% )
   <not supported>      cycles                                                      
   <not supported>      instructions                                                
   <not supported>      branches                                                    
   <not supported>      branch-misses                                               

            0,2205 +- 0,0135 seconds time elapsed  ( +-  6,11% )


 Performance counter stats for './mandelbrot_pth -0.8 -0.7 0.05 0.15 512 16' (5 runs):

          1.390,22 msec task-clock                #    1,029 CPUs utilized            ( +-  0,90% )
               387      context-switches          #    0,279 K/sec                    ( +-  2,67% )
                16      cpu-migrations            #    0,011 K/sec                    ( +- 49,84% )
             2.659      page-faults               #    0,002 M/sec                    ( +-  0,03% )
   <not supported>      cycles                                                      
   <not supported>      instructions                                                
   <not supported>      branches                                                    
   <not supported>      branch-misses                                               

            1,3510 +- 0,0647 seconds time elapsed  ( +-  4,79% )


 Performance counter stats for './mandelbrot_pth -0.8 -0.7 0.05 0.15 1024 16' (5 runs):

          5.535,62 msec task-clock                #    1,849 CPUs utilized            ( +-  1,72% )
             1.347      context-switches          #    0,243 K/sec                    ( +-  1,75% )
                 9      cpu-migrations            #    0,002 K/sec                    ( +- 14,49% )
            10.339      page-faults               #    0,002 M/sec                    ( +-  0,00% )
   <not supported>      cycles                                                      
   <not supported>      instructions                                                
   <not supported>      branches                                                    
   <not supported>      branch-misses                                               

            2,9939 +- 0,0678 seconds time elapsed  ( +-  2,27% )

