
 Performance counter stats for './mandelbrot_pth -0.8 -0.7 0.05 0.15 16 2' (5 runs):

              3,92 msec task-clock                #    0,943 CPUs utilized            ( +-  2,87% )
                 2      context-switches          #    0,510 K/sec                    ( +- 15,81% )
                 0      cpu-migrations            #    0,000 K/sec                  
                72      page-faults               #    0,018 M/sec                    ( +-  0,70% )
   <not supported>      cycles                                                      
   <not supported>      instructions                                                
   <not supported>      branches                                                    
   <not supported>      branch-misses                                               

         0,0041588 +- 0,0000452 seconds time elapsed  ( +-  1,09% )


 Performance counter stats for './mandelbrot_pth -0.8 -0.7 0.05 0.15 32 2' (5 runs):

              7,61 msec task-clock                #    1,149 CPUs utilized            ( +-  1,32% )
                 2      context-switches          #    0,263 K/sec                    ( +- 15,81% )
                 0      cpu-migrations            #    0,000 K/sec                  
                81      page-faults               #    0,011 M/sec                    ( +-  0,61% )
   <not supported>      cycles                                                      
   <not supported>      instructions                                                
   <not supported>      branches                                                    
   <not supported>      branch-misses                                               

          0,006629 +- 0,000209 seconds time elapsed  ( +-  3,15% )


 Performance counter stats for './mandelbrot_pth -0.8 -0.7 0.05 0.15 64 2' (5 runs):

             30,01 msec task-clock                #    1,503 CPUs utilized            ( +-  5,84% )
                 3      context-switches          #    0,113 K/sec                    ( +- 11,76% )
                 0      cpu-migrations            #    0,013 K/sec                    ( +- 61,24% )
               110      page-faults               #    0,004 M/sec                    ( +-  0,46% )
   <not supported>      cycles                                                      
   <not supported>      instructions                                                
   <not supported>      branches                                                    
   <not supported>      branch-misses                                               

          0,019973 +- 0,000799 seconds time elapsed  ( +-  4,00% )


 Performance counter stats for './mandelbrot_pth -0.8 -0.7 0.05 0.15 128 2' (5 runs):

            118,07 msec task-clock                #    1,603 CPUs utilized            ( +-  2,49% )
                14      context-switches          #    0,115 K/sec                    ( +- 12,43% )
                 2      cpu-migrations            #    0,014 K/sec                    ( +- 25,00% )
               230      page-faults               #    0,002 M/sec                    ( +-  0,25% )
   <not supported>      cycles                                                      
   <not supported>      instructions                                                
   <not supported>      branches                                                    
   <not supported>      branch-misses                                               

           0,07368 +- 0,00147 seconds time elapsed  ( +-  1,99% )


 Performance counter stats for './mandelbrot_pth -0.8 -0.7 0.05 0.15 256 2' (5 runs):

            366,54 msec task-clock                #    1,659 CPUs utilized            ( +-  2,31% )
                21      context-switches          #    0,056 K/sec                    ( +-  8,21% )
                 1      cpu-migrations            #    0,002 K/sec                    ( +- 61,24% )
               711      page-faults               #    0,002 M/sec                    ( +-  0,10% )
   <not supported>      cycles                                                      
   <not supported>      instructions                                                
   <not supported>      branches                                                    
   <not supported>      branch-misses                                               

           0,22094 +- 0,00425 seconds time elapsed  ( +-  1,92% )


 Performance counter stats for './mandelbrot_pth -0.8 -0.7 0.05 0.15 512 2' (5 runs):

          1.406,41 msec task-clock                #    1,695 CPUs utilized            ( +-  1,49% )
                46      context-switches          #    0,033 K/sec                    ( +-  5,58% )
                 1      cpu-migrations            #    0,001 K/sec                    ( +- 46,77% )
             2.631      page-faults               #    0,002 M/sec                    ( +-  0,01% )
   <not supported>      cycles                                                      
   <not supported>      instructions                                                
   <not supported>      branches                                                    
   <not supported>      branch-misses                                               

            0,8295 +- 0,0107 seconds time elapsed  ( +-  1,30% )


 Performance counter stats for './mandelbrot_pth -0.8 -0.7 0.05 0.15 1024 2' (5 runs):

          5.624,72 msec task-clock                #    1,685 CPUs utilized            ( +-  8,07% )
               174      context-switches          #    0,031 K/sec                    ( +-  6,43% )
                 2      cpu-migrations            #    0,000 K/sec                    ( +- 20,79% )
            10.310      page-faults               #    0,002 M/sec                    ( +-  0,00% )
   <not supported>      cycles                                                      
   <not supported>      instructions                                                
   <not supported>      branches                                                    
   <not supported>      branch-misses                                               

             3,339 +- 0,271 seconds time elapsed  ( +-  8,13% )

