
 Performance counter stats for './mandelbrot_pth -0.8 -0.7 0.05 0.15 16 8' (5 runs):

              1,60 msec task-clock                #    0,927 CPUs utilized            ( +-  1,64% )
                 8      context-switches          #    0,005 M/sec                    ( +-  4,56% )
                 1      cpu-migrations            #    0,499 K/sec                    ( +- 25,00% )
                85      page-faults               #    0,053 M/sec                    ( +-  0,68% )
   <not supported>      cycles                                                      
   <not supported>      instructions                                                
   <not supported>      branches                                                    
   <not supported>      branch-misses                                               

         0,0017309 +- 0,0000231 seconds time elapsed  ( +-  1,34% )


 Performance counter stats for './mandelbrot_pth -0.8 -0.7 0.05 0.15 32 8' (5 runs):

              3,09 msec task-clock                #    1,167 CPUs utilized            ( +-  4,58% )
                 7      context-switches          #    0,002 M/sec                    ( +- 12,53% )
                 1      cpu-migrations            #    0,194 K/sec                    ( +- 40,82% )
                91      page-faults               #    0,029 M/sec                    ( +-  0,60% )
   <not supported>      cycles                                                      
   <not supported>      instructions                                                
   <not supported>      branches                                                    
   <not supported>      branch-misses                                               

         0,0026500 +- 0,0000793 seconds time elapsed  ( +-  2,99% )


 Performance counter stats for './mandelbrot_pth -0.8 -0.7 0.05 0.15 64 8' (5 runs):

              8,82 msec task-clock                #    1,430 CPUs utilized            ( +-  7,00% )
                 9      context-switches          #    0,997 K/sec                    ( +-  5,57% )
                 0      cpu-migrations            #    0,023 K/sec                    ( +-100,00% )
               122      page-faults               #    0,014 M/sec                    ( +-  0,33% )
   <not supported>      cycles                                                      
   <not supported>      instructions                                                
   <not supported>      branches                                                    
   <not supported>      branch-misses                                               

          0,006172 +- 0,000392 seconds time elapsed  ( +-  6,36% )


 Performance counter stats for './mandelbrot_pth -0.8 -0.7 0.05 0.15 128 8' (5 runs):

             29,22 msec task-clock                #    1,616 CPUs utilized            ( +-  0,76% )
                10      context-switches          #    0,342 K/sec                    ( +-  5,48% )
                 1      cpu-migrations            #    0,041 K/sec                    ( +- 31,18% )
               242      page-faults               #    0,008 M/sec                    ( +-  0,28% )
   <not supported>      cycles                                                      
   <not supported>      instructions                                                
   <not supported>      branches                                                    
   <not supported>      branch-misses                                               

          0,018081 +- 0,000184 seconds time elapsed  ( +-  1,02% )


 Performance counter stats for './mandelbrot_pth -0.8 -0.7 0.05 0.15 256 8' (5 runs):

            114,44 msec task-clock                #    1,792 CPUs utilized            ( +-  0,99% )
                30      context-switches          #    0,266 K/sec                    ( +-  3,84% )
                 4      cpu-migrations            #    0,033 K/sec                    ( +- 12,89% )
               723      page-faults               #    0,006 M/sec                    ( +-  0,09% )
   <not supported>      cycles                                                      
   <not supported>      instructions                                                
   <not supported>      branches                                                    
   <not supported>      branch-misses                                               

          0,063872 +- 0,000962 seconds time elapsed  ( +-  1,51% )


 Performance counter stats for './mandelbrot_pth -0.8 -0.7 0.05 0.15 512 8' (5 runs):

            504,89 msec task-clock                #    1,833 CPUs utilized            ( +-  1,82% )
                95      context-switches          #    0,189 K/sec                    ( +-  2,80% )
                 7      cpu-migrations            #    0,013 K/sec                    ( +- 19,52% )
             2.643      page-faults               #    0,005 M/sec                    ( +-  0,02% )
   <not supported>      cycles                                                      
   <not supported>      instructions                                                
   <not supported>      branches                                                    
   <not supported>      branch-misses                                               

           0,27547 +- 0,00386 seconds time elapsed  ( +-  1,40% )


 Performance counter stats for './mandelbrot_pth -0.8 -0.7 0.05 0.15 1024 8' (5 runs):

          1.902,34 msec task-clock                #    1,850 CPUs utilized            ( +-  1,02% )
               401      context-switches          #    0,211 K/sec                    ( +-  1,67% )
                 7      cpu-migrations            #    0,004 K/sec                    ( +- 16,29% )
            10.322      page-faults               #    0,005 M/sec                    ( +-  0,01% )
   <not supported>      cycles                                                      
   <not supported>      instructions                                                
   <not supported>      branches                                                    
   <not supported>      branch-misses                                               

           1,02848 +- 0,00923 seconds time elapsed  ( +-  0,90% )

