
 Performance counter stats for './mandelbrot_pth -0.8 -0.7 0.05 0.15 16 32' (5 runs):

              7,40 msec task-clock                #    1,090 CPUs utilized            ( +-  4,08% )
                29      context-switches          #    0,004 M/sec                    ( +-  1,73% )
                 3      cpu-migrations            #    0,352 K/sec                    ( +- 15,38% )
               133      page-faults               #    0,018 M/sec                    ( +-  0,18% )
   <not supported>      cycles                                                      
   <not supported>      instructions                                                
   <not supported>      branches                                                    
   <not supported>      branch-misses                                               

          0,006786 +- 0,000245 seconds time elapsed  ( +-  3,61% )


 Performance counter stats for './mandelbrot_pth -0.8 -0.7 0.05 0.15 32 32' (5 runs):

             13,36 msec task-clock                #    0,626 CPUs utilized            ( +-  4,29% )
                44      context-switches          #    0,003 M/sec                    ( +- 15,50% )
                 4      cpu-migrations            #    0,285 K/sec                    ( +- 65,21% )
               141      page-faults               #    0,011 M/sec                    ( +-  0,36% )
   <not supported>      cycles                                                      
   <not supported>      instructions                                                
   <not supported>      branches                                                    
   <not supported>      branch-misses                                               

            0,0213 +- 0,0107 seconds time elapsed  ( +- 50,11% )


 Performance counter stats for './mandelbrot_pth -0.8 -0.7 0.05 0.15 64 32' (5 runs):

             32,76 msec task-clock                #    1,576 CPUs utilized            ( +-  6,28% )
                35      context-switches          #    0,001 M/sec                    ( +-  7,04% )
                 3      cpu-migrations            #    0,098 K/sec                    ( +- 31,87% )
               171      page-faults               #    0,005 M/sec                    ( +-  0,34% )
   <not supported>      cycles                                                      
   <not supported>      instructions                                                
   <not supported>      branches                                                    
   <not supported>      branch-misses                                               

           0,02079 +- 0,00107 seconds time elapsed  ( +-  5,13% )


 Performance counter stats for './mandelbrot_pth -0.8 -0.7 0.05 0.15 128 32' (5 runs):

            100,85 msec task-clock                #    1,750 CPUs utilized            ( +-  5,15% )
                44      context-switches          #    0,440 K/sec                    ( +-  2,09% )
                 6      cpu-migrations            #    0,061 K/sec                    ( +- 29,91% )
               290      page-faults               #    0,003 M/sec                    ( +-  0,20% )
   <not supported>      cycles                                                      
   <not supported>      instructions                                                
   <not supported>      branches                                                    
   <not supported>      branch-misses                                               

           0,05762 +- 0,00280 seconds time elapsed  ( +-  4,86% )


 Performance counter stats for './mandelbrot_pth -0.8 -0.7 0.05 0.15 256 32' (5 runs):

            357,28 msec task-clock                #    1,808 CPUs utilized            ( +-  1,26% )
               115      context-switches          #    0,321 K/sec                    ( +-  3,34% )
                11      cpu-migrations            #    0,030 K/sec                    ( +- 31,66% )
               771      page-faults               #    0,002 M/sec                    ( +-  0,05% )
   <not supported>      cycles                                                      
   <not supported>      instructions                                                
   <not supported>      branches                                                    
   <not supported>      branch-misses                                               

           0,19759 +- 0,00277 seconds time elapsed  ( +-  1,40% )


 Performance counter stats for './mandelbrot_pth -0.8 -0.7 0.05 0.15 512 32' (5 runs):

          1.376,24 msec task-clock                #    1,845 CPUs utilized            ( +-  2,29% )
               367      context-switches          #    0,267 K/sec                    ( +-  1,39% )
                 9      cpu-migrations            #    0,007 K/sec                    ( +- 28,66% )
             2.692      page-faults               #    0,002 M/sec                    ( +-  0,02% )
   <not supported>      cycles                                                      
   <not supported>      instructions                                                
   <not supported>      branches                                                    
   <not supported>      branch-misses                                               

            0,7458 +- 0,0161 seconds time elapsed  ( +-  2,16% )


 Performance counter stats for './mandelbrot_pth -0.8 -0.7 0.05 0.15 1024 32' (5 runs):

          5.439,25 msec task-clock                #    1,847 CPUs utilized            ( +-  2,07% )
             1.368      context-switches          #    0,251 K/sec                    ( +-  2,61% )
                12      cpu-migrations            #    0,002 K/sec                    ( +- 10,17% )
            10.372      page-faults               #    0,002 M/sec                    ( +-  0,01% )
   <not supported>      cycles                                                      
   <not supported>      instructions                                                
   <not supported>      branches                                                    
   <not supported>      branch-misses                                               

            2,9456 +- 0,0579 seconds time elapsed  ( +-  1,97% )

