
 Performance counter stats for './mandelbrot_pth -0.188 -0.012 0.554 0.754 16 2' (5 runs):

              4,48 msec task-clock                #    0,981 CPUs utilized            ( +-  8,16% )
                 2      context-switches          #    0,402 K/sec                    ( +- 20,79% )
                 0      cpu-migrations            #    0,000 K/sec                  
                72      page-faults               #    0,016 M/sec                    ( +-  0,84% )
   <not supported>      cycles                                                      
   <not supported>      instructions                                                
   <not supported>      branches                                                    
   <not supported>      branch-misses                                               

          0,004565 +- 0,000386 seconds time elapsed  ( +-  8,46% )


 Performance counter stats for './mandelbrot_pth -0.188 -0.012 0.554 0.754 32 2' (5 runs):

              9,50 msec task-clock                #    1,233 CPUs utilized            ( +-  1,64% )
                 3      context-switches          #    0,274 K/sec                    ( +- 19,61% )
                 0      cpu-migrations            #    0,000 K/sec                  
                80      page-faults               #    0,008 M/sec                    ( +-  0,88% )
   <not supported>      cycles                                                      
   <not supported>      instructions                                                
   <not supported>      branches                                                    
   <not supported>      branch-misses                                               

         0,0077055 +- 0,0000872 seconds time elapsed  ( +-  1,13% )


 Performance counter stats for './mandelbrot_pth -0.188 -0.012 0.554 0.754 64 2' (5 runs):

             34,85 msec task-clock                #    1,544 CPUs utilized            ( +-  3,33% )
                 6      context-switches          #    0,166 K/sec                    ( +- 10,05% )
                 1      cpu-migrations            #    0,017 K/sec                    ( +- 40,82% )
               110      page-faults               #    0,003 M/sec                    ( +-  0,36% )
   <not supported>      cycles                                                      
   <not supported>      instructions                                                
   <not supported>      branches                                                    
   <not supported>      branch-misses                                               

          0,022577 +- 0,000534 seconds time elapsed  ( +-  2,37% )


 Performance counter stats for './mandelbrot_pth -0.188 -0.012 0.554 0.754 128 2' (5 runs):

            111,84 msec task-clock                #    1,710 CPUs utilized            ( +-  4,81% )
                10      context-switches          #    0,091 K/sec                    ( +-  5,72% )
                 1      cpu-migrations            #    0,013 K/sec                    ( +- 28,57% )
               229      page-faults               #    0,002 M/sec                    ( +-  0,21% )
   <not supported>      cycles                                                      
   <not supported>      instructions                                                
   <not supported>      branches                                                    
   <not supported>      branch-misses                                               

           0,06539 +- 0,00279 seconds time elapsed  ( +-  4,27% )


 Performance counter stats for './mandelbrot_pth -0.188 -0.012 0.554 0.754 256 2' (5 runs):

            444,97 msec task-clock                #    1,763 CPUs utilized            ( +-  3,80% )
                20      context-switches          #    0,045 K/sec                    ( +-  7,07% )
                 1      cpu-migrations            #    0,002 K/sec                    ( +- 31,62% )
               711      page-faults               #    0,002 M/sec                    ( +-  0,07% )
   <not supported>      cycles                                                      
   <not supported>      instructions                                                
   <not supported>      branches                                                    
   <not supported>      branch-misses                                               

           0,25236 +- 0,00905 seconds time elapsed  ( +-  3,59% )


 Performance counter stats for './mandelbrot_pth -0.188 -0.012 0.554 0.754 512 2' (5 runs):

          1.439,79 msec task-clock                #    1,784 CPUs utilized            ( +-  9,56% )
                51      context-switches          #    0,036 K/sec                    ( +- 12,45% )
                 2      cpu-migrations            #    0,001 K/sec                    ( +- 25,00% )
             2.630      page-faults               #    0,002 M/sec                    ( +-  0,02% )
   <not supported>      cycles                                                      
   <not supported>      instructions                                                
   <not supported>      branches                                                    
   <not supported>      branch-misses                                               

            0,8069 +- 0,0752 seconds time elapsed  ( +-  9,33% )


 Performance counter stats for './mandelbrot_pth -0.188 -0.012 0.554 0.754 1024 2' (5 runs):

          2.265,27 msec task-clock                #    1,787 CPUs utilized            ( +-  3,55% )
                70      context-switches          #    0,031 K/sec                    ( +-  5,59% )
                 2      cpu-migrations            #    0,001 K/sec                    ( +- 11,11% )
            10.311      page-faults               #    0,005 M/sec                    ( +-  0,01% )
   <not supported>      cycles                                                      
   <not supported>      instructions                                                
   <not supported>      branches                                                    
   <not supported>      branch-misses                                               

            1,2676 +- 0,0434 seconds time elapsed  ( +-  3,42% )

