
 Performance counter stats for './mandelbrot_pth -0.188 -0.012 0.554 0.754 16 16' (5 runs):

              7,26 msec task-clock                #    1,082 CPUs utilized            ( +-  7,80% )
                15      context-switches          #    0,002 M/sec                    ( +- 10,54% )
                 1      cpu-migrations            #    0,165 K/sec                    ( +- 40,82% )
               101      page-faults               #    0,014 M/sec                    ( +-  0,24% )
   <not supported>      cycles                                                      
   <not supported>      instructions                                                
   <not supported>      branches                                                    
   <not supported>      branch-misses                                               

          0,006711 +- 0,000248 seconds time elapsed  ( +-  3,69% )


 Performance counter stats for './mandelbrot_pth -0.188 -0.012 0.554 0.754 32 16' (5 runs):

             10,46 msec task-clock                #    1,320 CPUs utilized            ( +-  2,01% )
                15      context-switches          #    0,001 M/sec                    ( +-  7,99% )
                 1      cpu-migrations            #    0,096 K/sec                    ( +- 44,72% )
               109      page-faults               #    0,010 M/sec                    ( +-  0,61% )
   <not supported>      cycles                                                      
   <not supported>      instructions                                                
   <not supported>      branches                                                    
   <not supported>      branch-misses                                               

         0,0079237 +- 0,0000652 seconds time elapsed  ( +-  0,82% )


 Performance counter stats for './mandelbrot_pth -0.188 -0.012 0.554 0.754 64 16' (5 runs):

             27,16 msec task-clock                #    1,580 CPUs utilized            ( +-  0,48% )
                17      context-switches          #    0,641 K/sec                    ( +-  2,30% )
                 1      cpu-migrations            #    0,029 K/sec                    ( +- 46,77% )
               139      page-faults               #    0,005 M/sec                    ( +-  0,48% )
   <not supported>      cycles                                                      
   <not supported>      instructions                                                
   <not supported>      branches                                                    
   <not supported>      branch-misses                                               

          0,017188 +- 0,000145 seconds time elapsed  ( +-  0,84% )


 Performance counter stats for './mandelbrot_pth -0.188 -0.012 0.554 0.754 128 16' (5 runs):

             96,31 msec task-clock                #    1,743 CPUs utilized            ( +-  0,46% )
                35      context-switches          #    0,365 K/sec                    ( +-  3,53% )
                 4      cpu-migrations            #    0,046 K/sec                    ( +-  9,09% )
               259      page-faults               #    0,003 M/sec                    ( +-  0,17% )
   <not supported>      cycles                                                      
   <not supported>      instructions                                                
   <not supported>      branches                                                    
   <not supported>      branch-misses                                               

          0,055263 +- 0,000253 seconds time elapsed  ( +-  0,46% )


 Performance counter stats for './mandelbrot_pth -0.188 -0.012 0.554 0.754 256 16' (5 runs):

            390,35 msec task-clock                #    1,769 CPUs utilized            ( +-  2,55% )
               116      context-switches          #    0,297 K/sec                    ( +-  2,86% )
                 6      cpu-migrations            #    0,015 K/sec                    ( +- 10,54% )
               740      page-faults               #    0,002 M/sec                    ( +-  0,12% )
   <not supported>      cycles                                                      
   <not supported>      instructions                                                
   <not supported>      branches                                                    
   <not supported>      branch-misses                                               

           0,22069 +- 0,00406 seconds time elapsed  ( +-  1,84% )


 Performance counter stats for './mandelbrot_pth -0.188 -0.012 0.554 0.754 512 16' (5 runs):

          1.582,63 msec task-clock                #    1,853 CPUs utilized            ( +-  0,81% )
               411      context-switches          #    0,260 K/sec                    ( +-  1,01% )
                 6      cpu-migrations            #    0,004 K/sec                    ( +- 11,79% )
             2.659      page-faults               #    0,002 M/sec                    ( +-  0,01% )
   <not supported>      cycles                                                      
   <not supported>      instructions                                                
   <not supported>      branches                                                    
   <not supported>      branch-misses                                               

           0,85389 +- 0,00657 seconds time elapsed  ( +-  0,77% )


 Performance counter stats for './mandelbrot_pth -0.188 -0.012 0.554 0.754 1024 16' (5 runs):

          6.295,75 msec task-clock                #    1,864 CPUs utilized            ( +-  0,90% )
             1.566      context-switches          #    0,249 K/sec                    ( +-  1,41% )
                 6      cpu-migrations            #    0,001 K/sec                    ( +- 14,83% )
            10.339      page-faults               #    0,002 M/sec                    ( +-  0,00% )
   <not supported>      cycles                                                      
   <not supported>      instructions                                                
   <not supported>      branches                                                    
   <not supported>      branch-misses                                               

            3,3779 +- 0,0265 seconds time elapsed  ( +-  0,78% )

